0.0,3383
0.0,3382
0.01,3381
0.01,3380
0.03,3379
0.04,3378
0.05,3377
0.06,3376
0.07,3375
0.09,3374
0.09,3373
0.1,3372
0.11,3371
0.12,3370
0.12,3369
0.13,3368
0.13,3367
0.14,3366
0.14,3365
0.15,3364
0.16,3363
0.16,3362
0.16,3361
0.17,3360
0.17,3359
0.17,3358
0.18,3357
0.18,3356
0.18,3355
0.19,3354
0.19,3353
0.19,3352
0.19,3351
0.2,3350
0.2,3349
0.2,3348
0.21,3347
0.21,3346
0.21,3345
0.21,3344
0.22,3343
0.22,3342
0.23,3341
0.23,3340
0.23,3339
0.23,3338
0.24,3337
0.24,3336
0.26,3335
0.27,3334
0.28,3333
0.3,3332
0.31,3331
0.32,3330
0.32,3329
0.35,3328
0.35,3327
0.36,3326
0.37,3325
0.37,3324
0.38,3323
0.38,3322
0.39,3321
0.4,3320
0.43,3319
0.43,3318
0.44,3317
0.44,3316
0.45,3315
0.48,3314
0.49,3313
0.5,3312
0.51,3311
0.53,3310
0.57,3309
0.68,3308
0.7,3307
0.71,3306
0.77,3305
0.84,3304
1.23,3303
