0.0,770
0.0,769
0.0,768
0.0,767
0.0,765
0.0,764
0.0,763
0.0,762
0.0,761
0.0,760
0.0,759
0.0,758
0.0,757
0.0,756
0.0,755
0.0,754
0.0,753
0.0,752
0.0,751
0.0,750
0.0,749
0.0,748
0.02,747
0.02,746
0.02,745
0.02,744
0.02,743
0.02,742
0.02,741
0.02,740
0.02,739
0.02,738
0.03,737
0.03,736
0.03,735
0.03,734
0.03,733
0.03,732
0.05,731
0.05,730
0.05,729
0.05,728
0.06,727
0.08,726
0.08,725
0.08,724
0.09,723
0.09,722
0.09,721
0.09,720
0.11,719
0.11,718
0.11,717
0.14,716
0.14,715
0.16,714
0.16,713
0.17,712
0.17,711
0.39,710
0.47,709
0.67,708
0.98,707
1.47,706
1.47,705
6.41,704
10.84,703
