0.0,652
0.0,651
0.0,650
0.0,649
0.0,648
0.0,647
0.0,646
0.02,645
0.02,644
0.02,643
0.02,642
0.02,641
0.02,640
0.02,639
0.02,638
0.02,637
0.02,636
0.02,635
0.03,634
0.03,633
0.03,632
0.03,631
0.03,630
0.03,629
0.03,628
0.04,627
0.04,626
0.04,624
0.04,623
0.04,622
0.04,621
0.06,620
0.06,619
0.06,618
0.06,617
0.06,616
0.06,615
0.08,614
0.08,613
0.08,612
0.08,611
0.09,610
0.09,609
0.09,608
0.09,607
0.11,606
0.11,605
0.12,604
0.12,603
0.12,602
0.12,601
0.14,600
0.14,599
0.18,598
0.22,597
0.26,596
0.29,595
0.42,594
