0.0,3995
0.03,3994
0.03,3993
0.05,3992
0.05,3991
0.07,3990
0.07,3989
0.08,3988
0.08,3987
0.08,3986
0.09,3985
0.14,3984
0.16,3983
0.16,3982
0.17,3981
0.17,3980
0.18,3979
0.18,3978
0.18,3977
0.18,3976
0.19,3975
0.19,3974
0.2,3973
0.22,3972
0.22,3971
0.22,3970
0.23,3969
0.24,3968
0.25,3967
0.25,3966
0.26,3965
0.26,3964
0.29,3963
0.3,3962
0.3,3961
0.32,3960
0.32,3959
0.35,3958
0.35,3957
0.36,3956
0.39,3955
0.39,3954
0.42,3953
0.46,3952
0.49,3951
0.54,3950
0.57,3949
0.58,3948
0.62,3947
0.62,3946
0.64,3945
0.64,3944
0.69,3943
0.75,3942
0.79,3941
0.81,3940
0.85,3939
0.88,3938
0.98,3937
1.14,3936
1.14,3935
1.14,3934
1.18,3933
1.18,3932
1.55,3931
1.57,3930
1.62,3929
1.62,3928
1.79,3927
2.15,3926
