0.0,2346
0.0,2345
0.02,2344
0.02,2343
0.02,2342
0.02,2341
0.02,2340
0.03,2339
0.03,2338
0.03,2337
0.05,2336
0.06,2335
0.06,2334
0.06,2333
0.06,2332
0.08,2331
0.08,2330
0.08,2329
0.09,2328
0.09,2327
0.09,2326
0.11,2325
0.11,2324
0.11,2323
0.11,2322
0.11,2321
0.11,2320
0.13,2319
0.13,2318
0.13,2317
0.13,2316
0.14,2315
0.14,2314
0.16,2313
0.16,2312
0.17,2311
0.17,2310
0.19,2309
0.19,2308
0.19,2307
0.19,2306
0.19,2305
0.19,2304
0.2,2303
0.2,2302
0.2,2301
0.2,2300
0.2,2299
0.2,2298
0.2,2297
0.2,2296
0.22,2295
0.22,2294
0.22,2293
0.22,2292
0.23,2291
0.23,2290
0.23,2289
0.23,2288
0.23,2287
0.25,2286
0.25,2285
0.25,2284
0.25,2283
0.25,2282
0.25,2281
0.27,2280
0.27,2279
0.28,2278
0.28,2277
0.3,2276
0.3,2275
0.3,2274
0.3,2273
0.3,2272
0.3,2271
0.31,2270
0.31,2269
0.31,2268
0.31,2267
0.33,2266
0.33,2265
0.33,2264
0.33,2263
0.33,2262
0.33,2261
0.33,2260
0.34,2259
0.34,2258
0.36,2257
0.36,2256
0.36,2255
0.38,2254
0.38,2253
0.38,2252
0.38,2251
0.39,2250
0.39,2249
0.39,2248
0.39,2247
0.41,2246
0.41,2245
0.42,2244
0.42,2243
0.42,2242
0.42,2241
0.42,2240
0.42,2239
0.42,2238
0.42,2237
0.42,2236
0.42,2235
0.44,2234
0.44,2233
0.45,2232
0.45,2231
0.47,2230
0.47,2229
0.48,2228
0.48,2227
0.48,2226
0.48,2225
0.48,2224
0.48,2223
0.55,2222
0.55,2221
0.55,2220
0.61,2219
0.64,2218
0.73,2217
0.73,2216
0.75,2215
0.75,2214
0.8,2213
0.8,2212
0.83,2211
0.83,2210
0.88,2209
0.98,2208
0.98,2207
0.98,2206
0.98,2205
1.11,2204
4.4,2203
