0.0,2346
0.0,2345
0.01,2344
0.01,2342
0.01,2341
0.02,2340
0.02,2339
0.03,2338
0.04,2337
0.04,2336
0.04,2335
0.04,2334
0.04,2333
0.05,2332
0.05,2331
0.05,2330
0.06,2329
0.08,2328
0.08,2327
0.08,2326
0.08,2325
0.09,2324
0.1,2323
0.1,2322
0.1,2321
0.11,2320
0.11,2319
0.11,2317
0.11,2316
0.12,2315
0.12,2314
0.12,2313
0.12,2312
0.12,2311
0.12,2310
0.13,2309
0.13,2308
0.13,2307
0.14,2306
0.14,2305
0.14,2304
0.15,2303
0.15,2302
0.15,2301
0.15,2300
0.15,2299
0.16,2298
0.16,2297
0.16,2296
0.16,2295
0.16,2294
0.16,2293
0.17,2292
0.17,2291
0.17,2290
0.17,2289
0.17,2288
0.18,2287
0.18,2286
0.18,2285
0.19,2284
0.19,2283
0.19,2282
0.19,2281
0.19,2280
0.19,2279
0.2,2278
0.2,2277
0.2,2276
0.2,2275
0.2,2274
0.21,2273
0.21,2272
0.21,2271
0.22,2270
0.22,2269
0.22,2268
0.23,2267
0.23,2266
0.23,2265
0.23,2264
0.24,2263
0.24,2262
0.26,2261
0.26,2260
0.26,2259
0.27,2258
0.27,2257
0.27,2256
0.28,2255
0.28,2254
0.28,2253
0.3,2252
0.31,2251
0.32,2250
0.33,2249
0.33,2248
0.34,2247
0.34,2246
0.36,2245
0.37,2244
0.37,2243
0.37,2242
0.38,2241
0.39,2240
0.43,2239
0.43,2238
0.44,2237
0.46,2236
0.48,2235
0.51,2234
0.51,2233
0.51,2232
0.52,2231
0.53,2230
0.53,2229
0.56,2228
0.58,2227
0.58,2226
0.58,2225
0.61,2224
0.61,2223
0.65,2222
0.66,2221
0.66,2220
0.68,2219
0.73,2218
0.73,2217
0.86,2216
0.87,2215
0.97,2214
1.01,2213
1.01,2212
1.05,2211
1.13,2210
1.29,2209
1.29,2208
1.85,2207
2.39,2206
3.46,2205
4.86,2204
6.71,2203
