0.0,2346
0.01,2345
0.01,2344
0.01,2343
0.02,2342
0.02,2341
0.02,2340
0.02,2339
0.02,2338
0.02,2337
0.03,2336
0.03,2335
0.03,2334
0.03,2333
0.03,2332
0.03,2331
0.03,2330
0.03,2329
0.03,2328
0.03,2327
0.04,2326
0.04,2325
0.04,2324
0.04,2323
0.04,2322
0.05,2321
0.05,2320
0.05,2319
0.05,2318
0.05,2317
0.05,2316
0.05,2315
0.05,2314
0.06,2313
0.06,2312
0.06,2311
0.06,2310
0.07,2309
0.07,2308
0.07,2307
0.07,2306
0.07,2305
0.08,2304
0.09,2303
0.09,2302
0.09,2301
0.11,2300
0.11,2299
0.11,2298
0.12,2297
0.12,2296
0.12,2295
0.13,2294
0.13,2293
0.13,2292
0.14,2291
0.14,2290
0.14,2289
0.16,2288
0.16,2287
0.16,2286
0.16,2285
0.16,2284
0.17,2283
0.17,2282
0.17,2281
0.17,2280
0.18,2279
0.18,2278
0.18,2277
0.18,2276
0.19,2275
0.19,2274
0.19,2273
0.19,2272
0.19,2271
0.2,2270
0.2,2269
0.21,2268
0.21,2267
0.21,2266
0.21,2265
0.22,2264
0.22,2263
0.22,2262
0.22,2261
0.22,2260
0.22,2259
0.23,2258
0.24,2257
0.25,2256
0.25,2255
0.25,2254
0.26,2253
0.27,2252
0.27,2251
0.28,2250
0.28,2249
0.28,2248
0.28,2247
0.29,2246
0.29,2245
0.29,2244
0.29,2243
0.3,2242
0.3,2241
0.31,2240
0.32,2239
0.33,2238
0.34,2237
0.34,2236
0.35,2235
0.35,2234
0.35,2233
0.36,2232
0.36,2231
0.36,2230
0.4,2229
0.4,2228
0.4,2227
0.4,2226
0.4,2225
0.4,2224
0.4,2223
0.46,2222
0.48,2221
0.48,2220
0.49,2219
0.49,2218
0.49,2217
0.6,2216
0.6,2215
0.6,2214
0.6,2213
0.78,2212
0.8,2211
0.8,2210
0.85,2209
0.85,2208
1.05,2207
1.06,2206
1.49,2205
3.31,2204
18.47,2203
