0.0,2346
0.0,2345
0.0,2344
0.0,2343
0.0,2342
0.02,2341
0.02,2340
0.02,2339
0.02,2338
0.02,2337
0.02,2336
0.03,2335
0.03,2334
0.03,2333
0.03,2332
0.03,2331
0.03,2330
0.03,2329
0.03,2328
0.03,2327
0.03,2326
0.03,2325
0.05,2324
0.05,2323
0.05,2322
0.05,2321
0.05,2320
0.05,2319
0.05,2318
0.05,2317
0.05,2316
0.05,2315
0.05,2314
0.05,2313
0.05,2312
0.05,2311
0.05,2310
0.05,2309
0.05,2308
0.05,2307
0.06,2306
0.06,2305
0.06,2304
0.06,2303
0.06,2302
0.08,2301
0.08,2300
0.08,2299
0.09,2298
0.09,2297
0.09,2296
0.09,2295
0.09,2294
0.11,2293
0.11,2292
0.11,2291
0.11,2290
0.11,2289
0.11,2288
0.11,2287
0.11,2286
0.11,2285
0.12,2284
0.12,2283
0.12,2282
0.12,2281
0.12,2280
0.12,2279
0.12,2278
0.12,2277
0.12,2276
0.14,2275
0.14,2274
0.14,2273
0.14,2272
0.14,2271
0.14,2270
0.14,2269
0.14,2268
0.14,2267
0.16,2266
0.16,2265
0.16,2264
0.16,2263
0.16,2262
0.16,2261
0.17,2260
0.17,2259
0.17,2258
0.17,2257
0.19,2256
0.19,2255
0.19,2254
0.19,2253
0.19,2252
0.2,2251
0.2,2250
0.2,2249
0.22,2248
0.22,2247
0.23,2246
0.25,2245
0.27,2244
0.28,2243
0.38,2242
0.39,2241
0.39,2240
0.39,2239
0.39,2238
0.41,2237
0.41,2236
0.41,2235
0.47,2234
0.47,2233
0.47,2232
0.48,2231
0.48,2230
0.5,2229
0.53,2228
0.53,2227
0.59,2226
0.59,2225
0.59,2224
0.59,2223
0.66,2222
0.78,2221
0.78,2220
0.78,2219
0.81,2218
0.81,2217
0.91,2216
0.97,2215
1.17,2214
1.17,2213
1.23,2212
1.31,2211
1.31,2210
1.45,2209
1.91,2208
2.13,2207
2.33,2206
4.69,2205
6.2,2204
14.28,2203
