0.0,2346
0.01,2345
0.01,2344
0.01,2343
0.01,2342
0.02,2341
0.03,2340
0.03,2339
0.03,2338
0.04,2337
0.04,2336
0.04,2335
0.04,2334
0.04,2333
0.04,2332
0.04,2331
0.05,2330
0.05,2329
0.05,2328
0.05,2327
0.05,2326
0.06,2325
0.06,2324
0.06,2323
0.06,2322
0.06,2321
0.06,2320
0.06,2319
0.06,2318
0.07,2317
0.07,2316
0.08,2315
0.08,2314
0.08,2313
0.08,2312
0.08,2311
0.08,2310
0.09,2309
0.09,2308
0.09,2307
0.09,2306
0.09,2305
0.09,2304
0.1,2303
0.1,2302
0.11,2301
0.11,2300
0.11,2299
0.11,2298
0.12,2297
0.12,2296
0.12,2295
0.13,2294
0.13,2293
0.13,2292
0.13,2291
0.13,2290
0.14,2289
0.14,2288
0.15,2287
0.15,2286
0.15,2285
0.15,2284
0.16,2283
0.16,2282
0.16,2281
0.16,2280
0.17,2279
0.17,2278
0.18,2277
0.18,2276
0.18,2275
0.18,2274
0.19,2273
0.19,2272
0.2,2271
0.2,2270
0.2,2269
0.21,2268
0.21,2267
0.21,2266
0.21,2265
0.22,2264
0.22,2263
0.22,2262
0.22,2261
0.22,2260
0.23,2259
0.23,2258
0.23,2257
0.23,2256
0.24,2255
0.24,2254
0.25,2253
0.25,2252
0.25,2251
0.27,2250
0.27,2249
0.27,2248
0.27,2247
0.28,2246
0.28,2245
0.29,2244
0.3,2243
0.3,2242
0.3,2241
0.32,2240
0.32,2239
0.32,2238
0.33,2237
0.33,2236
0.33,2235
0.35,2234
0.36,2233
0.37,2232
0.39,2231
0.39,2230
0.4,2229
0.4,2228
0.47,2227
0.48,2226
0.48,2225
0.48,2224
0.48,2223
0.49,2222
0.57,2221
0.57,2220
0.61,2219
0.67,2218
0.67,2217
0.68,2216
0.84,2215
0.85,2214
0.91,2213
1.05,2212
1.05,2211
1.14,2210
1.22,2209
1.23,2208
1.41,2207
1.83,2206
2.62,2205
2.74,2204
3.28,2203
