0.0,2346
0.0,2345
0.0,2344
0.0,2343
0.01,2342
0.01,2341
0.01,2340
0.01,2339
0.02,2338
0.02,2337
0.02,2336
0.02,2335
0.02,2334
0.02,2333
0.02,2332
0.02,2331
0.02,2330
0.03,2329
0.03,2328
0.03,2327
0.03,2326
0.03,2325
0.04,2324
0.04,2323
0.04,2322
0.04,2321
0.04,2320
0.04,2319
0.04,2318
0.04,2317
0.05,2316
0.05,2315
0.05,2314
0.05,2313
0.05,2312
0.05,2311
0.05,2310
0.05,2309
0.05,2308
0.06,2307
0.06,2306
0.06,2305
0.06,2304
0.07,2303
0.07,2302
0.08,2301
0.08,2300
0.08,2299
0.08,2298
0.08,2297
0.08,2296
0.09,2295
0.1,2294
0.1,2293
0.1,2292
0.1,2291
0.11,2290
0.11,2289
0.11,2288
0.11,2287
0.11,2286
0.11,2285
0.11,2284
0.11,2283
0.12,2282
0.12,2281
0.12,2280
0.13,2279
0.13,2278
0.13,2277
0.13,2276
0.13,2275
0.14,2274
0.14,2273
0.14,2272
0.15,2271
0.15,2270
0.16,2269
0.16,2268
0.17,2267
0.17,2266
0.17,2265
0.18,2264
0.19,2263
0.19,2262
0.19,2261
0.2,2260
0.2,2259
0.21,2258
0.22,2257
0.22,2256
0.23,2255
0.24,2254
0.24,2252
0.24,2251
0.27,2250
0.27,2249
0.27,2248
0.28,2247
0.28,2246
0.3,2245
0.31,2244
0.31,2243
0.35,2242
0.35,2241
0.37,2240
0.38,2239
0.4,2238
0.4,2237
0.4,2236
0.4,2235
0.4,2234
0.42,2233
0.42,2232
0.43,2231
0.43,2230
0.43,2229
0.46,2228
0.46,2227
0.46,2226
0.55,2225
0.55,2224
0.56,2223
0.58,2222
0.58,2221
0.65,2220
0.67,2219
0.68,2218
0.71,2217
0.76,2216
0.76,2215
0.88,2214
0.97,2213
0.97,2212
1.06,2211
1.07,2210
1.13,2209
1.33,2208
1.48,2207
1.48,2206
1.72,2205
2.43,2204
9.64,2203
