0.0,2346
0.01,2345
0.01,2344
0.01,2343
0.01,2342
0.02,2341
0.02,2340
0.02,2339
0.02,2338
0.03,2337
0.03,2336
0.03,2335
0.03,2334
0.04,2333
0.04,2332
0.04,2331
0.04,2330
0.04,2329
0.05,2328
0.05,2327
0.05,2326
0.05,2325
0.05,2324
0.06,2323
0.06,2322
0.06,2321
0.06,2320
0.06,2319
0.06,2318
0.07,2317
0.07,2316
0.07,2315
0.07,2314
0.07,2313
0.08,2312
0.08,2311
0.08,2310
0.09,2309
0.09,2308
0.09,2307
0.09,2306
0.09,2305
0.1,2304
0.1,2303
0.1,2302
0.1,2301
0.11,2300
0.11,2299
0.11,2298
0.11,2297
0.11,2296
0.12,2295
0.12,2294
0.12,2293
0.12,2292
0.13,2291
0.13,2290
0.14,2289
0.14,2288
0.14,2287
0.14,2286
0.14,2285
0.15,2284
0.15,2283
0.15,2282
0.15,2281
0.15,2280
0.16,2279
0.16,2278
0.16,2277
0.17,2276
0.17,2275
0.17,2274
0.17,2273
0.18,2272
0.18,2271
0.18,2270
0.19,2269
0.19,2268
0.19,2267
0.19,2266
0.22,2265
0.22,2264
0.22,2263
0.22,2262
0.22,2261
0.23,2260
0.23,2259
0.25,2258
0.25,2257
0.25,2256
0.29,2255
0.29,2254
0.31,2253
0.31,2252
0.32,2251
0.32,2250
0.33,2249
0.34,2248
0.35,2247
0.35,2246
0.35,2245
0.35,2244
0.35,2243
0.35,2242
0.35,2241
0.36,2240
0.36,2239
0.36,2238
0.38,2237
0.4,2236
0.4,2235
0.4,2234
0.4,2233
0.44,2232
0.45,2231
0.45,2230
0.47,2229
0.5,2228
0.5,2227
0.55,2226
0.55,2225
0.56,2224
0.63,2223
0.63,2222
0.63,2221
0.63,2220
0.66,2219
0.66,2218
0.66,2217
0.66,2216
0.78,2215
0.97,2214
1.04,2213
1.25,2212
1.25,2211
1.47,2210
1.64,2209
1.8,2208
1.9,2207
2.34,2206
3.05,2205
4.2,2204
4.76,2203
