0.0,2346
0.01,2345
0.01,2344
0.01,2343
0.02,2342
0.02,2341
0.02,2340
0.02,2339
0.03,2338
0.04,2337
0.04,2336
0.04,2335
0.04,2334
0.05,2333
0.05,2332
0.05,2331
0.05,2330
0.05,2329
0.05,2328
0.06,2327
0.06,2326
0.06,2325
0.06,2324
0.06,2323
0.06,2322
0.07,2321
0.07,2320
0.07,2319
0.07,2318
0.07,2317
0.07,2316
0.08,2315
0.09,2314
0.09,2313
0.09,2312
0.1,2311
0.1,2310
0.1,2309
0.12,2308
0.13,2307
0.14,2306
0.14,2305
0.14,2304
0.15,2303
0.15,2302
0.15,2301
0.16,2300
0.16,2299
0.16,2298
0.16,2297
0.17,2296
0.17,2295
0.18,2294
0.18,2293
0.18,2292
0.18,2291
0.19,2290
0.19,2289
0.19,2288
0.19,2287
0.2,2286
0.2,2285
0.2,2283
0.2,2282
0.2,2281
0.2,2280
0.21,2279
0.21,2278
0.22,2277
0.22,2276
0.22,2275
0.22,2274
0.23,2273
0.24,2272
0.24,2271
0.25,2270
0.25,2269
0.25,2268
0.25,2267
0.26,2266
0.26,2265
0.27,2264
0.27,2263
0.27,2262
0.28,2261
0.28,2260
0.29,2259
0.29,2258
0.29,2257
0.29,2256
0.29,2255
0.3,2254
0.3,2253
0.3,2252
0.31,2251
0.32,2250
0.33,2249
0.33,2248
0.34,2247
0.34,2246
0.35,2245
0.36,2244
0.37,2243
0.38,2242
0.39,2241
0.4,2240
0.4,2239
0.4,2238
0.41,2237
0.41,2236
0.41,2235
0.41,2234
0.44,2233
0.44,2232
0.44,2231
0.44,2230
0.47,2229
0.47,2228
0.47,2227
0.47,2226
0.49,2225
0.55,2224
0.55,2223
0.59,2222
0.59,2221
0.63,2220
0.77,2219
0.94,2218
0.99,2217
0.99,2216
1.06,2215
1.06,2214
1.22,2213
1.26,2212
1.26,2211
1.37,2210
1.48,2209
2.32,2208
2.55,2207
4.9,2206
6.79,2205
7.6,2204
19.06,2203
