0.0,2346
0.31,2271
37.06,2270
39.66,2269
45.44,2268
51.19,2267
51.81,2266
54.31,2265
61.22,2264
63.42,2263
64.36,2262
74.72,2261
76.28,2260
79.42,2259
84.77,2258
85.08,2257
96.09,2256
98.31,2255
99.89,2254
103.69,2253
148.86,2252
153.63,2251
154.25,2250
161.86,2249
163.85,2248
164.88,2247
176.0,2246
184.58,2245
224.03,2244
238.72,2243
266.8,2242
283.11,2241
284.38,2240
286.61,2239
296.61,2238
299.21,2237
305.93,2236
311.04,2235
311.69,2234
323.54,2233
340.52,2232
383.38,2231
383.71,2230
401.02,2229
403.6,2228
405.83,2227
438.79,2226
450.37,2225
491.57,2224
513.19,2223
513.52,2222
554.48,2221
584.27,2220
