0.0,2346
0.0,2345
0.01,2344
0.01,2343
0.01,2342
0.01,2341
0.01,2340
0.01,2339
0.02,2338
0.02,2337
0.02,2336
0.03,2335
0.03,2334
0.03,2333
0.03,2332
0.03,2331
0.03,2330
0.03,2329
0.04,2328
0.04,2327
0.04,2326
0.05,2325
0.05,2324
0.05,2323
0.05,2322
0.05,2321
0.06,2320
0.06,2319
0.06,2318
0.06,2317
0.06,2316
0.07,2315
0.07,2314
0.07,2313
0.07,2312
0.08,2311
0.08,2310
0.09,2309
0.09,2308
0.09,2307
0.09,2306
0.1,2305
0.1,2304
0.1,2303
0.1,2302
0.1,2301
0.11,2300
0.11,2299
0.11,2298
0.11,2297
0.11,2296
0.11,2295
0.11,2294
0.12,2293
0.12,2292
0.12,2291
0.12,2290
0.12,2289
0.12,2288
0.13,2287
0.13,2286
0.13,2285
0.13,2284
0.13,2283
0.14,2282
0.14,2281
0.14,2280
0.14,2279
0.14,2278
0.15,2277
0.15,2276
0.15,2275
0.15,2274
0.16,2273
0.16,2272
0.17,2271
0.17,2270
0.17,2269
0.17,2268
0.17,2267
0.17,2266
0.18,2265
0.18,2264
0.19,2263
0.19,2262
0.2,2261
0.2,2260
0.22,2259
0.22,2258
0.24,2257
0.24,2256
0.25,2255
0.25,2254
0.26,2253
0.26,2252
0.27,2251
0.27,2250
0.28,2249
0.3,2248
0.3,2247
0.32,2246
0.34,2245
0.35,2244
0.35,2243
0.36,2242
0.36,2241
0.36,2240
0.37,2239
0.42,2238
0.43,2237
0.45,2236
0.5,2235
0.51,2234
0.52,2233
0.52,2232
0.55,2231
0.56,2230
0.56,2229
0.57,2228
0.65,2227
0.65,2226
0.65,2225
0.72,2224
0.72,2223
0.77,2222
0.77,2221
0.79,2220
0.79,2219
0.84,2218
0.96,2217
0.96,2216
0.96,2215
1.0,2214
1.08,2213
1.24,2212
1.8,2211
1.82,2210
1.9,2209
2.01,2208
2.3,2207
2.49,2206
3.0,2205
4.6,2204
7.86,2203
