0.0,2346
0.02,2345
0.02,2344
0.02,2343
0.02,2342
0.02,2341
0.02,2340
0.02,2339
0.02,2338
0.02,2337
0.03,2336
0.03,2335
0.03,2334
0.03,2333
0.03,2332
0.03,2331
0.03,2330
0.03,2329
0.03,2328
0.03,2327
0.03,2326
0.03,2325
0.05,2324
0.05,2323
0.05,2322
0.05,2321
0.05,2320
0.05,2319
0.05,2318
0.05,2317
0.05,2316
0.05,2315
0.05,2314
0.05,2313
0.05,2312
0.05,2311
0.06,2310
0.06,2309
0.06,2308
0.06,2307
0.06,2306
0.06,2305
0.06,2304
0.06,2303
0.08,2302
0.08,2301
0.08,2300
0.08,2299
0.08,2298
0.08,2297
0.08,2296
0.08,2294
0.08,2293
0.08,2292
0.08,2291
0.09,2290
0.09,2289
0.09,2288
0.09,2287
0.09,2286
0.09,2285
0.11,2284
0.11,2283
0.11,2282
0.11,2281
0.11,2280
0.11,2279
0.11,2278
0.11,2277
0.11,2276
0.11,2275
0.11,2274
0.13,2273
0.13,2272
0.13,2271
0.13,2270
0.13,2269
0.13,2268
0.14,2267
0.14,2266
0.16,2265
0.16,2264
0.16,2263
0.16,2262
0.17,2261
0.17,2260
0.17,2259
0.17,2258
0.17,2257
0.19,2256
0.19,2255
0.2,2254
0.2,2253
0.22,2252
0.22,2251
0.22,2250
0.23,2249
0.23,2248
0.23,2247
0.25,2246
0.25,2245
0.25,2244
0.27,2243
0.27,2242
0.27,2241
0.28,2240
0.28,2239
0.3,2238
0.3,2237
0.3,2236
0.31,2235
0.31,2234
0.31,2233
0.33,2232
0.33,2231
0.33,2230
0.33,2229
0.34,2228
0.34,2227
0.34,2226
0.34,2225
0.38,2224
0.39,2223
0.39,2222
0.41,2221
0.45,2220
0.56,2219
0.56,2218
0.69,2217
0.69,2216
0.73,2215
0.77,2214
1.06,2213
1.06,2212
1.06,2211
1.23,2210
1.23,2209
1.31,2208
1.33,2207
1.38,2206
1.95,2205
3.88,2204
13.0,2203
