0.0,2346
0.0,2345
0.01,2344
0.01,2343
0.01,2342
0.01,2341
0.02,2340
0.02,2339
0.02,2338
0.03,2337
0.03,2336
0.03,2335
0.03,2334
0.03,2333
0.03,2332
0.03,2331
0.04,2330
0.04,2329
0.04,2328
0.04,2327
0.05,2326
0.05,2325
0.05,2324
0.05,2323
0.05,2322
0.05,2321
0.05,2320
0.06,2319
0.06,2318
0.06,2317
0.06,2316
0.06,2315
0.07,2314
0.07,2313
0.07,2312
0.07,2311
0.07,2310
0.07,2309
0.07,2308
0.08,2307
0.08,2306
0.08,2305
0.08,2304
0.08,2303
0.09,2302
0.09,2301
0.09,2300
0.09,2299
0.09,2298
0.09,2297
0.1,2296
0.1,2295
0.1,2294
0.1,2293
0.11,2292
0.11,2291
0.11,2290
0.11,2289
0.12,2288
0.12,2287
0.12,2286
0.12,2285
0.12,2284
0.12,2283
0.12,2282
0.13,2281
0.13,2280
0.13,2279
0.13,2278
0.13,2277
0.13,2276
0.13,2275
0.13,2274
0.15,2273
0.15,2272
0.15,2271
0.15,2270
0.17,2269
0.17,2268
0.17,2267
0.18,2266
0.18,2265
0.19,2264
0.19,2263
0.19,2262
0.2,2261
0.2,2260
0.2,2259
0.21,2258
0.21,2257
0.21,2256
0.21,2255
0.22,2254
0.22,2253
0.22,2252
0.23,2251
0.24,2250
0.24,2249
0.25,2248
0.26,2247
0.27,2246
0.28,2245
0.28,2244
0.29,2243
0.29,2242
0.3,2241
0.3,2240
0.32,2239
0.32,2238
0.32,2237
0.32,2236
0.34,2235
0.37,2234
0.39,2233
0.39,2232
0.39,2231
0.42,2230
0.42,2229
0.48,2228
0.48,2227
0.51,2226
0.51,2225
0.59,2224
0.59,2223
0.59,2222
0.59,2221
0.68,2220
0.73,2219
0.77,2218
0.77,2217
0.77,2216
0.8,2215
0.8,2214
1.0,2213
1.01,2212
1.29,2211
1.33,2210
1.33,2209
1.33,2208
1.46,2207
2.43,2206
2.67,2205
4.69,2204
13.78,2203
