0.0,2346
0.0,2345
0.0,2344
0.0,2343
0.0,2342
0.0,2341
0.02,2340
0.02,2339
0.02,2338
0.02,2337
0.02,2336
0.02,2334
0.03,2333
0.03,2332
0.03,2331
0.03,2330
0.03,2329
0.03,2328
0.03,2327
0.05,2326
0.05,2325
0.06,2324
0.06,2323
0.06,2322
0.06,2321
0.06,2320
0.06,2319
0.06,2318
0.06,2317
0.08,2316
0.08,2315
0.08,2314
0.08,2313
0.08,2312
0.08,2311
0.08,2310
0.08,2309
0.09,2308
0.09,2307
0.09,2306
0.09,2305
0.09,2304
0.09,2303
0.09,2302
0.09,2301
0.09,2300
0.11,2299
0.11,2298
0.11,2297
0.11,2296
0.11,2295
0.11,2294
0.11,2293
0.12,2292
0.12,2291
0.12,2290
0.12,2289
0.12,2288
0.12,2287
0.12,2286
0.12,2285
0.14,2284
0.14,2283
0.14,2282
0.14,2281
0.14,2280
0.14,2279
0.16,2278
0.16,2277
0.16,2276
0.16,2275
0.16,2274
0.16,2273
0.16,2272
0.16,2271
0.16,2270
0.16,2269
0.17,2268
0.17,2267
0.17,2266
0.17,2265
0.19,2264
0.19,2263
0.2,2262
0.2,2261
0.2,2260
0.2,2259
0.22,2258
0.22,2257
0.22,2256
0.22,2255
0.22,2254
0.23,2253
0.23,2252
0.23,2251
0.25,2250
0.25,2249
0.25,2248
0.27,2247
0.27,2246
0.29,2245
0.29,2244
0.29,2243
0.29,2242
0.29,2241
0.29,2240
0.3,2239
0.3,2238
0.3,2237
0.32,2236
0.33,2235
0.33,2234
0.37,2233
0.43,2232
0.44,2231
0.46,2230
0.46,2229
0.51,2228
0.52,2227
0.54,2226
0.58,2225
0.6,2224
0.65,2223
0.65,2222
0.68,2221
0.69,2220
0.69,2219
0.77,2218
0.8,2217
0.8,2216
0.85,2215
0.91,2214
0.91,2213
0.91,2212
1.52,2211
1.57,2210
2.52,2209
3.08,2208
3.17,2207
3.33,2206
3.61,2205
8.58,2204
40.97,2203
