0.0,2346
0.0,2345
0.0,2344
0.0,2343
0.0,2342
0.02,2341
0.02,2340
0.02,2339
0.02,2338
0.02,2337
0.02,2336
0.02,2335
0.03,2334
0.03,2333
0.03,2332
0.03,2331
0.03,2330
0.03,2329
0.05,2328
0.05,2327
0.05,2326
0.05,2325
0.05,2324
0.05,2323
0.05,2322
0.05,2321
0.05,2320
0.05,2319
0.05,2318
0.06,2317
0.06,2316
0.06,2315
0.06,2314
0.06,2313
0.06,2312
0.06,2311
0.08,2310
0.08,2309
0.08,2308
0.08,2307
0.08,2306
0.08,2305
0.08,2304
0.08,2303
0.08,2302
0.08,2301
0.08,2300
0.09,2299
0.09,2298
0.09,2297
0.09,2296
0.09,2295
0.11,2294
0.11,2293
0.11,2292
0.11,2291
0.11,2290
0.11,2289
0.11,2288
0.12,2287
0.12,2286
0.12,2285
0.12,2284
0.12,2283
0.12,2282
0.14,2281
0.14,2280
0.14,2279
0.14,2278
0.14,2277
0.14,2276
0.14,2275
0.14,2274
0.14,2273
0.14,2272
0.16,2271
0.16,2270
0.16,2269
0.16,2268
0.16,2267
0.16,2266
0.17,2265
0.17,2264
0.17,2263
0.17,2262
0.19,2261
0.19,2260
0.19,2259
0.19,2258
0.19,2257
0.2,2256
0.2,2255
0.2,2254
0.2,2253
0.2,2252
0.2,2251
0.2,2250
0.2,2249
0.22,2248
0.22,2247
0.22,2246
0.23,2245
0.27,2244
0.27,2243
0.27,2242
0.28,2241
0.31,2240
0.33,2239
0.36,2238
0.37,2237
0.37,2236
0.41,2235
0.44,2234
0.45,2233
0.47,2232
0.47,2231
0.47,2230
0.47,2229
0.48,2228
0.55,2227
0.56,2226
0.56,2225
0.74,2224
0.78,2223
0.82,2222
0.82,2221
0.82,2220
0.91,2219
0.91,2218
0.93,2217
1.01,2216
1.01,2215
1.35,2214
1.57,2213
1.57,2212
1.71,2211
1.77,2210
1.83,2209
2.33,2208
2.47,2207
2.79,2206
4.41,2205
5.51,2204
13.24,2203
