0.0,2346
0.0,2345
0.0,2344
0.0,2343
0.0,2342
0.0,2341
0.0,2340
0.02,2339
0.02,2338
0.02,2337
0.02,2336
0.02,2335
0.02,2334
0.02,2333
0.02,2332
0.02,2331
0.03,2330
0.03,2329
0.03,2328
0.03,2327
0.03,2326
0.03,2325
0.03,2324
0.03,2323
0.03,2322
0.03,2321
0.03,2320
0.03,2319
0.05,2318
0.05,2317
0.05,2316
0.05,2315
0.05,2314
0.05,2313
0.05,2312
0.05,2311
0.05,2310
0.05,2309
0.05,2308
0.06,2307
0.06,2306
0.06,2305
0.06,2304
0.06,2303
0.06,2302
0.06,2301
0.06,2300
0.06,2299
0.06,2298
0.08,2297
0.08,2296
0.08,2295
0.08,2294
0.08,2293
0.08,2292
0.08,2291
0.08,2290
0.09,2289
0.09,2288
0.09,2287
0.09,2286
0.09,2285
0.09,2284
0.09,2283
0.11,2282
0.11,2281
0.11,2280
0.11,2279
0.13,2278
0.13,2277
0.13,2276
0.13,2275
0.13,2274
0.13,2273
0.13,2272
0.13,2271
0.13,2270
0.13,2269
0.14,2268
0.14,2267
0.16,2266
0.16,2265
0.16,2264
0.16,2263
0.16,2262
0.16,2261
0.16,2260
0.17,2259
0.17,2258
0.17,2257
0.19,2256
0.19,2255
0.19,2254
0.19,2253
0.2,2252
0.2,2251
0.2,2250
0.22,2249
0.22,2248
0.22,2247
0.22,2246
0.23,2245
0.23,2244
0.27,2243
0.27,2242
0.27,2241
0.27,2240
0.27,2239
0.27,2238
0.27,2237
0.28,2236
0.28,2235
0.28,2234
0.36,2233
0.38,2232
0.38,2231
0.38,2230
0.39,2229
0.39,2228
0.39,2227
0.41,2226
0.41,2225
0.44,2224
0.44,2223
0.52,2222
0.52,2221
0.52,2220
0.56,2219
0.59,2218
0.59,2217
0.61,2216
0.66,2215
0.81,2214
0.81,2213
0.86,2212
0.91,2211
0.91,2210
1.27,2209
1.47,2208
1.73,2207
2.16,2206
2.95,2205
12.89,2204
18.41,2203
