0.0,2346
0.0,2345
0.0,2344
0.01,2343
0.01,2342
0.01,2341
0.01,2340
0.02,2339
0.02,2338
0.02,2337
0.02,2336
0.02,2335
0.03,2334
0.03,2333
0.03,2332
0.03,2331
0.04,2330
0.04,2329
0.04,2328
0.04,2327
0.04,2326
0.04,2325
0.04,2324
0.05,2323
0.05,2322
0.05,2321
0.06,2320
0.06,2319
0.06,2318
0.06,2317
0.06,2316
0.06,2315
0.06,2314
0.06,2312
0.06,2311
0.07,2310
0.07,2309
0.07,2308
0.07,2307
0.07,2306
0.07,2305
0.08,2304
0.08,2303
0.08,2302
0.08,2301
0.08,2300
0.08,2299
0.08,2298
0.09,2297
0.09,2296
0.09,2295
0.1,2294
0.1,2293
0.11,2292
0.11,2291
0.11,2290
0.11,2289
0.11,2288
0.11,2287
0.11,2286
0.12,2285
0.12,2284
0.12,2283
0.13,2282
0.14,2281
0.14,2280
0.14,2279
0.14,2278
0.15,2277
0.15,2276
0.15,2275
0.15,2274
0.15,2273
0.16,2272
0.16,2271
0.16,2270
0.16,2269
0.16,2268
0.16,2267
0.17,2266
0.18,2265
0.18,2264
0.18,2263
0.18,2262
0.19,2261
0.19,2260
0.19,2259
0.2,2258
0.2,2257
0.21,2256
0.21,2255
0.21,2254
0.22,2253
0.23,2252
0.24,2251
0.24,2250
0.25,2249
0.25,2248
0.25,2247
0.29,2246
0.29,2245
0.29,2244
0.3,2243
0.31,2242
0.31,2241
0.33,2240
0.34,2239
0.35,2238
0.36,2237
0.36,2236
0.36,2235
0.36,2234
0.36,2233
0.36,2232
0.36,2231
0.36,2230
0.36,2229
0.38,2228
0.47,2227
0.47,2226
0.47,2225
0.47,2224
0.49,2223
0.49,2222
0.49,2221
0.5,2220
0.5,2219
0.55,2218
0.55,2217
0.57,2216
0.62,2215
0.72,2214
0.75,2213
0.75,2212
0.79,2211
0.8,2210
0.85,2209
0.93,2208
0.93,2207
1.12,2206
2.27,2205
3.14,2204
5.91,2203
