0.0,2346
0.0,2345
0.0,2344
0.02,2343
0.02,2342
0.02,2340
0.03,2339
0.05,2338
0.05,2337
0.05,2336
0.05,2335
0.05,2334
0.05,2333
0.06,2332
0.06,2331
0.06,2330
0.06,2329
0.08,2328
0.08,2327
0.08,2326
0.08,2325
0.08,2324
0.09,2323
0.09,2322
0.09,2321
0.11,2320
0.13,2319
0.13,2318
0.13,2317
0.13,2316
0.13,2315
0.13,2314
0.13,2313
0.14,2312
0.14,2311
0.14,2310
0.14,2309
0.14,2308
0.16,2307
0.16,2306
0.16,2305
0.16,2304
0.16,2303
0.17,2302
0.17,2301
0.17,2300
0.17,2299
0.17,2298
0.17,2297
0.17,2296
0.17,2295
0.17,2294
0.19,2293
0.19,2292
0.19,2291
0.19,2290
0.19,2289
0.19,2288
0.19,2287
0.2,2286
0.2,2285
0.2,2284
0.2,2283
0.2,2282
0.2,2281
0.2,2280
0.2,2279
0.22,2278
0.22,2277
0.22,2276
0.22,2275
0.22,2274
0.23,2273
0.23,2272
0.23,2271
0.23,2270
0.25,2269
0.25,2268
0.25,2267
0.25,2266
0.25,2265
0.27,2264
0.27,2263
0.28,2262
0.28,2261
0.3,2260
0.31,2259
0.31,2258
0.31,2257
0.31,2256
0.33,2255
0.33,2254
0.34,2253
0.34,2252
0.34,2251
0.34,2250
0.34,2249
0.36,2248
0.36,2247
0.36,2246
0.36,2245
0.38,2244
0.38,2243
0.38,2242
0.39,2241
0.41,2240
0.41,2239
0.41,2238
0.41,2237
0.42,2236
0.42,2235
0.42,2234
0.44,2233
0.44,2232
0.44,2231
0.47,2230
0.48,2229
0.48,2228
0.53,2227
0.53,2226
0.53,2225
0.53,2224
0.53,2223
0.58,2222
0.61,2221
0.63,2220
0.69,2219
0.72,2218
0.72,2217
0.72,2216
0.75,2215
1.03,2214
1.09,2213
1.19,2212
1.19,2211
1.42,2210
1.42,2209
1.56,2208
1.58,2207
2.09,2206
2.16,2205
3.53,2204
11.33,2203
