0.0,2346
0.0,2345
0.0,2344
0.0,2343
0.0,2342
0.01,2341
0.01,2340
0.01,2339
0.01,2338
0.01,2337
0.02,2336
0.02,2335
0.02,2334
0.02,2333
0.02,2332
0.03,2331
0.03,2330
0.03,2329
0.03,2328
0.03,2327
0.04,2326
0.04,2325
0.04,2324
0.04,2323
0.04,2322
0.04,2321
0.05,2320
0.05,2319
0.05,2318
0.05,2317
0.05,2316
0.05,2315
0.05,2314
0.06,2313
0.06,2311
0.06,2310
0.06,2309
0.06,2308
0.06,2307
0.07,2306
0.07,2305
0.07,2304
0.07,2303
0.08,2302
0.08,2301
0.08,2300
0.08,2299
0.09,2298
0.09,2297
0.09,2296
0.09,2295
0.1,2294
0.1,2293
0.1,2292
0.11,2291
0.11,2290
0.11,2289
0.11,2288
0.11,2287
0.11,2286
0.12,2285
0.12,2284
0.12,2283
0.12,2282
0.12,2281
0.12,2280
0.12,2279
0.12,2278
0.12,2277
0.12,2276
0.13,2275
0.13,2274
0.14,2273
0.14,2272
0.14,2271
0.14,2270
0.14,2269
0.15,2268
0.15,2267
0.15,2266
0.16,2265
0.16,2264
0.16,2263
0.17,2262
0.17,2261
0.18,2260
0.18,2259
0.18,2258
0.18,2257
0.2,2256
0.2,2255
0.2,2254
0.2,2253
0.21,2252
0.21,2251
0.21,2250
0.23,2249
0.24,2248
0.24,2247
0.25,2246
0.26,2245
0.26,2244
0.26,2243
0.26,2242
0.26,2241
0.27,2240
0.32,2239
0.32,2238
0.34,2237
0.34,2236
0.35,2235
0.36,2234
0.37,2233
0.37,2232
0.37,2231
0.37,2230
0.37,2229
0.37,2228
0.37,2227
0.38,2226
0.44,2225
0.44,2224
0.44,2223
0.44,2222
0.57,2221
0.58,2220
0.62,2219
0.67,2218
0.67,2217
0.68,2216
0.72,2215
0.72,2214
0.72,2213
1.01,2212
1.09,2211
1.38,2210
1.46,2209
1.63,2208
1.88,2207
1.94,2206
1.97,2205
2.05,2204
20.35,2203
