0.0,2346
0.01,2345
0.01,2344
0.01,2343
0.01,2342
0.01,2341
0.01,2340
0.02,2339
0.02,2338
0.03,2337
0.03,2336
0.03,2335
0.03,2334
0.03,2333
0.03,2332
0.03,2331
0.03,2330
0.04,2329
0.05,2328
0.05,2327
0.05,2326
0.06,2325
0.06,2324
0.07,2323
0.07,2322
0.08,2321
0.08,2320
0.09,2319
0.09,2318
0.09,2317
0.1,2316
0.1,2315
0.11,2314
0.11,2313
0.12,2312
0.13,2311
0.14,2310
0.15,2309
0.15,2308
0.15,2307
0.15,2306
0.16,2305
0.17,2304
0.17,2303
0.17,2302
0.17,2301
0.18,2300
0.18,2299
0.18,2298
0.18,2297
0.19,2296
0.19,2295
0.19,2294
0.21,2293
0.22,2292
0.22,2291
0.22,2290
0.22,2289
0.22,2288
0.23,2287
0.23,2286
0.23,2285
0.24,2284
0.24,2283
0.25,2282
0.25,2281
0.25,2280
0.26,2279
0.26,2278
0.26,2277
0.26,2276
0.26,2275
0.27,2274
0.27,2273
0.27,2272
0.28,2271
0.28,2270
0.28,2269
0.29,2268
0.29,2267
0.29,2266
0.3,2265
0.3,2264
0.31,2263
0.31,2262
0.32,2261
0.32,2260
0.33,2259
0.33,2258
0.34,2257
0.35,2256
0.35,2255
0.35,2254
0.36,2253
0.37,2252
0.37,2251
0.38,2250
0.38,2248
0.38,2247
0.41,2246
0.41,2245
0.42,2244
0.43,2243
0.44,2242
0.44,2241
0.45,2240
0.51,2239
0.52,2238
0.52,2237
0.52,2236
0.52,2235
0.52,2234
0.53,2233
0.57,2232
0.57,2231
0.57,2230
0.58,2229
0.71,2228
0.71,2227
0.71,2226
0.71,2225
0.75,2224
0.8,2223
0.8,2222
0.8,2221
0.89,2220
0.93,2219
1.09,2218
1.13,2217
1.13,2216
1.19,2215
1.19,2214
1.28,2213
1.4,2212
1.62,2211
1.81,2210
1.81,2209
1.81,2208
2.09,2207
2.13,2206
3.47,2205
3.56,2204
13.93,2203
