0.0,2346
0.02,2345
0.02,2344
0.03,2343
0.04,2342
0.04,2340
0.04,2339
0.04,2338
0.04,2337
0.04,2336
0.04,2335
0.05,2334
0.05,2333
0.06,2332
0.06,2331
0.06,2330
0.06,2329
0.06,2328
0.06,2327
0.06,2326
0.1,2325
0.1,2324
0.1,2323
0.1,2322
0.13,2321
0.13,2320
0.13,2319
0.14,2318
0.14,2317
0.14,2316
0.14,2315
0.16,2314
0.16,2313
0.16,2312
0.16,2311
0.16,2310
0.16,2309
0.16,2308
0.16,2307
0.16,2306
0.16,2305
0.16,2304
0.18,2303
0.18,2302
0.19,2301
0.19,2300
0.19,2299
0.19,2298
0.19,2297
0.23,2296
0.24,2295
0.25,2294
0.25,2293
0.26,2292
0.28,2291
0.28,2290
0.28,2289
0.28,2288
0.31,2287
0.31,2286
0.31,2285
0.31,2284
0.33,2283
0.33,2282
0.33,2281
0.35,2280
0.35,2279
0.36,2278
0.36,2277
0.36,2276
0.36,2275
0.38,2274
0.42,2273
0.42,2272
0.45,2271
0.45,2270
0.46,2269
0.46,2268
0.48,2267
0.49,2266
0.49,2265
0.49,2264
0.51,2263
0.51,2262
0.51,2261
0.51,2260
0.54,2259
0.57,2258
0.57,2257
0.59,2256
0.59,2255
0.6,2254
0.63,2253
0.65,2252
0.65,2251
0.66,2250
0.66,2249
0.7,2248
0.7,2247
0.71,2246
0.76,2245
0.78,2244
0.79,2243
0.79,2242
0.81,2241
0.81,2240
0.83,2239
0.83,2238
0.83,2237
0.83,2236
0.86,2235
0.87,2234
0.87,2233
0.87,2232
0.92,2231
0.92,2230
0.97,2229
0.97,2228
0.97,2227
1.11,2226
1.11,2225
1.11,2224
1.31,2223
1.33,2222
1.39,2221
1.47,2220
1.47,2219
1.48,2218
1.5,2217
1.53,2216
1.61,2215
1.69,2214
1.69,2213
1.92,2212
1.92,2211
2.17,2210
2.91,2209
2.97,2208
3.74,2207
3.84,2206
4.14,2205
4.5,2204
