0.0,2346
0.01,2345
0.01,2344
0.01,2343
0.02,2342
0.02,2341
0.03,2340
0.03,2339
0.03,2338
0.03,2337
0.03,2336
0.04,2335
0.04,2334
0.04,2333
0.04,2332
0.04,2331
0.04,2330
0.04,2329
0.05,2328
0.05,2327
0.05,2326
0.05,2325
0.05,2324
0.05,2322
0.06,2321
0.06,2320
0.06,2319
0.06,2318
0.07,2317
0.07,2316
0.07,2315
0.07,2314
0.08,2313
0.08,2312
0.08,2311
0.08,2310
0.08,2309
0.09,2308
0.09,2307
0.09,2306
0.09,2305
0.09,2304
0.09,2303
0.09,2302
0.1,2301
0.1,2300
0.1,2299
0.1,2298
0.11,2297
0.11,2296
0.11,2295
0.11,2294
0.11,2293
0.11,2292
0.11,2291
0.12,2290
0.12,2289
0.12,2288
0.12,2287
0.12,2286
0.12,2285
0.13,2284
0.13,2283
0.14,2282
0.14,2281
0.14,2280
0.15,2279
0.15,2278
0.16,2277
0.16,2276
0.17,2275
0.17,2274
0.18,2273
0.18,2272
0.18,2271
0.18,2270
0.19,2269
0.19,2268
0.19,2267
0.19,2266
0.19,2265
0.2,2264
0.2,2263
0.2,2262
0.2,2261
0.2,2260
0.22,2259
0.22,2258
0.22,2257
0.24,2256
0.24,2255
0.24,2254
0.24,2253
0.24,2252
0.25,2251
0.26,2250
0.26,2249
0.27,2248
0.28,2247
0.28,2246
0.28,2245
0.29,2244
0.3,2243
0.31,2242
0.32,2241
0.32,2240
0.32,2239
0.33,2238
0.33,2237
0.33,2236
0.33,2235
0.33,2234
0.33,2233
0.33,2232
0.33,2231
0.36,2230
0.39,2229
0.39,2228
0.39,2227
0.44,2226
0.45,2225
0.45,2224
0.45,2223
0.48,2222
0.53,2221
0.54,2220
0.54,2219
0.56,2218
0.57,2217
0.66,2216
0.72,2215
0.78,2214
0.82,2213
0.82,2212
0.87,2211
0.93,2210
0.93,2209
0.98,2208
1.56,2207
1.72,2206
2.78,2205
5.81,2204
12.23,2203
