0.0,2346
0.0,2345
0.02,2344
0.02,2343
0.02,2342
0.02,2341
0.02,2340
0.02,2339
0.02,2338
0.02,2337
0.02,2336
0.02,2335
0.02,2334
0.03,2333
0.03,2332
0.03,2331
0.03,2330
0.03,2329
0.03,2328
0.03,2327
0.03,2326
0.05,2325
0.05,2324
0.05,2323
0.05,2322
0.05,2321
0.05,2320
0.05,2319
0.05,2318
0.06,2317
0.06,2316
0.06,2315
0.06,2314
0.06,2313
0.06,2312
0.08,2311
0.08,2310
0.08,2309
0.08,2308
0.08,2307
0.08,2306
0.08,2305
0.08,2304
0.08,2303
0.08,2302
0.08,2301
0.08,2300
0.08,2299
0.08,2298
0.08,2297
0.09,2296
0.09,2295
0.09,2294
0.09,2293
0.09,2292
0.09,2291
0.09,2290
0.09,2289
0.09,2288
0.09,2287
0.09,2286
0.09,2285
0.09,2284
0.11,2283
0.11,2282
0.11,2281
0.11,2280
0.11,2279
0.11,2278
0.13,2277
0.13,2276
0.13,2275
0.13,2274
0.13,2273
0.13,2272
0.13,2271
0.13,2270
0.13,2269
0.13,2268
0.13,2267
0.13,2266
0.14,2265
0.14,2264
0.14,2263
0.16,2262
0.16,2261
0.16,2260
0.16,2259
0.16,2258
0.16,2257
0.16,2256
0.16,2255
0.17,2254
0.17,2253
0.17,2252
0.19,2251
0.19,2250
0.19,2249
0.19,2248
0.2,2247
0.2,2246
0.23,2245
0.23,2244
0.25,2243
0.27,2242
0.28,2241
0.3,2240
0.3,2239
0.31,2238
0.33,2237
0.36,2236
0.38,2235
0.38,2234
0.39,2233
0.39,2232
0.39,2231
0.39,2230
0.39,2229
0.44,2228
0.44,2227
0.45,2226
0.5,2225
0.52,2224
0.53,2223
0.55,2222
0.61,2221
0.61,2220
0.61,2219
0.63,2218
0.63,2217
0.66,2216
0.73,2215
0.81,2214
1.06,2213
1.11,2212
1.13,2211
1.17,2210
1.34,2209
1.39,2208
1.69,2207
1.7,2206
2.08,2205
2.75,2204
7.2,2203
