0.0,5078
0.0,5077
0.01,5076
0.01,5075
0.01,5074
0.02,5073
0.02,5072
0.03,5071
0.03,5070
0.03,5069
0.04,5068
0.04,5067
0.04,5066
0.04,5065
0.05,5064
0.05,5063
0.05,5062
0.06,5061
0.07,5060
0.07,5059
0.07,5058
0.07,5057
0.07,5056
0.08,5055
0.09,5054
0.09,5053
0.09,5052
0.1,5051
0.1,5050
0.11,5049
0.12,5048
0.13,5047
0.13,5046
0.14,5045
0.14,5044
0.14,5043
0.15,5042
0.15,5041
0.16,5040
0.17,5039
0.18,5038
0.18,5037
0.19,5036
0.2,5035
0.2,5034
0.2,5033
0.21,5032
0.21,5031
0.22,5030
0.22,5029
0.23,5028
0.23,5027
0.24,5026
0.24,5025
0.24,5024
0.25,5023
0.25,5022
0.26,5021
0.26,5020
0.27,5019
0.28,5018
0.3,5017
0.3,5016
0.31,5015
0.31,5014
0.31,5013
0.32,5012
0.33,5011
0.33,5010
0.33,5009
0.34,5008
0.34,5007
0.35,5006
0.36,5005
0.36,5004
0.37,5003
0.37,5002
0.37,5001
0.38,5000
0.38,4999
0.38,4998
0.39,4997
0.39,4996
0.39,4995
0.4,4994
0.41,4993
0.41,4992
0.41,4991
0.42,4990
0.42,4988
0.43,4987
0.43,4986
0.43,4985
0.43,4984
0.44,4983
0.44,4982
0.44,4981
0.45,4980
0.45,4979
0.45,4978
0.46,4977
0.46,4976
0.47,4975
0.47,4974
0.47,4973
0.47,4972
0.48,4971
0.48,4969
0.48,4968
0.48,4967
0.49,4966
0.49,4965
0.5,4964
0.5,4963
0.5,4962
0.51,4961
0.51,4960
0.51,4959
0.51,4958
0.52,4957
0.52,4956
0.52,4955
0.53,4953
0.53,4952
0.53,4951
0.53,4950
0.54,4949
0.54,4948
0.54,4947
0.54,4946
0.55,4945
0.55,4944
0.55,4943
0.55,4942
0.56,4941
0.56,4940
0.56,4939
0.56,4938
0.57,4937
0.57,4936
0.57,4935
0.59,4934
0.59,4933
0.6,4932
0.6,4931
0.6,4930
0.61,4929
0.62,4928
0.62,4927
0.63,4926
0.63,4925
0.63,4923
0.64,4922
0.64,4920
0.65,4919
0.65,4918
0.66,4917
0.66,4916
0.67,4915
0.67,4914
0.68,4913
0.68,4912
0.69,4911
0.69,4910
0.7,4909
0.7,4908
0.71,4907
0.72,4906
0.72,4905
0.73,4904
0.74,4903
0.74,4902
0.75,4901
0.75,4900
0.75,4899
0.76,4898
0.77,4897
0.77,4896
0.78,4895
0.79,4894
0.79,4893
0.8,4892
0.8,4891
0.81,4890
0.81,4889
0.82,4888
0.83,4887
0.84,4886
0.84,4885
0.85,4884
0.85,4883
0.85,4882
0.86,4881
0.86,4880
0.87,4879
0.87,4877
0.87,4876
0.87,4875
0.88,4874
0.88,4873
0.88,4872
0.89,4871
0.89,4870
0.89,4869
0.9,4868
0.9,4867
0.9,4866
0.91,4865
0.91,4864
0.91,4863
0.91,4862
0.92,4861
0.92,4860
0.92,4859
0.93,4858
0.93,4857
0.94,4856
0.94,4855
0.95,4854
0.95,4853
0.96,4852
0.96,4851
0.96,4850
0.96,4849
0.97,4848
0.97,4847
0.97,4846
0.97,4845
0.97,4844
0.98,4843
0.98,4842
0.98,4841
0.98,4840
0.99,4839
0.99,4838
1.0,4837
1.0,4836
1.0,4835
1.01,4834
1.01,4833
1.01,4832
1.01,4831
1.02,4830
1.02,4829
1.02,4828
1.03,4827
1.03,4826
1.03,4825
1.03,4824
1.04,4823
1.04,4822
1.04,4821
1.05,4820
1.06,4819
1.06,4818
1.07,4817
1.07,4816
1.07,4815
1.08,4814
1.08,4813
1.09,4812
1.09,4811
1.1,4810
1.11,4809
1.11,4808
1.11,4806
1.12,4805
1.12,4804
1.13,4803
1.13,4801
1.14,4800
1.15,4799
1.16,4798
1.16,4797
1.17,4796
1.17,4795
1.18,4794
1.19,4793
1.19,4792
1.21,4791
1.21,4790
1.22,4789
1.22,4788
1.23,4787
1.23,4786
1.24,4785
1.24,4784
1.25,4783
1.25,4782
1.26,4781
1.28,4780
1.28,4779
1.29,4778
1.3,4777
1.3,4776
1.31,4775
1.31,4774
1.31,4773
1.32,4772
1.33,4771
1.34,4770
1.35,4769
1.35,4768
1.36,4767
1.37,4766
1.37,4765
1.38,4764
1.38,4763
1.39,4762
1.4,4761
1.4,4760
1.41,4759
1.41,4758
1.42,4757
1.42,4756
1.43,4755
1.44,4754
1.44,4753
1.45,4752
1.46,4751
1.46,4750
1.46,4749
1.47,4748
1.47,4747
1.49,4746
1.49,4745
1.5,4744
1.5,4743
1.51,4742
1.51,4741
1.52,4740
1.52,4739
1.53,4738
1.53,4737
1.54,4736
1.55,4735
1.55,4734
1.56,4733
1.56,4732
1.57,4731
1.58,4730
1.59,4729
1.61,4728
1.62,4727
1.65,4726
1.66,4725
1.67,4724
1.67,4723
1.68,4722
1.69,4721
1.71,4720
1.72,4719
1.75,4718
1.75,4717
1.76,4716
1.77,4715
1.78,4714
1.78,4713
1.78,4712
1.79,4711
1.8,4710
1.8,4709
1.81,4708
1.81,4707
1.81,4706
1.82,4705
1.83,4704
1.84,4703
1.85,4702
1.85,4701
1.86,4700
1.86,4699
1.87,4698
1.89,4697
1.89,4696
1.9,4695
1.9,4694
1.91,4693
1.92,4692
1.92,4691
1.93,4690
1.95,4689
1.95,4688
1.96,4687
1.97,4686
1.98,4685
1.98,4684
1.99,4683
2.02,4682
2.03,4681
2.04,4680
2.04,4679
2.05,4678
2.07,4677
2.1,4676
2.1,4675
2.11,4674
2.11,4673
2.12,4672
2.13,4671
2.15,4670
2.16,4669
2.17,4668
2.17,4667
2.18,4666
2.19,4665
2.21,4664
2.22,4663
2.25,4662
2.25,4661
2.27,4660
2.28,4659
2.28,4658
2.29,4657
2.3,4656
2.31,4655
2.31,4654
2.33,4653
2.34,4652
2.35,4651
2.35,4650
2.37,4649
2.38,4648
2.4,4647
2.42,4646
2.44,4645
2.44,4644
2.44,4643
2.45,4642
2.45,4641
2.45,4640
2.45,4639
2.46,4638
2.46,4637
2.46,4636
2.46,4635
2.46,4634
2.47,4633
2.47,4632
2.47,4631
2.47,4630
2.47,4629
2.48,4628
2.52,4627
2.53,4626
2.54,4625
2.55,4624
2.55,4623
2.6,4622
2.61,4621
2.61,4620
2.61,4619
2.61,4618
2.61,4617
2.62,4616
2.62,4615
2.62,4614
2.62,4613
2.63,4612
2.63,4611
2.67,4610
2.71,4609
2.71,4608
2.72,4607
2.72,4606
2.76,4605
2.84,4604
2.85,4603
2.88,4602
2.89,4601
2.9,4600
2.9,4599
2.9,4598
2.9,4597
2.9,4596
2.9,4595
3.04,4594
3.04,4593
3.05,4592
3.05,4591
3.05,4590
3.08,4589
3.08,4588
3.16,4587
3.17,4586
3.17,4585
3.18,4584
3.29,4583
3.33,4582
3.33,4581
3.33,4580
3.42,4579
3.42,4578
3.43,4577
3.43,4576
3.59,4575
3.72,4574
3.73,4573
3.76,4572
3.88,4571
4.18,4570
4.38,4569
4.39,4568
4.48,4567
4.83,4566
4.84,4565
4.9,4564
4.97,4563
5.49,4562
5.49,4561
5.63,4560
5.84,4559
5.84,4558
5.92,4557
6.08,4556
6.81,4555
8.37,4554
8.37,4553
8.99,4552
9.1,4551
11.27,4550
13.78,4549
14.73,4548
23.41,4547
26.84,4546
42.62,4545
66.94,4544
164.84,4543
