0.0,5078
0.0,5077
0.01,5076
0.02,5075
0.02,5074
0.02,5073
0.03,5072
0.03,5071
0.03,5070
0.04,5069
0.04,5068
0.05,5067
0.06,5066
0.07,5065
0.07,5064
0.07,5063
0.08,5062
0.08,5061
0.08,5060
0.08,5059
0.09,5058
0.09,5057
0.1,5056
0.1,5055
0.1,5054
0.11,5053
0.11,5052
0.11,5051
0.11,5050
0.11,5049
0.12,5048
0.12,5047
0.12,5046
0.12,5045
0.12,5044
0.13,5043
0.13,5042
0.13,5041
0.13,5040
0.14,5039
0.14,5038
0.14,5037
0.15,5036
0.16,5035
0.16,5034
0.16,5033
0.16,5032
0.17,5031
0.17,5030
0.17,5029
0.17,5028
0.17,5027
0.18,5026
0.18,5025
0.18,5024
0.19,5023
0.19,5022
0.19,5021
0.19,5020
0.19,5019
0.2,5018
0.2,5017
0.2,5016
0.21,5015
0.21,5014
0.21,5013
0.21,5012
0.22,5011
0.22,5010
0.23,5009
0.23,5008
0.23,5007
0.23,5006
0.24,5005
0.24,5004
0.24,5003
0.24,5002
0.25,5001
0.25,5000
0.25,4999
0.26,4998
0.26,4997
0.26,4996
0.27,4995
0.27,4994
0.27,4993
0.28,4992
0.28,4991
0.28,4990
0.29,4989
0.29,4988
0.29,4987
0.29,4986
0.3,4985
0.3,4984
0.3,4983
0.3,4982
0.31,4981
0.31,4980
0.31,4979
0.31,4978
0.31,4977
0.32,4976
0.32,4975
0.32,4974
0.32,4973
0.33,4972
0.33,4971
0.33,4970
0.34,4969
0.34,4968
0.34,4967
0.34,4966
0.34,4965
0.34,4964
0.35,4962
0.35,4961
0.36,4960
0.36,4959
0.36,4958
0.36,4957
0.36,4956
0.37,4955
0.37,4954
0.37,4953
0.37,4952
0.38,4951
0.38,4950
0.38,4949
0.38,4948
0.39,4947
0.39,4946
0.4,4945
0.4,4944
0.41,4943
0.41,4942
0.41,4941
0.42,4940
0.42,4939
0.42,4938
0.43,4937
0.43,4936
0.43,4935
0.43,4934
0.44,4933
0.44,4932
0.44,4931
0.44,4930
0.44,4929
0.45,4928
0.45,4927
0.45,4926
0.45,4925
0.46,4924
0.46,4923
0.46,4922
0.46,4921
0.47,4920
0.47,4919
0.47,4918
0.48,4917
0.48,4916
0.48,4915
0.48,4914
0.48,4913
0.49,4912
0.49,4911
0.49,4910
0.5,4909
0.5,4908
0.51,4907
0.51,4906
0.51,4905
0.51,4904
0.52,4903
0.52,4902
0.52,4901
0.53,4900
0.53,4899
0.53,4898
0.53,4897
0.54,4896
0.54,4895
0.54,4894
0.54,4893
0.55,4892
0.55,4891
0.55,4890
0.56,4889
0.56,4888
0.56,4887
0.56,4886
0.57,4885
0.57,4884
0.57,4883
0.57,4882
0.58,4881
0.58,4880
0.58,4879
0.58,4878
0.59,4877
0.59,4876
0.59,4875
0.59,4874
0.59,4873
0.6,4872
0.6,4871
0.6,4870
0.6,4869
0.6,4868
0.61,4867
0.61,4866
0.61,4865
0.61,4864
0.62,4863
0.62,4862
0.62,4861
0.62,4860
0.62,4859
0.63,4858
0.63,4857
0.63,4856
0.63,4855
0.64,4854
0.64,4853
0.64,4852
0.65,4851
0.65,4850
0.65,4849
0.66,4848
0.66,4847
0.66,4846
0.66,4845
0.66,4844
0.67,4843
0.67,4842
0.68,4841
0.68,4840
0.68,4839
0.69,4838
0.69,4837
0.69,4836
0.69,4835
0.7,4834
0.7,4833
0.7,4832
0.71,4831
0.71,4830
0.71,4829
0.71,4828
0.72,4827
0.72,4826
0.72,4825
0.72,4824
0.73,4823
0.73,4822
0.74,4821
0.74,4820
0.74,4819
0.74,4818
0.75,4817
0.75,4816
0.75,4815
0.75,4814
0.75,4813
0.76,4812
0.76,4811
0.76,4810
0.77,4809
0.77,4808
0.77,4807
0.77,4806
0.77,4805
0.78,4804
0.78,4803
0.78,4802
0.78,4801
0.78,4800
0.79,4799
0.79,4798
0.79,4797
0.8,4796
0.8,4795
0.8,4794
0.81,4793
0.81,4792
0.81,4791
0.82,4790
0.82,4789
0.82,4788
0.83,4787
0.83,4786
0.84,4785
0.84,4784
0.84,4783
0.84,4782
0.85,4781
0.85,4780
0.85,4779
0.85,4778
0.86,4777
0.86,4776
0.86,4775
0.86,4774
0.86,4773
0.87,4772
0.87,4771
0.88,4770
0.88,4769
0.88,4768
0.89,4767
0.9,4766
0.9,4765
0.9,4764
0.9,4763
0.91,4762
0.91,4761
0.91,4760
0.92,4759
0.92,4758
0.93,4757
0.93,4756
0.93,4755
0.94,4754
0.94,4753
0.94,4752
0.94,4751
0.95,4750
0.95,4749
0.96,4748
0.96,4747
0.97,4746
0.97,4745
0.97,4744
0.97,4743
0.97,4742
0.98,4741
0.98,4740
0.98,4739
0.99,4738
0.99,4737
1.0,4736
1.0,4735
1.01,4734
1.02,4733
1.02,4732
1.02,4731
1.02,4730
1.03,4729
1.04,4728
1.04,4727
1.04,4726
1.05,4725
1.05,4724
1.06,4723
1.06,4722
1.07,4721
1.07,4720
1.08,4719
1.08,4718
1.09,4717
1.09,4716
1.1,4715
1.1,4714
1.11,4713
1.11,4712
1.12,4711
1.12,4710
1.12,4709
1.14,4708
1.15,4707
1.15,4706
1.15,4705
1.16,4704
1.17,4703
1.17,4702
1.17,4701
1.17,4700
1.18,4699
1.18,4698
1.18,4697
1.19,4696
1.19,4695
1.19,4694
1.19,4693
1.2,4692
1.21,4691
1.21,4690
1.22,4689
1.22,4688
1.23,4687
1.23,4686
1.23,4685
1.23,4684
1.24,4683
1.25,4682
1.25,4681
1.26,4680
1.26,4679
1.28,4678
1.28,4677
1.29,4676
1.29,4675
1.31,4674
1.31,4673
1.31,4672
1.32,4671
1.33,4670
1.33,4669
1.33,4668
1.35,4667
1.36,4666
1.36,4665
1.36,4664
1.37,4663
1.37,4662
1.38,4661
1.38,4660
1.39,4659
1.41,4658
1.42,4657
1.42,4656
1.42,4655
1.43,4654
1.43,4653
1.44,4652
1.44,4651
1.45,4650
1.46,4649
1.47,4648
1.47,4647
1.48,4646
1.48,4645
1.48,4644
1.48,4643
1.48,4642
1.49,4641
1.49,4640
1.49,4639
1.5,4638
1.51,4637
1.51,4636
1.56,4635
1.59,4634
1.61,4633
1.64,4632
1.64,4631
1.64,4630
1.64,4629
1.64,4628
1.65,4627
1.65,4626
1.68,4625
1.72,4624
1.72,4623
1.75,4622
1.75,4621
1.75,4620
1.75,4619
1.75,4618
1.76,4617
1.76,4616
1.78,4615
1.78,4614
1.83,4613
1.9,4612
1.9,4611
1.9,4610
1.9,4609
1.9,4608
1.9,4607
2.0,4606
2.01,4605
2.02,4604
2.02,4603
2.08,4602
2.13,4601
2.13,4600
2.13,4599
2.14,4598
2.14,4597
2.21,4596
2.22,4595
2.22,4594
2.22,4593
2.22,4592
2.22,4591
2.22,4590
2.23,4589
2.23,4588
2.3,4587
2.33,4586
2.33,4585
2.33,4584
2.34,4583
2.38,4582
2.38,4581
2.38,4580
2.43,4579
2.5,4578
2.5,4577
2.5,4576
2.54,4575
2.83,4574
2.83,4573
2.92,4572
3.06,4571
3.21,4570
4.02,4569
4.42,4568
4.42,4567
4.42,4566
4.51,4565
4.52,4564
4.59,4563
4.6,4562
4.6,4561
5.23,4560
5.73,4559
6.07,4558
6.47,4557
7.12,4556
7.7,4555
7.7,4554
7.7,4553
7.83,4552
8.88,4551
11.43,4550
15.3,4549
17.08,4548
18.62,4547
19.87,4546
24.48,4545
34.93,4544
67.68,4543
190.1,4542
