0.0,5078
0.03,5077
0.04,5076
0.04,5075
0.05,5074
0.06,5073
0.06,5072
0.07,5071
0.07,5070
0.08,5069
0.08,5068
0.09,5067
0.09,5066
0.1,5065
0.1,5064
0.11,5063
0.11,5062
0.11,5061
0.12,5060
0.13,5059
0.13,5058
0.13,5057
0.14,5056
0.14,5055
0.14,5054
0.15,5053
0.15,5052
0.16,5051
0.16,5050
0.16,5049
0.17,5048
0.17,5047
0.18,5046
0.18,5045
0.18,5044
0.19,5043
0.19,5042
0.19,5041
0.2,5040
0.2,5039
0.2,5038
0.2,5037
0.21,5036
0.21,5034
0.21,5033
0.22,5032
0.22,5031
0.22,5030
0.22,5029
0.22,5028
0.23,5027
0.23,5026
0.23,5025
0.23,5024
0.24,5023
0.24,5022
0.24,5021
0.24,5020
0.25,5019
0.25,5018
0.25,5017
0.25,5016
0.26,5015
0.26,5014
0.26,5013
0.26,5012
0.27,5011
0.27,5010
0.28,5009
0.28,5008
0.29,5007
0.29,5006
0.29,5005
0.3,5004
0.3,5003
0.3,5002
0.3,5001
0.3,5000
0.31,4999
0.31,4998
0.32,4997
0.32,4996
0.32,4995
0.32,4994
0.33,4993
0.33,4992
0.33,4991
0.34,4990
0.34,4989
0.34,4988
0.35,4987
0.35,4986
0.35,4985
0.36,4984
0.36,4983
0.36,4982
0.36,4981
0.37,4980
0.37,4979
0.37,4978
0.37,4977
0.38,4976
0.38,4975
0.38,4974
0.39,4973
0.39,4972
0.39,4971
0.39,4970
0.4,4969
0.4,4968
0.41,4967
0.41,4966
0.41,4965
0.42,4964
0.42,4963
0.43,4962
0.43,4960
0.43,4959
0.44,4958
0.44,4957
0.44,4956
0.44,4955
0.45,4954
0.45,4953
0.45,4952
0.45,4951
0.45,4950
0.46,4949
0.46,4948
0.46,4947
0.46,4946
0.47,4945
0.47,4944
0.47,4943
0.47,4942
0.47,4941
0.48,4940
0.48,4939
0.48,4938
0.48,4937
0.49,4936
0.49,4935
0.49,4934
0.5,4933
0.5,4932
0.5,4931
0.51,4930
0.51,4929
0.51,4928
0.51,4927
0.52,4926
0.52,4925
0.52,4924
0.52,4923
0.53,4922
0.53,4921
0.53,4920
0.54,4919
0.54,4918
0.54,4917
0.54,4916
0.55,4915
0.55,4914
0.55,4913
0.56,4912
0.56,4911
0.56,4910
0.56,4909
0.57,4908
0.57,4907
0.57,4906
0.58,4905
0.58,4904
0.59,4903
0.59,4902
0.59,4901
0.6,4900
0.6,4899
0.6,4898
0.6,4897
0.6,4896
0.61,4895
0.61,4894
0.61,4893
0.61,4892
0.62,4891
0.62,4890
0.62,4889
0.62,4888
0.62,4887
0.63,4886
0.63,4885
0.63,4884
0.64,4883
0.64,4882
0.64,4881
0.64,4880
0.64,4879
0.65,4878
0.65,4877
0.65,4876
0.65,4875
0.66,4874
0.66,4873
0.67,4872
0.67,4870
0.67,4869
0.67,4868
0.67,4867
0.68,4866
0.68,4865
0.68,4864
0.68,4863
0.69,4862
0.69,4861
0.69,4860
0.69,4859
0.7,4858
0.7,4857
0.7,4856
0.7,4855
0.7,4854
0.71,4853
0.71,4852
0.72,4851
0.72,4850
0.72,4849
0.72,4848
0.73,4847
0.73,4846
0.73,4845
0.73,4844
0.74,4843
0.74,4842
0.74,4841
0.74,4840
0.75,4839
0.75,4838
0.75,4837
0.75,4836
0.76,4835
0.76,4834
0.76,4833
0.77,4832
0.77,4831
0.77,4830
0.77,4829
0.78,4828
0.78,4827
0.78,4826
0.78,4825
0.78,4824
0.79,4823
0.79,4822
0.8,4821
0.8,4820
0.8,4819
0.8,4818
0.81,4817
0.81,4816
0.81,4815
0.82,4813
0.82,4812
0.82,4811
0.82,4810
0.82,4809
0.83,4808
0.83,4807
0.83,4806
0.83,4805
0.83,4804
0.84,4803
0.84,4802
0.84,4801
0.84,4800
0.85,4799
0.85,4798
0.86,4797
0.86,4796
0.86,4795
0.87,4794
0.87,4793
0.88,4792
0.88,4791
0.89,4790
0.89,4789
0.9,4788
0.9,4787
0.91,4786
0.91,4785
0.92,4784
0.92,4783
0.92,4782
0.92,4781
0.93,4780
0.93,4779
0.93,4778
0.93,4777
0.93,4776
0.94,4775
0.94,4774
0.94,4773
0.94,4772
0.94,4771
0.95,4770
0.95,4769
0.96,4768
0.96,4767
0.97,4766
0.97,4765
0.97,4764
0.98,4763
0.98,4762
0.98,4761
0.98,4760
0.98,4759
0.99,4758
0.99,4757
0.99,4756
1.0,4755
1.0,4754
1.0,4753
1.01,4752
1.01,4751
1.03,4750
1.07,4749
1.08,4748
1.1,4747
1.11,4746
1.11,4745
1.12,4744
1.13,4743
1.14,4742
1.14,4741
1.16,4740
1.17,4739
1.17,4738
1.2,4737
1.2,4736
1.21,4735
1.21,4734
1.22,4733
1.26,4732
1.27,4731
1.27,4730
1.27,4729
1.29,4728
1.31,4727
1.32,4726
1.33,4725
1.34,4724
1.36,4723
1.37,4722
1.38,4721
1.39,4720
1.4,4719
1.4,4718
1.42,4717
1.43,4716
1.45,4715
1.45,4714
1.45,4713
1.46,4712
1.46,4711
1.47,4710
1.48,4709
1.49,4708
1.5,4707
1.51,4706
1.51,4705
1.52,4704
1.52,4703
1.52,4702
1.53,4701
1.54,4700
1.54,4699
1.54,4698
1.55,4697
1.56,4696
1.56,4695
1.57,4694
1.58,4693
1.58,4692
1.59,4691
1.6,4690
1.61,4689
1.61,4688
1.62,4687
1.63,4686
1.64,4685
1.65,4684
1.66,4683
1.66,4682
1.67,4681
1.68,4680
1.68,4679
1.69,4678
1.7,4677
1.7,4676
1.72,4675
1.73,4674
1.74,4673
1.74,4672
1.74,4671
1.75,4670
1.75,4669
1.76,4668
1.76,4667
1.77,4666
1.78,4665
1.78,4664
1.8,4663
1.8,4662
1.82,4661
1.83,4660
1.83,4659
1.84,4658
1.85,4657
1.85,4656
1.86,4655
1.86,4654
1.86,4653
1.89,4652
1.89,4651
1.9,4650
1.9,4649
1.92,4648
1.93,4647
1.93,4646
1.95,4645
1.96,4644
1.96,4643
1.97,4642
1.97,4641
1.98,4640
1.98,4639
1.98,4638
1.98,4637
1.98,4636
1.99,4635
1.99,4634
1.99,4633
1.99,4632
1.99,4631
2.0,4630
2.0,4629
2.0,4628
2.0,4627
2.0,4626
2.0,4625
2.01,4624
2.01,4623
2.01,4622
2.01,4621
2.05,4620
2.06,4619
2.07,4618
2.09,4617
2.16,4616
2.16,4615
2.17,4614
2.17,4613
2.17,4612
2.17,4611
2.18,4610
2.18,4609
2.18,4608
2.22,4607
2.24,4606
2.26,4605
2.29,4604
2.33,4603
2.34,4602
2.38,4601
2.4,4600
2.42,4599
2.42,4598
2.42,4597
2.42,4596
2.42,4595
2.42,4594
2.43,4593
2.43,4592
2.54,4591
2.58,4590
2.62,4589
2.73,4588
2.75,4587
2.77,4586
2.81,4585
2.84,4584
2.88,4583
2.88,4582
2.88,4581
2.89,4580
2.89,4579
2.96,4578
2.96,4577
3.06,4576
3.2,4575
3.21,4574
3.21,4573
3.26,4572
3.27,4571
3.57,4570
3.63,4569
3.92,4568
3.93,4567
3.93,4566
3.93,4565
3.93,4564
4.01,4563
4.37,4562
4.38,4561
4.39,4560
4.85,4559
4.85,4558
5.0,4557
5.0,4556
5.08,4555
5.45,4554
6.13,4553
6.45,4552
8.58,4551
8.85,4550
8.86,4549
11.55,4548
13.26,4547
15.2,4546
15.73,4545
25.88,4544
131.64,4543
