0.0,5078
0.01,5077
0.01,5076
0.01,5075
0.02,5074
0.02,5073
0.02,5072
0.04,5071
0.04,5070
0.04,5069
0.04,5068
0.04,5067
0.05,5066
0.05,5065
0.05,5064
0.06,5063
0.06,5062
0.06,5061
0.07,5060
0.07,5059
0.08,5057
0.08,5056
0.08,5055
0.09,5054
0.09,5053
0.09,5052
0.1,5051
0.1,5050
0.1,5049
0.1,5048
0.1,5047
0.11,5046
0.11,5045
0.11,5044
0.11,5043
0.11,5042
0.12,5041
0.12,5040
0.12,5039
0.13,5038
0.13,5037
0.13,5036
0.13,5035
0.14,5034
0.14,5033
0.14,5032
0.14,5031
0.15,5030
0.15,5029
0.15,5028
0.16,5027
0.17,5026
0.17,5025
0.17,5024
0.18,5023
0.18,5022
0.18,5021
0.18,5020
0.19,5019
0.19,5018
0.19,5017
0.2,5016
0.2,5015
0.21,5014
0.21,5013
0.21,5012
0.22,5011
0.22,5010
0.23,5009
0.23,5008
0.24,5007
0.24,5006
0.24,5005
0.25,5004
0.25,5003
0.25,5002
0.26,5001
0.26,5000
0.26,4999
0.26,4998
0.27,4997
0.27,4996
0.28,4995
0.28,4994
0.28,4993
0.28,4992
0.29,4991
0.29,4990
0.29,4989
0.3,4988
0.3,4987
0.3,4986
0.31,4985
0.31,4984
0.31,4983
0.32,4982
0.32,4981
0.32,4980
0.33,4979
0.33,4978
0.33,4977
0.34,4976
0.34,4975
0.35,4974
0.35,4973
0.35,4972
0.36,4971
0.36,4970
0.36,4969
0.37,4968
0.37,4967
0.37,4966
0.37,4965
0.38,4964
0.38,4963
0.38,4962
0.38,4961
0.39,4960
0.39,4959
0.39,4958
0.4,4957
0.4,4956
0.4,4955
0.4,4954
0.41,4953
0.41,4952
0.41,4951
0.41,4950
0.42,4949
0.42,4948
0.42,4947
0.42,4946
0.43,4945
0.43,4944
0.43,4943
0.43,4942
0.44,4941
0.44,4940
0.44,4939
0.44,4938
0.44,4937
0.45,4936
0.45,4935
0.45,4934
0.45,4933
0.45,4932
0.46,4931
0.46,4930
0.46,4929
0.46,4928
0.47,4927
0.47,4926
0.47,4925
0.47,4924
0.48,4923
0.48,4922
0.48,4921
0.48,4920
0.49,4919
0.49,4917
0.49,4916
0.49,4915
0.49,4914
0.49,4913
0.5,4912
0.5,4911
0.5,4910
0.5,4909
0.51,4908
0.51,4907
0.51,4906
0.51,4905
0.52,4904
0.53,4903
0.53,4902
0.54,4901
0.54,4900
0.54,4899
0.55,4898
0.55,4897
0.55,4896
0.56,4895
0.56,4894
0.56,4893
0.56,4892
0.57,4891
0.57,4890
0.57,4889
0.57,4888
0.58,4887
0.58,4886
0.58,4885
0.59,4884
0.59,4883
0.59,4882
0.59,4881
0.6,4880
0.6,4879
0.6,4878
0.61,4877
0.61,4876
0.61,4875
0.61,4874
0.61,4873
0.61,4872
0.62,4871
0.62,4870
0.62,4869
0.62,4868
0.62,4867
0.62,4866
0.63,4865
0.63,4864
0.63,4863
0.64,4862
0.64,4861
0.64,4860
0.64,4859
0.65,4858
0.65,4857
0.65,4856
0.66,4855
0.66,4854
0.66,4853
0.66,4852
0.67,4851
0.67,4850
0.67,4849
0.67,4848
0.68,4847
0.68,4846
0.68,4845
0.69,4844
0.69,4843
0.69,4842
0.69,4841
0.69,4840
0.7,4839
0.7,4838
0.7,4837
0.71,4836
0.71,4835
0.71,4834
0.71,4833
0.71,4832
0.72,4831
0.72,4829
0.72,4828
0.73,4827
0.73,4826
0.74,4825
0.74,4824
0.74,4823
0.74,4822
0.74,4821
0.75,4820
0.75,4819
0.76,4818
0.76,4817
0.76,4816
0.76,4815
0.77,4814
0.77,4813
0.77,4812
0.77,4811
0.77,4810
0.78,4809
0.78,4808
0.78,4807
0.79,4806
0.79,4805
0.79,4804
0.79,4803
0.8,4802
0.8,4801
0.8,4800
0.81,4799
0.81,4798
0.81,4797
0.81,4796
0.81,4795
0.82,4794
0.82,4793
0.82,4792
0.82,4791
0.82,4790
0.83,4789
0.83,4788
0.84,4787
0.84,4786
0.85,4785
0.85,4784
0.85,4783
0.85,4782
0.86,4781
0.86,4780
0.87,4779
0.87,4778
0.87,4777
0.87,4776
0.88,4775
0.88,4774
0.88,4773
0.88,4772
0.88,4771
0.89,4770
0.89,4769
0.89,4768
0.9,4767
0.9,4766
0.9,4765
0.9,4764
0.9,4763
0.91,4762
0.91,4761
0.91,4760
0.92,4759
0.92,4758
0.92,4757
0.93,4756
0.93,4755
0.93,4754
0.94,4753
0.94,4752
0.94,4751
0.95,4750
0.95,4749
0.95,4748
0.95,4747
0.95,4746
0.96,4745
0.96,4744
0.96,4743
0.97,4742
0.97,4741
0.97,4740
0.97,4739
0.98,4738
0.98,4737
0.98,4736
0.99,4735
0.99,4734
0.99,4733
0.99,4732
1.0,4731
1.0,4730
1.0,4729
1.01,4728
1.01,4727
1.02,4726
1.02,4725
1.02,4724
1.02,4723
1.03,4722
1.04,4721
1.04,4720
1.04,4719
1.05,4718
1.05,4717
1.05,4716
1.06,4715
1.06,4714
1.06,4713
1.07,4712
1.07,4711
1.08,4710
1.08,4709
1.1,4708
1.1,4707
1.1,4706
1.11,4705
1.11,4704
1.12,4703
1.12,4702
1.12,4701
1.12,4700
1.13,4699
1.13,4698
1.14,4697
1.14,4696
1.14,4695
1.15,4694
1.15,4693
1.15,4692
1.16,4691
1.17,4690
1.18,4689
1.18,4688
1.19,4687
1.19,4686
1.19,4685
1.2,4684
1.22,4683
1.23,4682
1.23,4681
1.24,4680
1.25,4679
1.25,4678
1.25,4677
1.26,4676
1.26,4675
1.27,4674
1.27,4673
1.28,4672
1.28,4671
1.28,4670
1.3,4669
1.3,4668
1.31,4667
1.31,4666
1.32,4665
1.33,4664
1.35,4663
1.36,4662
1.37,4661
1.37,4660
1.39,4659
1.4,4658
1.43,4657
1.44,4656
1.44,4655
1.45,4654
1.47,4653
1.48,4652
1.48,4651
1.48,4650
1.49,4649
1.49,4648
1.49,4647
1.5,4646
1.51,4645
1.52,4644
1.52,4643
1.53,4642
1.53,4641
1.53,4640
1.53,4639
1.53,4638
1.53,4637
1.54,4636
1.54,4635
1.54,4634
1.54,4633
1.54,4632
1.54,4631
1.54,4630
1.57,4629
1.57,4628
1.57,4627
1.58,4626
1.58,4625
1.61,4624
1.61,4623
1.61,4622
1.63,4621
1.64,4620
1.66,4619
1.67,4618
1.67,4617
1.67,4616
1.69,4615
1.72,4614
1.72,4613
1.72,4612
1.72,4611
1.77,4610
1.78,4609
1.78,4608
1.83,4607
1.86,4606
1.86,4605
1.86,4604
1.86,4603
1.87,4602
1.87,4601
1.98,4600
2.0,4599
2.01,4598
2.03,4597
2.05,4596
2.06,4595
2.07,4594
2.07,4593
2.07,4592
2.07,4591
2.08,4590
2.08,4589
2.08,4588
2.08,4587
2.09,4586
2.09,4585
2.15,4584
2.22,4583
2.22,4582
2.22,4581
2.23,4580
2.23,4579
2.38,4578
2.39,4577
2.39,4576
2.39,4575
2.71,4574
2.71,4573
2.89,4572
2.89,4571
2.89,4570
3.0,4569
3.14,4568
3.17,4567
3.27,4566
3.27,4565
3.42,4564
3.69,4563
3.71,4562
4.41,4561
4.46,4560
4.51,4559
4.61,4558
5.99,4557
6.32,4556
6.32,4555
6.51,4554
7.21,4553
7.21,4552
7.81,4551
7.81,4550
8.2,4549
11.86,4548
24.35,4547
25.71,4546
27.55,4545
28.76,4544
33.63,4543
216.46,4542
