0.0,5078
0.0,5077
0.0,5076
0.01,5075
0.01,5074
0.01,5073
0.01,5072
0.02,5071
0.02,5070
0.02,5069
0.02,5068
0.03,5067
0.03,5066
0.03,5065
0.03,5064
0.04,5063
0.05,5062
0.05,5061
0.05,5060
0.06,5059
0.06,5058
0.06,5057
0.06,5056
0.07,5055
0.07,5054
0.07,5053
0.08,5052
0.08,5051
0.09,5050
0.1,5049
0.1,5048
0.1,5047
0.1,5046
0.11,5045
0.11,5044
0.11,5043
0.12,5042
0.12,5041
0.12,5040
0.12,5039
0.13,5038
0.13,5037
0.14,5036
0.14,5035
0.14,5034
0.15,5033
0.15,5032
0.15,5031
0.15,5030
0.16,5029
0.16,5028
0.16,5027
0.16,5026
0.17,5025
0.17,5024
0.17,5023
0.18,5022
0.19,5021
0.19,5020
0.19,5019
0.2,5018
0.2,5017
0.2,5016
0.21,5015
0.21,5014
0.21,5013
0.21,5012
0.22,5011
0.22,5010
0.23,5009
0.23,5008
0.23,5007
0.24,5006
0.24,5005
0.24,5004
0.24,5003
0.24,5002
0.25,5001
0.25,5000
0.25,4999
0.26,4998
0.26,4997
0.26,4996
0.26,4995
0.27,4994
0.27,4993
0.28,4992
0.28,4991
0.28,4990
0.28,4989
0.29,4988
0.29,4987
0.29,4986
0.3,4985
0.3,4984
0.3,4983
0.31,4982
0.31,4981
0.32,4980
0.33,4979
0.33,4978
0.34,4977
0.34,4976
0.34,4975
0.34,4974
0.34,4973
0.35,4972
0.35,4971
0.35,4970
0.35,4969
0.36,4968
0.36,4967
0.36,4966
0.36,4965
0.36,4964
0.37,4963
0.37,4962
0.37,4961
0.37,4960
0.38,4959
0.38,4958
0.38,4957
0.38,4955
0.38,4954
0.38,4953
0.39,4952
0.39,4951
0.39,4950
0.39,4949
0.4,4948
0.4,4947
0.41,4946
0.41,4945
0.41,4944
0.42,4943
0.42,4942
0.42,4941
0.42,4940
0.42,4939
0.43,4938
0.43,4937
0.43,4936
0.43,4935
0.44,4934
0.44,4933
0.44,4932
0.45,4931
0.45,4930
0.45,4929
0.46,4928
0.46,4927
0.46,4926
0.46,4925
0.46,4924
0.47,4923
0.47,4922
0.47,4921
0.47,4920
0.47,4919
0.48,4918
0.48,4917
0.48,4916
0.48,4915
0.49,4914
0.5,4913
0.5,4912
0.5,4911
0.5,4910
0.51,4909
0.51,4908
0.51,4907
0.52,4906
0.52,4905
0.52,4904
0.52,4903
0.52,4902
0.53,4900
0.53,4899
0.53,4898
0.53,4897
0.54,4896
0.54,4895
0.54,4894
0.55,4893
0.55,4892
0.55,4891
0.55,4890
0.56,4889
0.56,4888
0.56,4887
0.56,4886
0.57,4885
0.57,4884
0.57,4883
0.57,4882
0.58,4881
0.58,4880
0.58,4879
0.59,4878
0.59,4877
0.59,4876
0.6,4875
0.6,4874
0.6,4873
0.6,4872
0.6,4871
0.61,4870
0.62,4869
0.62,4868
0.62,4867
0.63,4866
0.63,4865
0.63,4864
0.63,4863
0.64,4862
0.64,4861
0.64,4860
0.64,4859
0.65,4858
0.65,4857
0.65,4856
0.65,4855
0.66,4854
0.66,4853
0.66,4852
0.66,4851
0.67,4850
0.67,4849
0.67,4848
0.67,4847
0.67,4846
0.68,4845
0.68,4844
0.68,4843
0.69,4842
0.69,4841
0.69,4840
0.69,4839
0.7,4838
0.7,4837
0.7,4836
0.7,4835
0.7,4834
0.71,4833
0.71,4832
0.71,4831
0.72,4830
0.72,4829
0.73,4828
0.73,4827
0.73,4826
0.73,4825
0.73,4824
0.74,4823
0.74,4822
0.75,4821
0.75,4820
0.75,4819
0.75,4818
0.76,4817
0.76,4816
0.76,4815
0.76,4814
0.77,4813
0.77,4812
0.77,4811
0.77,4810
0.77,4809
0.78,4808
0.78,4807
0.78,4806
0.79,4805
0.79,4804
0.79,4803
0.79,4802
0.8,4801
0.8,4800
0.8,4799
0.8,4798
0.8,4797
0.81,4796
0.82,4795
0.82,4794
0.82,4793
0.82,4792
0.82,4791
0.83,4790
0.83,4789
0.83,4788
0.84,4787
0.84,4786
0.85,4785
0.85,4784
0.85,4783
0.85,4782
0.86,4781
0.86,4780
0.86,4779
0.86,4778
0.86,4777
0.87,4776
0.87,4774
0.87,4773
0.87,4772
0.87,4771
0.88,4770
0.88,4769
0.88,4768
0.88,4767
0.89,4766
0.89,4765
0.89,4764
0.89,4763
0.9,4762
0.9,4761
0.9,4760
0.9,4759
0.91,4758
0.91,4756
0.91,4755
0.91,4754
0.92,4753
0.92,4752
0.92,4751
0.92,4750
0.93,4749
0.93,4748
0.93,4747
0.93,4746
0.94,4745
0.94,4744
0.95,4743
0.95,4742
0.96,4741
0.96,4740
0.96,4739
0.96,4738
0.97,4737
0.97,4736
0.97,4735
0.97,4734
0.97,4733
0.97,4732
0.98,4731
0.98,4730
0.98,4729
0.98,4728
0.99,4727
0.99,4726
0.99,4725
1.0,4724
1.0,4723
1.0,4722
1.0,4721
1.01,4720
1.01,4719
1.02,4718
1.02,4717
1.03,4716
1.03,4715
1.03,4714
1.04,4713
1.04,4712
1.05,4711
1.05,4710
1.06,4709
1.06,4708
1.07,4707
1.08,4706
1.08,4705
1.08,4704
1.09,4703
1.1,4702
1.1,4700
1.1,4699
1.1,4698
1.12,4697
1.13,4696
1.13,4695
1.13,4694
1.14,4693
1.14,4692
1.14,4691
1.15,4690
1.15,4689
1.16,4688
1.16,4687
1.16,4686
1.19,4685
1.19,4684
1.2,4683
1.2,4681
1.2,4680
1.21,4679
1.21,4678
1.22,4677
1.23,4676
1.24,4675
1.24,4674
1.25,4673
1.26,4672
1.26,4671
1.26,4670
1.26,4669
1.26,4668
1.27,4667
1.27,4666
1.27,4665
1.28,4664
1.28,4663
1.3,4662
1.32,4661
1.33,4660
1.34,4659
1.36,4658
1.36,4657
1.36,4656
1.37,4655
1.38,4654
1.4,4653
1.41,4652
1.41,4651
1.42,4650
1.42,4649
1.43,4648
1.44,4647
1.45,4646
1.45,4645
1.45,4644
1.46,4643
1.46,4642
1.48,4641
1.48,4640
1.48,4639
1.48,4638
1.48,4637
1.49,4636
1.49,4635
1.49,4634
1.49,4633
1.49,4632
1.49,4631
1.49,4630
1.5,4629
1.5,4628
1.5,4627
1.5,4626
1.51,4625
1.55,4624
1.56,4623
1.6,4622
1.61,4621
1.61,4620
1.63,4619
1.63,4618
1.69,4617
1.7,4616
1.74,4615
1.75,4614
1.76,4613
1.78,4612
1.78,4611
1.78,4610
1.79,4609
1.79,4608
1.79,4607
1.79,4606
1.79,4605
1.79,4604
1.82,4603
1.85,4602
1.85,4601
1.86,4600
1.86,4599
1.89,4598
1.94,4597
1.97,4596
1.98,4595
1.98,4594
1.99,4593
1.99,4592
1.99,4591
1.99,4590
2.05,4589
2.05,4588
2.15,4587
2.15,4586
2.15,4585
2.33,4584
2.33,4583
2.33,4582
2.33,4581
2.44,4580
2.44,4579
2.44,4578
2.78,4577
2.83,4576
2.83,4575
2.83,4574
2.83,4573
3.23,4572
3.23,4571
3.64,4570
3.64,4569
3.98,4568
4.08,4567
4.08,4566
4.08,4565
4.21,4564
4.5,4563
4.78,4562
5.0,4561
5.01,4560
5.01,4559
5.25,4558
5.25,4557
5.51,4556
5.67,4555
6.08,4554
6.54,4553
7.32,4552
8.31,4551
8.95,4550
9.74,4549
10.12,4548
12.08,4547
19.51,4546
20.3,4545
91.56,4544
245.65,4543
