0.0,7454
0.0,7453
0.01,7452
0.01,7451
0.01,7450
0.02,7449
0.02,7448
0.02,7447
0.03,7446
0.03,7445
0.03,7444
0.03,7443
0.04,7442
0.04,7441
0.04,7440
0.05,7439
0.05,7438
0.05,7437
0.06,7436
0.06,7435
0.07,7434
0.07,7433
0.08,7432
0.08,7431
0.08,7430
0.09,7429
0.09,7428
0.09,7427
0.1,7426
0.1,7425
0.11,7424
0.11,7423
0.12,7422
0.12,7421
0.12,7420
0.13,7419
0.13,7418
0.14,7417
0.14,7416
0.15,7415
0.15,7414
0.16,7413
0.16,7412
0.16,7411
0.16,7410
0.17,7409
0.17,7408
0.18,7407
0.18,7406
0.18,7405
0.19,7404
0.19,7403
0.19,7402
0.2,7401
0.2,7400
0.2,7399
0.2,7398
0.21,7397
0.21,7396
0.22,7395
0.22,7394
0.22,7393
0.24,7392
0.24,7391
0.25,7390
0.26,7389
0.27,7388
0.27,7387
0.27,7386
0.28,7385
0.28,7384
0.28,7383
0.29,7382
0.29,7381
0.29,7380
0.3,7379
0.3,7378
0.31,7377
0.31,7376
0.31,7375
0.33,7374
0.33,7373
0.33,7372
0.34,7371
0.34,7370
0.35,7369
0.35,7368
0.36,7367
0.36,7366
0.36,7365
0.37,7364
0.37,7363
0.38,7362
0.38,7361
0.39,7360
0.39,7359
0.39,7358
0.4,7357
0.4,7356
0.4,7355
0.41,7354
0.41,7353
0.42,7352
0.42,7351
0.42,7350
0.42,7349
0.43,7348
0.43,7347
0.44,7346
0.44,7345
0.45,7344
0.45,7343
0.45,7342
0.46,7341
0.46,7340
0.46,7339
0.47,7338
0.48,7337
0.49,7336
0.49,7335
0.49,7334
0.49,7333
0.5,7332
0.5,7331
0.51,7330
0.51,7329
0.52,7328
0.52,7327
0.52,7326
0.53,7325
0.53,7324
0.53,7323
0.54,7322
0.54,7321
0.54,7320
0.55,7319
0.55,7318
0.56,7317
0.56,7316
0.56,7315
0.57,7314
0.57,7313
0.57,7312
0.58,7311
0.58,7310
0.59,7309
0.59,7308
0.6,7307
0.6,7306
0.6,7305
0.61,7304
0.61,7303
0.61,7302
0.62,7301
0.62,7300
0.63,7299
0.63,7298
0.63,7297
0.63,7296
0.64,7295
0.64,7294
0.65,7293
0.65,7292
0.65,7291
0.66,7290
0.66,7289
0.67,7288
0.67,7287
0.68,7286
0.68,7285
0.68,7284
0.69,7283
0.69,7282
0.69,7281
0.7,7280
0.7,7279
0.7,7278
0.71,7277
0.71,7276
0.72,7275
0.72,7274
0.73,7273
0.73,7272
0.73,7271
0.74,7270
0.74,7269
0.74,7268
0.75,7267
0.75,7266
0.76,7265
0.76,7264
0.76,7263
0.77,7262
0.78,7261
0.78,7260
0.79,7259
0.79,7258
0.79,7257
0.8,7256
0.8,7255
0.8,7254
0.81,7253
0.81,7252
0.81,7251
0.82,7250
0.82,7249
0.83,7248
0.83,7247
0.83,7246
0.83,7245
0.84,7244
0.84,7243
0.85,7242
0.85,7241
0.86,7240
0.86,7239
0.87,7238
0.87,7237
0.87,7236
0.88,7235
0.88,7234
0.88,7233
0.89,7232
0.9,7231
0.9,7230
0.9,7229
0.91,7228
0.91,7227
0.92,7226
0.92,7225
0.93,7224
0.93,7223
0.93,7222
0.93,7221
0.94,7220
0.94,7219
0.95,7218
0.95,7217
0.96,7216
0.96,7215
0.96,7214
0.97,7213
0.97,7212
0.97,7211
0.98,7210
0.98,7209
0.99,7208
0.99,7207
0.99,7206
0.99,7205
1.0,7204
1.01,7203
1.01,7202
1.02,7201
1.02,7200
1.02,7198
1.02,7197
1.03,7196
1.03,7195
1.04,7194
1.04,7193
1.04,7192
1.04,7191
1.05,7190
1.05,7189
1.05,7188
1.06,7187
1.07,7186
1.07,7185
1.08,7184
1.08,7183
1.08,7182
1.09,7181
1.09,7180
1.1,7179
1.1,7178
1.1,7177
1.11,7176
1.11,7175
1.11,7174
1.12,7173
1.13,7172
1.14,7171
1.14,7170
1.15,7169
1.16,7168
1.16,7167
1.17,7166
1.17,7165
1.17,7164
1.18,7163
1.18,7162
1.19,7161
1.19,7160
1.19,7159
1.2,7158
1.2,7157
1.21,7156
1.21,7155
1.22,7154
1.23,7153
1.23,7152
1.24,7151
1.24,7150
1.24,7149
1.25,7148
1.26,7147
1.26,7146
1.26,7145
1.27,7144
1.28,7143
1.29,7142
1.29,7141
1.3,7140
1.3,7139
1.31,7138
1.31,7137
1.31,7136
1.31,7135
1.32,7134
1.32,7133
1.33,7132
1.33,7131
1.34,7130
1.34,7129
1.34,7128
1.34,7127
1.35,7126
1.35,7125
1.36,7123
1.36,7122
1.36,7121
1.37,7120
1.37,7119
1.37,7118
1.38,7117
1.38,7116
1.38,7114
1.38,7113
1.39,7112
1.39,7111
1.39,7110
1.39,7109
1.4,7108
1.4,7107
1.4,7106
1.4,7105
1.41,7104
1.41,7103
1.41,7102
1.41,7101
1.42,7100
1.42,7099
1.42,7098
1.43,7096
1.43,7095
1.43,7094
1.43,7093
1.44,7092
1.44,7091
1.44,7090
1.44,7089
1.45,7088
1.45,7087
1.45,7086
1.45,7085
1.46,7084
1.46,7083
1.46,7082
1.46,7081
1.47,7080
1.48,7079
1.48,7078
1.49,7077
1.49,7076
1.49,7075
1.5,7074
1.5,7073
1.5,7072
1.5,7071
1.5,7070
1.51,7069
1.51,7068
1.51,7067
1.51,7066
1.52,7065
1.52,7064
1.52,7063
1.52,7062
1.53,7061
1.53,7060
1.53,7059
1.53,7058
1.54,7057
1.54,7056
1.56,7055
1.56,7054
1.57,7053
1.58,7052
1.59,7051
1.6,7050
1.61,7049
1.63,7048
1.64,7047
1.65,7046
1.65,7045
1.68,7044
1.69,7043
1.69,7042
1.7,7041
1.72,7040
1.79,7039
1.79,7038
1.8,7037
1.8,7036
1.81,7035
1.82,7034
1.85,7033
1.86,7032
1.88,7031
1.88,7030
1.89,7029
1.89,7028
1.9,7027
1.94,7026
1.97,7025
2.01,7024
2.04,7023
2.04,7022
2.09,7021
2.12,7020
2.13,7019
2.16,7018
2.18,7017
2.2,7016
2.22,7015
2.24,7014
2.24,7013
2.25,7012
2.25,7011
2.26,7010
2.27,7009
2.27,7008
2.28,7007
2.29,7006
2.34,7005
2.35,7004
2.36,7003
2.36,7002
2.4,7001
2.42,7000
2.42,6999
2.47,6998
2.53,6997
2.54,6996
2.55,6995
2.64,6994
2.64,6993
2.65,6992
2.88,6991
2.91,6990
2.91,6989
2.91,6988
2.91,6987
3.1,6986
3.1,6985
3.28,6984
3.29,6983
3.29,6982
3.29,6981
3.3,6980
3.3,6979
3.34,6978
3.41,6977
3.56,6976
3.7,6975
3.7,6974
3.7,6973
3.79,6972
3.8,6971
3.8,6970
4.52,6969
4.52,6968
4.67,6967
4.67,6966
4.68,6965
4.68,6964
5.68,6963
5.68,6962
5.69,6961
5.69,6960
5.69,6959
6.14,6958
6.14,6957
7.15,6956
7.15,6955
7.15,6954
7.5,6953
8.03,6952
8.03,6951
8.86,6950
8.87,6949
9.01,6948
9.01,6947
9.38,6946
9.53,6945
9.67,6944
11.09,6943
11.09,6942
11.53,6941
11.53,6940
11.81,6939
12.06,6938
12.06,6937
12.83,6936
13.9,6935
13.9,6934
14.37,6933
15.18,6932
15.77,6931
17.26,6930
18.56,6929
18.97,6928
19.8,6927
29.62,6926
46.19,6925
98.98,6924
155.25,6923
156.43,6922
179.48,6921
338.96,6920
472.23,6919
555.25,6918
