0.0,5078
0.05,5077
0.11,5076
0.13,5075
0.14,5074
0.15,5073
0.16,5072
0.17,5071
0.17,5070
0.19,5069
0.19,5068
0.2,5067
0.21,5066
0.21,5065
0.22,5064
0.22,5063
0.23,5062
0.23,5061
0.24,5060
0.25,5059
0.26,5058
0.26,5057
0.27,5056
0.27,5055
0.28,5054
0.29,5053
0.29,5052
0.3,5051
0.31,5050
0.32,5049
0.33,5048
0.34,5047
0.34,5046
0.35,5045
0.35,5044
0.36,5043
0.37,5042
0.38,5041
0.39,5040
0.39,5039
0.39,5038
0.39,5037
0.4,5036
0.4,5035
0.41,5034
0.41,5033
0.41,5032
0.42,5031
0.42,5030
0.43,5029
0.44,5028
0.44,5027
0.44,5026
0.44,5025
0.45,5024
0.45,5023
0.45,5022
0.46,5021
0.46,5020
0.47,5019
0.47,5018
0.48,5017
0.5,5016
0.51,5015
0.53,5014
0.53,5013
0.53,5012
0.54,5011
0.54,5010
0.55,5009
0.55,5008
0.55,5007
0.56,5006
0.56,5005
0.56,5004
0.59,5003
0.6,5002
0.61,5001
0.61,5000
0.62,4999
0.62,4998
0.63,4997
0.63,4996
0.64,4995
0.64,4994
0.65,4993
0.65,4992
0.65,4991
0.66,4990
0.66,4989
0.66,4988
0.67,4987
0.67,4986
0.67,4985
0.68,4984
0.68,4983
0.68,4982
0.68,4981
0.68,4980
0.69,4979
0.69,4978
0.69,4977
0.69,4976
0.7,4975
0.7,4974
0.7,4973
0.71,4972
0.71,4971
0.71,4970
0.71,4969
0.72,4968
0.72,4967
0.72,4966
0.72,4965
0.73,4964
0.73,4963
0.73,4962
0.74,4961
0.74,4960
0.74,4959
0.74,4957
0.75,4956
0.75,4955
0.76,4954
0.76,4953
0.76,4952
0.76,4951
0.77,4950
0.77,4949
0.77,4948
0.77,4947
0.77,4946
0.78,4945
0.78,4944
0.78,4943
0.79,4942
0.79,4941
0.79,4940
0.79,4939
0.8,4938
0.8,4937
0.8,4936
0.81,4935
0.81,4934
0.81,4933
0.82,4932
0.82,4931
0.83,4930
0.83,4929
0.83,4928
0.83,4927
0.84,4926
0.84,4925
0.85,4924
0.85,4923
0.85,4922
0.86,4921
0.86,4920
0.86,4919
0.87,4918
0.87,4917
0.89,4916
0.89,4915
0.9,4914
0.91,4913
0.91,4912
0.93,4911
0.93,4910
0.94,4909
0.95,4908
0.97,4907
0.97,4906
0.98,4905
0.98,4904
0.99,4903
1.0,4902
1.0,4901
1.01,4900
1.02,4899
1.02,4898
1.03,4897
1.03,4896
1.04,4895
1.04,4894
1.05,4893
1.05,4892
1.06,4891
1.06,4890
1.07,4889
1.07,4888
1.08,4887
1.08,4886
1.09,4885
1.09,4884
1.1,4883
1.1,4882
1.11,4881
1.12,4880
1.12,4879
1.13,4878
1.14,4877
1.15,4876
1.15,4875
1.16,4874
1.16,4873
1.17,4872
1.17,4871
1.18,4870
1.18,4869
1.19,4868
1.19,4867
1.2,4866
1.2,4865
1.21,4864
1.22,4863
1.22,4862
1.23,4861
1.23,4860
1.24,4859
1.24,4858
1.25,4857
1.26,4856
1.26,4855
1.28,4854
1.29,4853
1.29,4852
1.29,4851
1.3,4850
1.31,4849
1.31,4848
1.32,4847
1.33,4846
1.33,4845
1.34,4844
1.35,4843
1.36,4842
1.36,4841
1.37,4840
1.37,4839
1.38,4838
1.38,4837
1.38,4836
1.39,4835
1.4,4834
1.4,4833
1.41,4832
1.41,4831
1.41,4830
1.42,4829
1.42,4828
1.42,4827
1.43,4826
1.43,4825
1.43,4824
1.44,4823
1.44,4822
1.44,4821
1.44,4820
1.45,4819
1.45,4818
1.45,4817
1.46,4816
1.46,4815
1.46,4814
1.46,4813
1.46,4812
1.47,4811
1.47,4810
1.47,4809
1.48,4808
1.48,4807
1.48,4806
1.49,4805
1.49,4804
1.49,4803
1.49,4802
1.49,4801
1.5,4800
1.5,4799
1.5,4798
1.51,4797
1.51,4796
1.51,4795
1.51,4794
1.52,4793
1.52,4792
1.53,4791
1.53,4790
1.53,4789
1.53,4788
1.54,4787
1.54,4786
1.55,4785
1.55,4784
1.55,4783
1.56,4782
1.56,4781
1.56,4780
1.57,4779
1.57,4778
1.58,4777
1.58,4776
1.58,4775
1.59,4774
1.59,4773
1.59,4772
1.6,4771
1.61,4770
1.61,4769
1.61,4768
1.62,4767
1.62,4766
1.62,4765
1.63,4764
1.63,4763
1.63,4762
1.63,4761
1.64,4760
1.64,4759
1.64,4758
1.65,4757
1.65,4756
1.65,4755
1.66,4754
1.66,4753
1.66,4752
1.67,4751
1.67,4750
1.68,4749
1.68,4748
1.69,4747
1.69,4746
1.69,4745
1.7,4744
1.7,4743
1.7,4742
1.71,4741
1.71,4740
1.71,4739
1.72,4737
1.72,4736
1.72,4735
1.73,4734
1.74,4733
1.74,4732
1.74,4731
1.75,4730
1.76,4729
1.76,4728
1.77,4727
1.77,4726
1.78,4725
1.78,4724
1.78,4723
1.79,4722
1.79,4721
1.8,4720
1.8,4719
1.81,4718
1.81,4717
1.82,4716
1.82,4715
1.83,4714
1.84,4713
1.85,4712
1.85,4711
1.86,4710
1.87,4709
1.87,4708
1.87,4707
1.88,4706
1.88,4705
1.89,4704
1.89,4703
1.89,4702
1.9,4701
1.91,4700
1.92,4699
1.93,4698
1.94,4697
1.94,4696
1.94,4695
1.95,4694
1.95,4693
1.96,4692
1.97,4691
1.97,4690
1.97,4689
1.98,4688
1.98,4687
1.99,4686
1.99,4685
1.99,4684
2.01,4683
2.01,4682
2.01,4681
2.01,4680
2.02,4679
2.03,4678
2.04,4677
2.04,4676
2.05,4675
2.06,4674
2.06,4673
2.07,4672
2.09,4671
2.09,4670
2.1,4669
2.1,4668
2.1,4667
2.12,4666
2.13,4665
2.16,4664
2.16,4663
2.17,4662
2.18,4661
2.19,4660
2.2,4659
2.21,4658
2.22,4657
2.22,4656
2.23,4655
2.23,4654
2.26,4653
2.28,4652
2.29,4651
2.3,4650
2.34,4649
2.35,4648
2.36,4647
2.37,4646
2.37,4645
2.39,4644
2.39,4643
2.4,4642
2.4,4641
2.4,4640
2.41,4639
2.41,4638
2.41,4637
2.41,4636
2.41,4635
2.41,4634
2.42,4633
2.42,4632
2.42,4631
2.42,4630
2.42,4629
2.43,4628
2.43,4627
2.5,4626
2.51,4625
2.51,4624
2.52,4623
2.52,4622
2.52,4621
2.52,4620
2.52,4619
2.53,4618
2.53,4617
2.53,4616
2.53,4615
2.53,4614
2.54,4613
2.61,4612
2.63,4611
2.65,4610
2.66,4609
2.71,4608
2.71,4607
2.77,4606
2.8,4605
2.85,4604
2.85,4603
2.86,4602
2.86,4601
2.87,4600
2.87,4599
2.88,4598
3.06,4597
3.22,4596
3.26,4595
3.27,4594
3.27,4593
3.27,4592
3.28,4591
3.28,4590
3.29,4589
3.69,4588
3.69,4587
3.69,4586
3.7,4585
3.7,4584
3.81,4583
3.81,4582
3.81,4581
3.82,4580
3.82,4579
4.29,4578
4.29,4577
4.3,4576
4.33,4575
4.33,4574
4.63,4573
4.63,4572
4.79,4571
4.79,4570
4.79,4569
4.93,4568
5.05,4567
5.57,4566
5.57,4565
5.9,4564
6.07,4563
6.23,4562
6.65,4561
7.74,4560
7.74,4559
8.12,4558
8.12,4557
10.36,4556
10.36,4555
10.78,4554
11.24,4553
12.4,4552
14.89,4551
16.99,4550
17.35,4549
19.86,4548
24.71,4547
27.42,4546
53.75,4545
143.05,4544
239.44,4543
