0.0,5078
0.01,5077
0.01,5076
0.02,5075
0.02,5074
0.03,5073
0.04,5072
0.04,5071
0.04,5070
0.04,5069
0.05,5068
0.05,5067
0.06,5066
0.06,5065
0.06,5064
0.07,5063
0.07,5062
0.07,5061
0.07,5060
0.08,5059
0.08,5058
0.08,5057
0.08,5056
0.09,5055
0.09,5054
0.09,5053
0.09,5052
0.1,5051
0.11,5050
0.11,5049
0.11,5048
0.11,5047
0.12,5046
0.12,5045
0.12,5044
0.12,5043
0.13,5042
0.13,5041
0.13,5040
0.13,5039
0.13,5038
0.14,5037
0.14,5036
0.14,5035
0.15,5034
0.15,5033
0.15,5032
0.16,5031
0.16,5030
0.17,5029
0.17,5028
0.17,5027
0.18,5026
0.18,5025
0.18,5024
0.18,5023
0.19,5022
0.19,5021
0.19,5020
0.19,5019
0.2,5018
0.2,5017
0.2,5016
0.2,5015
0.21,5014
0.21,5013
0.22,5012
0.22,5011
0.23,5010
0.24,5009
0.24,5008
0.24,5007
0.24,5006
0.25,5005
0.25,5004
0.25,5003
0.26,5002
0.26,5001
0.26,5000
0.26,4999
0.26,4998
0.27,4997
0.27,4996
0.27,4995
0.28,4994
0.28,4993
0.28,4992
0.28,4991
0.29,4990
0.29,4989
0.29,4988
0.29,4987
0.3,4986
0.3,4985
0.3,4984
0.3,4983
0.31,4982
0.31,4981
0.31,4980
0.32,4979
0.32,4978
0.32,4977
0.32,4976
0.32,4975
0.33,4974
0.33,4973
0.33,4972
0.34,4971
0.34,4970
0.35,4969
0.35,4968
0.36,4967
0.36,4966
0.36,4965
0.36,4964
0.37,4963
0.37,4962
0.37,4961
0.37,4960
0.38,4959
0.38,4958
0.38,4957
0.39,4956
0.39,4955
0.39,4954
0.39,4953
0.39,4952
0.4,4951
0.4,4950
0.4,4949
0.4,4948
0.4,4947
0.41,4946
0.41,4945
0.41,4944
0.41,4943
0.41,4942
0.42,4941
0.42,4940
0.42,4939
0.42,4938
0.43,4937
0.43,4936
0.43,4935
0.44,4934
0.44,4933
0.44,4932
0.45,4931
0.45,4930
0.45,4928
0.45,4927
0.46,4926
0.46,4925
0.46,4924
0.46,4923
0.47,4922
0.47,4921
0.47,4920
0.47,4919
0.48,4918
0.48,4917
0.48,4916
0.48,4915
0.49,4914
0.49,4913
0.49,4912
0.49,4911
0.49,4910
0.5,4909
0.5,4908
0.5,4907
0.5,4906
0.51,4905
0.51,4904
0.51,4903
0.51,4902
0.52,4901
0.52,4900
0.52,4899
0.52,4898
0.53,4897
0.53,4896
0.53,4895
0.54,4894
0.54,4893
0.55,4892
0.55,4891
0.55,4890
0.56,4889
0.56,4888
0.56,4887
0.56,4885
0.57,4884
0.57,4883
0.57,4882
0.58,4881
0.58,4880
0.58,4879
0.58,4878
0.59,4877
0.59,4876
0.59,4875
0.6,4874
0.6,4873
0.6,4872
0.6,4871
0.61,4870
0.61,4869
0.61,4868
0.61,4867
0.62,4866
0.62,4865
0.62,4864
0.62,4863
0.62,4862
0.63,4861
0.63,4860
0.63,4859
0.63,4858
0.64,4857
0.64,4856
0.64,4855
0.64,4854
0.64,4853
0.65,4852
0.65,4851
0.65,4850
0.65,4849
0.65,4848
0.66,4847
0.66,4846
0.66,4845
0.66,4844
0.67,4843
0.67,4842
0.68,4841
0.68,4840
0.68,4839
0.68,4838
0.69,4837
0.69,4836
0.7,4835
0.7,4834
0.7,4833
0.71,4832
0.71,4831
0.71,4830
0.71,4829
0.72,4828
0.72,4827
0.73,4826
0.73,4825
0.73,4824
0.73,4823
0.73,4822
0.74,4821
0.74,4820
0.74,4819
0.74,4818
0.75,4817
0.75,4816
0.75,4815
0.76,4814
0.76,4813
0.76,4812
0.76,4811
0.77,4810
0.77,4809
0.77,4808
0.77,4807
0.77,4806
0.78,4805
0.78,4804
0.78,4803
0.79,4802
0.79,4801
0.79,4800
0.8,4799
0.8,4798
0.8,4797
0.81,4796
0.81,4795
0.81,4794
0.82,4793
0.82,4792
0.82,4791
0.83,4790
0.83,4789
0.83,4788
0.83,4787
0.84,4786
0.84,4785
0.85,4784
0.85,4783
0.86,4782
0.86,4781
0.86,4780
0.87,4779
0.88,4778
0.88,4777
0.88,4776
0.89,4775
0.89,4774
0.89,4773
0.9,4772
0.9,4771
0.9,4770
0.91,4769
0.91,4768
0.91,4767
0.91,4766
0.92,4765
0.92,4764
0.93,4763
0.93,4762
0.93,4761
0.93,4760
0.94,4759
0.94,4758
0.95,4757
0.95,4756
0.95,4755
0.95,4754
0.95,4753
0.96,4752
0.97,4751
0.97,4750
0.98,4749
0.98,4748
0.99,4747
0.99,4746
1.0,4745
1.0,4744
1.0,4743
1.0,4742
1.0,4741
1.01,4740
1.01,4739
1.01,4738
1.01,4737
1.02,4736
1.02,4735
1.02,4734
1.02,4733
1.03,4732
1.03,4731
1.03,4730
1.04,4729
1.04,4728
1.04,4727
1.05,4726
1.05,4725
1.05,4724
1.06,4723
1.07,4722
1.08,4721
1.08,4720
1.08,4719
1.09,4718
1.09,4717
1.09,4716
1.1,4715
1.1,4714
1.1,4713
1.1,4712
1.11,4711
1.11,4710
1.12,4709
1.13,4708
1.13,4707
1.14,4706
1.14,4705
1.15,4704
1.16,4703
1.16,4702
1.16,4701
1.16,4700
1.17,4699
1.18,4698
1.18,4697
1.19,4696
1.19,4695
1.2,4694
1.2,4693
1.2,4692
1.21,4691
1.21,4690
1.22,4689
1.22,4688
1.23,4687
1.23,4686
1.23,4685
1.23,4684
1.24,4683
1.24,4682
1.24,4681
1.24,4680
1.25,4679
1.26,4678
1.26,4677
1.26,4676
1.26,4675
1.26,4674
1.27,4673
1.28,4672
1.28,4671
1.29,4670
1.3,4669
1.32,4668
1.32,4667
1.32,4666
1.33,4665
1.34,4664
1.34,4663
1.34,4662
1.35,4661
1.36,4660
1.36,4659
1.37,4658
1.37,4657
1.37,4656
1.38,4655
1.39,4654
1.4,4653
1.4,4652
1.4,4651
1.43,4650
1.45,4649
1.46,4648
1.46,4647
1.46,4646
1.46,4645
1.47,4644
1.47,4643
1.47,4642
1.47,4641
1.47,4640
1.47,4639
1.48,4638
1.48,4637
1.48,4636
1.49,4635
1.49,4634
1.53,4633
1.53,4632
1.54,4631
1.54,4630
1.54,4629
1.54,4628
1.55,4627
1.59,4626
1.6,4625
1.62,4624
1.63,4623
1.63,4622
1.64,4621
1.64,4620
1.64,4619
1.64,4618
1.64,4617
1.65,4616
1.65,4615
1.65,4614
1.69,4613
1.69,4612
1.69,4611
1.69,4610
1.77,4609
1.79,4608
1.79,4607
1.79,4606
1.79,4605
1.79,4604
1.79,4603
1.8,4602
1.88,4601
1.89,4600
1.89,4599
1.89,4598
1.9,4597
1.9,4596
1.9,4595
1.9,4594
1.9,4593
1.91,4592
1.99,4591
1.99,4590
2.0,4589
2.0,4588
2.12,4587
2.15,4586
2.15,4585
2.15,4584
2.16,4583
2.16,4582
2.17,4581
2.23,4580
2.23,4579
2.23,4578
2.32,4577
2.34,4576
2.4,4575
2.4,4574
2.41,4573
2.41,4572
2.76,4571
2.76,4570
2.76,4569
2.87,4568
2.95,4567
2.95,4566
2.96,4565
2.96,4564
2.96,4563
3.02,4562
3.43,4561
3.57,4560
3.73,4559
3.73,4558
3.73,4557
4.37,4556
4.37,4555
4.65,4554
4.79,4553
5.83,4552
5.83,4551
6.98,4550
9.5,4549
9.66,4548
13.56,4547
18.35,4546
23.66,4545
25.03,4544
493.52,4543
