0.0,5078
0.0,5077
0.01,5076
0.01,5075
0.01,5074
0.01,5073
0.02,5072
0.02,5071
0.02,5070
0.03,5069
0.03,5068
0.03,5067
0.03,5066
0.03,5065
0.04,5064
0.04,5063
0.04,5062
0.05,5061
0.05,5060
0.06,5059
0.06,5058
0.07,5057
0.07,5056
0.07,5055
0.07,5054
0.07,5053
0.08,5052
0.08,5051
0.08,5050
0.09,5049
0.1,5048
0.1,5047
0.11,5046
0.11,5045
0.11,5044
0.11,5043
0.12,5042
0.12,5041
0.13,5040
0.13,5039
0.13,5038
0.14,5037
0.14,5036
0.14,5035
0.14,5034
0.15,5033
0.15,5032
0.15,5031
0.16,5030
0.16,5029
0.17,5028
0.17,5027
0.18,5026
0.18,5025
0.18,5024
0.19,5023
0.19,5022
0.2,5021
0.2,5020
0.2,5019
0.2,5018
0.21,5017
0.21,5016
0.22,5015
0.22,5014
0.22,5013
0.22,5012
0.23,5011
0.23,5010
0.23,5009
0.23,5008
0.24,5007
0.24,5006
0.24,5005
0.25,5004
0.25,5003
0.25,5002
0.25,5000
0.26,4999
0.26,4998
0.26,4997
0.27,4996
0.27,4995
0.27,4994
0.28,4993
0.28,4992
0.28,4991
0.28,4990
0.29,4989
0.29,4988
0.29,4987
0.29,4986
0.29,4985
0.3,4984
0.3,4983
0.3,4982
0.3,4981
0.31,4980
0.31,4979
0.31,4978
0.31,4977
0.31,4976
0.32,4975
0.32,4974
0.33,4973
0.33,4972
0.33,4971
0.34,4970
0.34,4969
0.34,4968
0.34,4967
0.34,4966
0.35,4965
0.35,4964
0.35,4963
0.35,4962
0.36,4961
0.36,4960
0.36,4959
0.37,4958
0.37,4957
0.37,4956
0.37,4955
0.38,4954
0.38,4953
0.38,4952
0.38,4951
0.38,4950
0.39,4949
0.39,4948
0.39,4947
0.4,4946
0.4,4945
0.4,4944
0.41,4943
0.41,4942
0.41,4941
0.41,4940
0.41,4939
0.42,4938
0.42,4937
0.42,4936
0.42,4935
0.43,4934
0.43,4933
0.43,4932
0.43,4931
0.43,4930
0.44,4929
0.44,4928
0.44,4927
0.45,4926
0.45,4925
0.45,4924
0.45,4923
0.45,4922
0.46,4921
0.46,4920
0.46,4919
0.46,4918
0.47,4917
0.47,4916
0.47,4915
0.48,4914
0.48,4913
0.48,4912
0.48,4911
0.49,4910
0.49,4909
0.49,4908
0.49,4907
0.5,4906
0.5,4905
0.5,4904
0.5,4903
0.5,4902
0.51,4901
0.51,4900
0.51,4899
0.52,4898
0.52,4897
0.52,4896
0.52,4895
0.53,4894
0.53,4893
0.53,4892
0.54,4891
0.54,4890
0.54,4889
0.55,4888
0.55,4887
0.55,4886
0.56,4885
0.56,4884
0.56,4883
0.56,4882
0.57,4881
0.57,4880
0.57,4879
0.57,4878
0.58,4877
0.58,4876
0.59,4875
0.59,4874
0.59,4873
0.59,4872
0.6,4871
0.6,4870
0.6,4869
0.6,4868
0.61,4867
0.61,4866
0.61,4865
0.62,4864
0.62,4863
0.62,4862
0.62,4861
0.63,4860
0.63,4859
0.63,4858
0.64,4857
0.64,4856
0.64,4855
0.65,4854
0.65,4853
0.65,4852
0.65,4851
0.66,4850
0.66,4849
0.66,4848
0.66,4847
0.67,4846
0.67,4845
0.67,4844
0.68,4843
0.68,4842
0.68,4841
0.69,4840
0.69,4839
0.69,4838
0.69,4837
0.69,4836
0.7,4835
0.7,4834
0.7,4833
0.7,4832
0.71,4831
0.71,4830
0.71,4829
0.71,4828
0.72,4827
0.72,4826
0.72,4825
0.72,4824
0.73,4823
0.73,4822
0.73,4821
0.73,4820
0.74,4819
0.74,4818
0.75,4817
0.75,4816
0.75,4815
0.75,4814
0.75,4813
0.76,4812
0.76,4811
0.76,4810
0.76,4809
0.77,4808
0.77,4807
0.77,4806
0.77,4805
0.78,4804
0.78,4803
0.78,4802
0.79,4801
0.79,4800
0.79,4799
0.79,4798
0.79,4797
0.8,4796
0.8,4795
0.8,4794
0.8,4793
0.81,4792
0.81,4791
0.82,4790
0.82,4789
0.82,4788
0.82,4787
0.83,4786
0.83,4785
0.83,4784
0.83,4783
0.83,4782
0.84,4781
0.84,4780
0.84,4779
0.85,4778
0.85,4777
0.85,4776
0.86,4775
0.86,4774
0.86,4773
0.87,4772
0.87,4771
0.88,4770
0.88,4769
0.88,4768
0.89,4767
0.89,4766
0.9,4765
0.9,4764
0.9,4763
0.9,4762
0.91,4761
0.91,4760
0.91,4759
0.91,4758
0.92,4757
0.92,4756
0.92,4755
0.92,4754
0.92,4753
0.93,4752
0.93,4751
0.93,4750
0.93,4749
0.94,4748
0.94,4747
0.95,4746
0.95,4745
0.97,4744
0.97,4743
0.97,4742
0.98,4741
0.98,4740
0.99,4739
0.99,4738
0.99,4737
1.0,4736
1.0,4735
1.0,4734
1.0,4733
1.0,4732
1.01,4731
1.01,4730
1.01,4729
1.02,4728
1.02,4727
1.02,4726
1.03,4725
1.03,4724
1.03,4723
1.03,4722
1.04,4721
1.04,4720
1.05,4719
1.05,4718
1.06,4717
1.06,4716
1.07,4715
1.07,4714
1.07,4713
1.08,4712
1.08,4711
1.08,4710
1.09,4709
1.09,4708
1.09,4707
1.1,4706
1.12,4705
1.12,4704
1.13,4703
1.13,4702
1.13,4701
1.13,4700
1.14,4699
1.15,4698
1.15,4697
1.16,4696
1.16,4695
1.17,4694
1.17,4693
1.17,4692
1.17,4691
1.18,4690
1.18,4689
1.19,4688
1.19,4687
1.2,4686
1.2,4685
1.2,4684
1.21,4683
1.22,4682
1.22,4681
1.23,4680
1.24,4679
1.25,4678
1.25,4677
1.25,4676
1.27,4675
1.28,4674
1.28,4673
1.29,4672
1.29,4671
1.29,4670
1.3,4669
1.3,4668
1.3,4667
1.32,4666
1.33,4665
1.33,4664
1.34,4663
1.34,4662
1.35,4661
1.35,4660
1.35,4659
1.36,4658
1.37,4657
1.37,4656
1.37,4655
1.38,4654
1.39,4653
1.4,4652
1.41,4651
1.41,4650
1.42,4649
1.42,4648
1.43,4647
1.44,4646
1.49,4645
1.52,4644
1.53,4643
1.53,4642
1.53,4641
1.54,4640
1.54,4639
1.55,4638
1.55,4637
1.55,4636
1.55,4635
1.55,4634
1.55,4633
1.56,4632
1.56,4631
1.56,4630
1.58,4629
1.63,4628
1.63,4627
1.64,4626
1.64,4625
1.65,4624
1.66,4623
1.69,4622
1.7,4621
1.7,4620
1.73,4619
1.73,4618
1.73,4617
1.73,4616
1.74,4615
1.74,4614
1.74,4613
1.76,4612
1.77,4611
1.77,4610
1.77,4609
1.78,4608
1.84,4607
1.84,4606
1.88,4605
1.88,4604
1.92,4603
1.99,4602
1.99,4601
2.0,4600
2.0,4599
2.0,4598
2.0,4597
2.05,4596
2.06,4595
2.12,4594
2.17,4593
2.2,4592
2.21,4591
2.21,4590
2.21,4589
2.21,4588
2.31,4587
2.31,4586
2.31,4585
2.37,4584
2.37,4583
2.45,4582
2.47,4581
2.48,4580
2.64,4579
2.64,4578
2.64,4577
2.65,4576
2.83,4575
2.84,4574
2.84,4573
2.84,4572
3.0,4571
3.0,4570
3.08,4569
3.08,4568
3.08,4567
3.27,4566
3.38,4565
3.38,4564
3.56,4563
3.71,4562
3.71,4561
3.87,4560
4.16,4559
4.41,4558
4.82,4557
5.17,4556
6.1,4555
6.65,4554
6.74,4553
7.96,4552
8.05,4551
9.06,4550
10.96,4549
10.96,4548
15.08,4547
20.68,4546
265.32,4545
306.67,4544
494.72,4543
551.24,4542
