0.0,5078
0.01,5077
0.02,5076
0.02,5075
0.02,5074
0.03,5073
0.04,5072
0.04,5071
0.04,5070
0.04,5069
0.05,5068
0.05,5067
0.06,5066
0.06,5065
0.06,5064
0.07,5063
0.07,5062
0.07,5061
0.08,5060
0.08,5059
0.09,5058
0.1,5057
0.11,5056
0.11,5055
0.11,5054
0.12,5053
0.12,5052
0.12,5051
0.13,5050
0.13,5049
0.14,5048
0.14,5047
0.15,5046
0.15,5045
0.15,5044
0.16,5043
0.16,5042
0.16,5041
0.16,5040
0.17,5039
0.17,5038
0.18,5037
0.18,5036
0.18,5035
0.18,5034
0.18,5033
0.19,5032
0.19,5031
0.19,5030
0.2,5029
0.2,5028
0.21,5027
0.21,5026
0.21,5025
0.22,5024
0.22,5023
0.22,5022
0.22,5021
0.23,5020
0.23,5019
0.23,5018
0.24,5017
0.24,5016
0.24,5015
0.25,5014
0.25,5013
0.25,5012
0.26,5011
0.26,5010
0.26,5009
0.26,5008
0.27,5007
0.27,5006
0.27,5005
0.27,5004
0.28,5003
0.28,5002
0.28,5001
0.29,5000
0.29,4999
0.29,4998
0.29,4997
0.29,4996
0.3,4995
0.3,4994
0.31,4993
0.31,4992
0.31,4991
0.31,4990
0.32,4989
0.32,4988
0.32,4987
0.33,4986
0.33,4985
0.33,4984
0.33,4983
0.33,4982
0.34,4981
0.34,4980
0.34,4979
0.34,4978
0.35,4977
0.35,4976
0.35,4975
0.35,4974
0.35,4973
0.36,4972
0.36,4971
0.36,4970
0.36,4969
0.37,4968
0.37,4967
0.37,4966
0.38,4965
0.38,4964
0.38,4963
0.38,4962
0.39,4961
0.39,4960
0.39,4959
0.4,4958
0.41,4957
0.41,4956
0.41,4955
0.42,4954
0.42,4953
0.43,4952
0.43,4951
0.43,4950
0.43,4949
0.44,4948
0.44,4947
0.44,4946
0.44,4945
0.45,4944
0.45,4943
0.45,4942
0.45,4941
0.45,4940
0.46,4939
0.46,4938
0.46,4937
0.47,4936
0.47,4935
0.47,4934
0.47,4933
0.48,4932
0.48,4931
0.48,4930
0.48,4929
0.48,4928
0.48,4927
0.49,4926
0.49,4925
0.49,4924
0.49,4923
0.5,4922
0.5,4921
0.51,4920
0.52,4919
0.52,4918
0.53,4917
0.53,4916
0.54,4915
0.54,4914
0.54,4913
0.54,4912
0.55,4911
0.55,4910
0.55,4909
0.55,4908
0.55,4907
0.56,4906
0.56,4905
0.57,4904
0.57,4903
0.57,4902
0.57,4901
0.57,4900
0.58,4899
0.58,4898
0.58,4897
0.58,4896
0.58,4895
0.59,4894
0.59,4893
0.59,4892
0.6,4891
0.6,4890
0.61,4889
0.62,4888
0.62,4887
0.62,4886
0.62,4885
0.62,4884
0.63,4883
0.63,4882
0.63,4881
0.63,4880
0.64,4879
0.64,4878
0.64,4877
0.65,4876
0.65,4875
0.65,4874
0.65,4873
0.65,4872
0.66,4871
0.66,4870
0.66,4869
0.66,4868
0.66,4867
0.67,4866
0.67,4865
0.67,4864
0.67,4863
0.68,4861
0.68,4860
0.68,4859
0.68,4858
0.68,4857
0.69,4856
0.69,4855
0.7,4854
0.7,4853
0.7,4852
0.71,4851
0.71,4850
0.71,4849
0.71,4848
0.72,4847
0.72,4846
0.72,4845
0.72,4844
0.73,4843
0.73,4842
0.74,4841
0.74,4840
0.74,4839
0.74,4838
0.75,4837
0.75,4836
0.75,4835
0.75,4834
0.76,4833
0.76,4832
0.76,4831
0.76,4830
0.77,4829
0.77,4828
0.78,4827
0.78,4826
0.78,4825
0.78,4824
0.79,4823
0.79,4822
0.79,4821
0.8,4820
0.81,4819
0.81,4818
0.81,4817
0.81,4816
0.82,4815
0.82,4814
0.82,4813
0.82,4812
0.82,4811
0.83,4810
0.83,4809
0.84,4808
0.84,4807
0.84,4806
0.84,4805
0.84,4804
0.85,4803
0.85,4802
0.85,4801
0.85,4800
0.86,4799
0.86,4798
0.86,4796
0.87,4795
0.87,4794
0.87,4793
0.88,4792
0.88,4791
0.88,4790
0.89,4789
0.89,4788
0.9,4787
0.9,4786
0.91,4785
0.91,4784
0.91,4783
0.92,4782
0.92,4781
0.92,4780
0.93,4779
0.94,4778
0.94,4777
0.94,4776
0.94,4775
0.95,4774
0.95,4773
0.96,4772
0.96,4771
0.96,4770
0.97,4769
0.97,4768
0.98,4767
0.98,4766
0.99,4765
0.99,4764
0.99,4763
1.0,4762
1.0,4761
1.01,4760
1.01,4759
1.01,4758
1.01,4757
1.02,4756
1.02,4755
1.03,4754
1.03,4753
1.04,4752
1.04,4751
1.04,4750
1.04,4749
1.04,4748
1.05,4747
1.06,4746
1.06,4745
1.06,4744
1.06,4743
1.07,4742
1.07,4741
1.07,4740
1.07,4739
1.08,4738
1.08,4737
1.08,4736
1.09,4735
1.09,4734
1.09,4733
1.1,4732
1.11,4731
1.11,4730
1.11,4729
1.12,4728
1.13,4727
1.13,4726
1.13,4725
1.14,4724
1.14,4723
1.14,4722
1.15,4721
1.15,4720
1.15,4719
1.16,4718
1.16,4717
1.17,4716
1.17,4715
1.18,4714
1.19,4713
1.19,4712
1.2,4711
1.2,4710
1.21,4709
1.21,4708
1.21,4707
1.22,4706
1.22,4705
1.23,4704
1.23,4703
1.23,4702
1.25,4701
1.25,4700
1.27,4699
1.27,4698
1.27,4697
1.27,4696
1.27,4695
1.28,4694
1.28,4693
1.28,4692
1.28,4691
1.29,4690
1.3,4689
1.31,4688
1.31,4687
1.31,4686
1.32,4685
1.33,4684
1.34,4683
1.34,4682
1.35,4681
1.35,4680
1.35,4679
1.36,4678
1.36,4677
1.36,4676
1.36,4675
1.37,4674
1.37,4673
1.37,4672
1.38,4671
1.38,4670
1.38,4669
1.39,4668
1.4,4667
1.41,4666
1.41,4665
1.42,4664
1.42,4663
1.42,4662
1.42,4661
1.43,4660
1.44,4659
1.45,4658
1.46,4657
1.46,4656
1.46,4655
1.46,4654
1.48,4653
1.48,4652
1.49,4651
1.52,4650
1.52,4649
1.52,4648
1.53,4647
1.54,4646
1.54,4645
1.55,4644
1.57,4643
1.57,4642
1.58,4641
1.58,4640
1.58,4639
1.58,4638
1.58,4637
1.58,4636
1.59,4635
1.59,4634
1.59,4633
1.59,4631
1.6,4630
1.6,4629
1.61,4628
1.61,4627
1.61,4626
1.61,4625
1.61,4624
1.62,4623
1.68,4622
1.73,4621
1.75,4620
1.76,4619
1.78,4618
1.8,4617
1.84,4616
1.84,4615
1.84,4614
1.84,4613
1.85,4612
1.89,4611
1.94,4610
2.03,4609
2.04,4608
2.07,4607
2.08,4606
2.14,4605
2.24,4604
2.24,4603
2.24,4602
2.24,4601
2.25,4600
2.25,4599
2.26,4598
2.26,4597
2.38,4596
2.43,4595
2.44,4594
2.44,4593
2.44,4592
2.44,4591
2.65,4590
2.65,4589
2.65,4588
2.66,4587
2.67,4586
2.68,4585
2.68,4584
2.76,4583
2.76,4582
2.77,4581
2.85,4580
2.94,4579
2.94,4578
2.94,4577
3.06,4576
3.21,4575
3.22,4574
3.22,4573
3.23,4572
3.23,4571
3.23,4570
3.23,4569
3.23,4568
3.27,4567
3.27,4566
3.37,4565
3.6,4564
3.86,4563
4.25,4562
4.45,4561
4.45,4560
4.55,4559
4.55,4558
4.7,4557
5.11,4556
5.19,4555
5.27,4554
5.39,4553
5.86,4552
6.35,4551
6.35,4550
7.5,4549
7.79,4548
9.4,4547
9.74,4546
10.05,4545
13.76,4544
13.99,4543
222.55,4542
