0.0,5078
0.0,5077
0.02,5076
0.02,5075
0.02,5074
0.04,5073
0.04,5072
0.04,5071
0.06,5070
0.06,5069
0.06,5068
0.07,5067
0.08,5066
0.08,5065
0.09,5064
0.1,5063
0.1,5062
0.1,5061
0.1,5060
0.11,5059
0.11,5058
0.11,5057
0.12,5056
0.12,5055
0.13,5054
0.13,5053
0.13,5052
0.13,5051
0.14,5050
0.14,5049
0.16,5048
0.16,5047
0.16,5046
0.16,5045
0.17,5044
0.17,5043
0.18,5042
0.18,5041
0.18,5040
0.19,5039
0.2,5038
0.2,5037
0.21,5036
0.21,5035
0.22,5034
0.22,5033
0.22,5032
0.23,5031
0.23,5030
0.23,5029
0.24,5028
0.24,5027
0.24,5026
0.24,5025
0.25,5024
0.25,5023
0.25,5022
0.25,5021
0.26,5020
0.27,5019
0.27,5018
0.27,5017
0.28,5016
0.28,5015
0.28,5014
0.28,5013
0.29,5012
0.29,5011
0.29,5009
0.29,5008
0.3,5007
0.3,5006
0.3,5005
0.3,5004
0.31,5003
0.31,5002
0.31,5001
0.32,5000
0.32,4999
0.32,4998
0.33,4997
0.33,4996
0.33,4995
0.34,4994
0.34,4993
0.34,4992
0.34,4991
0.35,4990
0.35,4989
0.35,4988
0.35,4987
0.36,4986
0.36,4985
0.36,4984
0.37,4983
0.37,4982
0.37,4981
0.38,4980
0.38,4979
0.38,4978
0.39,4977
0.39,4976
0.4,4975
0.4,4974
0.4,4973
0.4,4972
0.4,4971
0.41,4970
0.41,4969
0.41,4968
0.41,4967
0.42,4966
0.42,4965
0.42,4963
0.42,4962
0.43,4961
0.43,4960
0.43,4959
0.43,4958
0.43,4957
0.44,4956
0.44,4955
0.44,4954
0.44,4953
0.45,4952
0.45,4951
0.46,4950
0.46,4948
0.46,4947
0.46,4946
0.46,4944
0.47,4943
0.47,4942
0.47,4941
0.47,4940
0.48,4939
0.48,4938
0.48,4937
0.49,4936
0.49,4935
0.49,4934
0.5,4933
0.5,4932
0.5,4931
0.51,4930
0.51,4929
0.52,4928
0.52,4927
0.52,4926
0.52,4925
0.52,4924
0.53,4923
0.53,4922
0.53,4921
0.54,4920
0.54,4919
0.54,4918
0.54,4917
0.54,4916
0.55,4915
0.55,4914
0.55,4913
0.55,4912
0.56,4911
0.56,4910
0.56,4909
0.57,4908
0.58,4907
0.58,4906
0.58,4905
0.58,4904
0.59,4903
0.59,4902
0.59,4901
0.6,4900
0.6,4899
0.6,4898
0.6,4897
0.61,4896
0.61,4895
0.61,4894
0.62,4893
0.62,4892
0.62,4891
0.63,4890
0.63,4888
0.63,4887
0.64,4886
0.64,4885
0.64,4884
0.64,4883
0.65,4882
0.65,4881
0.66,4880
0.66,4879
0.66,4878
0.66,4877
0.66,4876
0.67,4875
0.67,4874
0.67,4873
0.67,4872
0.68,4871
0.68,4870
0.68,4869
0.69,4868
0.69,4867
0.69,4866
0.7,4865
0.7,4864
0.71,4863
0.71,4862
0.71,4861
0.71,4860
0.72,4859
0.72,4858
0.72,4857
0.72,4856
0.73,4855
0.73,4854
0.73,4853
0.73,4852
0.74,4851
0.74,4850
0.74,4849
0.74,4848
0.75,4847
0.75,4846
0.76,4845
0.76,4844
0.76,4843
0.77,4842
0.77,4841
0.77,4840
0.78,4839
0.78,4838
0.79,4837
0.79,4836
0.79,4835
0.79,4834
0.8,4833
0.8,4832
0.8,4831
0.8,4830
0.81,4829
0.81,4828
0.82,4827
0.82,4826
0.83,4825
0.83,4824
0.83,4823
0.84,4822
0.84,4821
0.86,4820
0.86,4819
0.87,4818
0.88,4817
0.88,4816
0.89,4815
0.89,4814
0.9,4813
0.91,4812
0.95,4811
0.95,4810
0.96,4809
0.96,4808
0.96,4807
0.97,4806
0.97,4805
0.98,4804
0.99,4803
1.0,4802
1.01,4801
1.01,4800
1.02,4799
1.02,4798
1.02,4797
1.03,4796
1.04,4795
1.05,4794
1.05,4793
1.07,4792
1.07,4791
1.08,4790
1.08,4789
1.08,4788
1.09,4787
1.09,4786
1.1,4785
1.1,4784
1.11,4783
1.11,4782
1.11,4781
1.12,4780
1.13,4779
1.13,4778
1.13,4777
1.14,4776
1.14,4775
1.15,4774
1.15,4773
1.16,4772
1.16,4771
1.16,4770
1.17,4769
1.18,4768
1.18,4767
1.18,4766
1.19,4764
1.19,4763
1.19,4762
1.19,4761
1.2,4760
1.2,4759
1.2,4758
1.21,4757
1.21,4756
1.21,4755
1.22,4754
1.22,4753
1.22,4752
1.23,4751
1.24,4750
1.24,4749
1.24,4748
1.24,4747
1.24,4746
1.25,4745
1.25,4744
1.25,4743
1.26,4742
1.26,4741
1.26,4740
1.27,4739
1.28,4738
1.29,4737
1.29,4736
1.3,4735
1.31,4734
1.31,4733
1.32,4732
1.32,4731
1.32,4730
1.32,4729
1.32,4728
1.33,4727
1.34,4726
1.34,4725
1.35,4724
1.36,4723
1.36,4722
1.36,4721
1.36,4720
1.37,4719
1.37,4718
1.37,4717
1.37,4716
1.38,4715
1.38,4714
1.38,4713
1.39,4712
1.39,4711
1.39,4710
1.39,4709
1.4,4708
1.41,4707
1.41,4706
1.42,4705
1.43,4704
1.43,4703
1.45,4702
1.45,4701
1.47,4700
1.47,4699
1.49,4698
1.5,4697
1.5,4696
1.51,4695
1.51,4694
1.51,4693
1.52,4692
1.52,4691
1.53,4690
1.54,4689
1.54,4688
1.55,4687
1.55,4686
1.55,4685
1.55,4684
1.56,4683
1.57,4682
1.58,4681
1.58,4680
1.59,4679
1.59,4678
1.6,4677
1.6,4676
1.6,4675
1.61,4674
1.61,4673
1.61,4672
1.62,4671
1.62,4670
1.63,4669
1.63,4668
1.65,4667
1.66,4666
1.66,4665
1.66,4664
1.67,4663
1.67,4662
1.68,4661
1.69,4660
1.71,4659
1.71,4658
1.71,4657
1.72,4656
1.74,4655
1.74,4654
1.74,4653
1.74,4652
1.75,4651
1.75,4650
1.76,4649
1.77,4648
1.78,4647
1.8,4646
1.8,4645
1.8,4644
1.81,4643
1.82,4642
1.82,4641
1.83,4640
1.84,4639
1.84,4638
1.84,4637
1.89,4636
1.91,4635
1.93,4634
1.96,4633
1.99,4632
2.0,4631
2.01,4630
2.02,4629
2.02,4628
2.02,4627
2.03,4626
2.03,4625
2.04,4624
2.04,4623
2.04,4622
2.04,4621
2.05,4620
2.05,4619
2.06,4618
2.16,4617
2.19,4616
2.24,4615
2.24,4614
2.25,4613
2.25,4612
2.27,4611
2.27,4610
2.27,4609
2.28,4608
2.28,4607
2.28,4606
2.42,4605
2.44,4604
2.44,4603
2.45,4602
2.45,4601
2.45,4600
2.5,4599
2.5,4598
2.5,4597
2.5,4596
2.5,4595
2.71,4594
2.72,4593
2.72,4592
2.73,4591
2.81,4590
2.84,4589
2.85,4588
2.86,4587
2.93,4586
2.95,4585
2.96,4584
2.96,4583
2.96,4582
2.97,4581
2.97,4580
3.03,4579
3.04,4578
3.11,4577
3.21,4576
3.21,4575
3.22,4574
3.22,4573
3.76,4572
3.76,4571
3.76,4570
3.77,4569
3.77,4568
4.07,4567
4.13,4566
4.14,4565
4.26,4564
4.49,4563
4.74,4562
4.74,4561
5.37,4560
5.77,4559
5.77,4558
6.42,4557
6.69,4556
6.82,4555
7.1,4554
7.44,4553
8.52,4552
10.24,4551
10.24,4550
10.44,4549
10.74,4548
13.32,4547
26.97,4546
27.55,4545
38.27,4544
349.15,4543
564.12,4542
