0.0,5078
0.01,5077
0.01,5076
0.02,5075
0.03,5074
0.03,5073
0.04,5072
0.04,5071
0.05,5070
0.05,5069
0.05,5068
0.06,5067
0.06,5066
0.06,5065
0.07,5064
0.07,5063
0.07,5062
0.08,5061
0.08,5060
0.08,5059
0.08,5058
0.09,5057
0.09,5056
0.09,5055
0.09,5054
0.09,5053
0.1,5052
0.1,5051
0.1,5050
0.11,5049
0.11,5048
0.12,5047
0.12,5046
0.12,5045
0.12,5044
0.13,5043
0.13,5042
0.13,5041
0.13,5040
0.13,5039
0.14,5038
0.14,5037
0.15,5036
0.15,5035
0.15,5034
0.15,5033
0.16,5032
0.16,5031
0.16,5030
0.17,5029
0.17,5028
0.17,5027
0.17,5026
0.18,5025
0.18,5024
0.18,5023
0.18,5022
0.18,5021
0.18,5020
0.19,5019
0.19,5018
0.19,5017
0.2,5016
0.2,5015
0.2,5014
0.2,5013
0.21,5012
0.21,5011
0.22,5010
0.22,5009
0.22,5008
0.22,5007
0.22,5006
0.23,5005
0.23,5004
0.23,5003
0.23,5002
0.24,5001
0.24,5000
0.24,4999
0.25,4998
0.26,4997
0.26,4996
0.26,4995
0.26,4994
0.27,4993
0.27,4992
0.27,4991
0.27,4990
0.28,4989
0.28,4988
0.29,4987
0.29,4986
0.29,4985
0.29,4984
0.3,4983
0.3,4982
0.3,4981
0.31,4980
0.31,4979
0.31,4978
0.31,4977
0.32,4976
0.32,4975
0.32,4974
0.32,4973
0.33,4972
0.33,4971
0.34,4970
0.34,4969
0.34,4968
0.34,4967
0.34,4966
0.35,4965
0.35,4964
0.35,4963
0.35,4962
0.35,4961
0.36,4960
0.36,4959
0.37,4958
0.37,4957
0.37,4956
0.37,4955
0.37,4954
0.38,4953
0.38,4952
0.38,4951
0.38,4950
0.39,4949
0.39,4948
0.39,4947
0.4,4946
0.4,4945
0.4,4944
0.41,4943
0.41,4942
0.41,4941
0.41,4940
0.42,4939
0.42,4938
0.42,4937
0.43,4936
0.43,4935
0.43,4934
0.43,4933
0.44,4932
0.44,4931
0.44,4930
0.45,4929
0.45,4928
0.45,4927
0.45,4926
0.46,4925
0.46,4924
0.46,4923
0.47,4922
0.47,4921
0.47,4920
0.48,4919
0.48,4918
0.48,4916
0.49,4915
0.49,4914
0.49,4913
0.49,4912
0.49,4911
0.5,4910
0.5,4909
0.5,4908
0.5,4907
0.5,4906
0.51,4905
0.51,4904
0.51,4903
0.52,4902
0.52,4901
0.52,4900
0.52,4899
0.52,4898
0.53,4897
0.53,4896
0.53,4895
0.53,4894
0.54,4893
0.54,4892
0.55,4891
0.55,4890
0.55,4889
0.55,4888
0.55,4887
0.55,4886
0.56,4885
0.56,4884
0.56,4883
0.56,4882
0.56,4881
0.57,4880
0.57,4879
0.57,4878
0.58,4877
0.58,4876
0.58,4875
0.58,4874
0.58,4873
0.59,4872
0.59,4871
0.59,4870
0.6,4869
0.6,4868
0.6,4867
0.6,4866
0.6,4865
0.61,4864
0.61,4863
0.62,4862
0.62,4861
0.62,4860
0.63,4859
0.63,4857
0.63,4856
0.63,4855
0.63,4854
0.64,4853
0.64,4852
0.64,4851
0.65,4850
0.65,4849
0.66,4848
0.67,4847
0.67,4846
0.67,4845
0.68,4844
0.68,4843
0.69,4842
0.69,4841
0.69,4840
0.69,4839
0.7,4838
0.7,4837
0.7,4836
0.7,4835
0.71,4834
0.71,4833
0.71,4832
0.71,4831
0.72,4830
0.72,4829
0.72,4828
0.72,4827
0.72,4826
0.73,4825
0.73,4824
0.73,4823
0.73,4822
0.73,4821
0.74,4820
0.74,4819
0.74,4818
0.74,4817
0.74,4816
0.75,4815
0.75,4814
0.75,4813
0.76,4812
0.76,4811
0.76,4810
0.76,4809
0.77,4808
0.77,4807
0.77,4806
0.77,4805
0.77,4804
0.78,4803
0.78,4802
0.78,4801
0.78,4800
0.78,4799
0.79,4798
0.79,4797
0.79,4796
0.79,4795
0.8,4794
0.8,4793
0.8,4792
0.8,4791
0.81,4790
0.81,4789
0.81,4788
0.81,4787
0.82,4786
0.82,4785
0.82,4784
0.83,4783
0.83,4782
0.83,4781
0.83,4780
0.83,4779
0.84,4778
0.84,4777
0.85,4776
0.85,4775
0.86,4774
0.86,4773
0.86,4772
0.86,4771
0.87,4770
0.87,4769
0.87,4767
0.87,4766
0.88,4765
0.88,4764
0.88,4763
0.89,4762
0.89,4761
0.89,4760
0.89,4759
0.9,4758
0.9,4757
0.9,4756
0.91,4755
0.92,4754
0.92,4753
0.93,4752
0.94,4751
0.94,4750
0.95,4749
0.95,4748
0.96,4747
0.96,4746
0.96,4745
0.97,4744
0.97,4743
0.97,4742
0.98,4741
0.98,4740
0.99,4739
0.99,4738
0.99,4737
1.0,4736
1.0,4735
1.0,4734
1.01,4733
1.01,4732
1.02,4731
1.02,4730
1.02,4729
1.02,4728
1.02,4727
1.03,4726
1.03,4725
1.03,4724
1.04,4723
1.04,4722
1.05,4721
1.05,4720
1.05,4719
1.06,4718
1.08,4717
1.08,4716
1.09,4715
1.09,4714
1.1,4713
1.1,4712
1.11,4711
1.11,4710
1.11,4709
1.11,4708
1.12,4707
1.13,4706
1.13,4705
1.13,4704
1.14,4703
1.14,4702
1.14,4701
1.15,4700
1.15,4699
1.16,4698
1.16,4697
1.17,4696
1.17,4695
1.18,4694
1.18,4693
1.18,4692
1.19,4691
1.19,4690
1.2,4689
1.2,4688
1.21,4687
1.21,4686
1.22,4685
1.23,4684
1.23,4683
1.24,4682
1.24,4681
1.24,4680
1.24,4679
1.25,4678
1.25,4677
1.26,4676
1.27,4675
1.28,4674
1.29,4673
1.31,4672
1.31,4671
1.31,4670
1.32,4669
1.32,4668
1.33,4667
1.33,4666
1.33,4665
1.34,4664
1.34,4663
1.34,4662
1.35,4661
1.35,4660
1.36,4659
1.37,4658
1.37,4657
1.41,4656
1.43,4655
1.44,4654
1.44,4653
1.46,4652
1.46,4651
1.46,4650
1.48,4649
1.5,4648
1.52,4647
1.53,4646
1.57,4645
1.58,4644
1.59,4643
1.61,4642
1.61,4641
1.63,4640
1.63,4639
1.64,4638
1.66,4637
1.67,4636
1.67,4635
1.68,4634
1.68,4633
1.68,4632
1.68,4631
1.68,4630
1.69,4629
1.69,4628
1.69,4627
1.69,4626
1.69,4625
1.69,4624
1.7,4623
1.7,4622
1.7,4621
1.72,4620
1.72,4618
1.72,4617
1.73,4616
1.73,4615
1.73,4614
1.82,4613
1.82,4612
1.82,4611
1.82,4610
1.82,4609
1.91,4608
1.92,4607
1.99,4606
2.01,4605
2.01,4604
2.01,4603
2.01,4602
2.02,4601
2.02,4600
2.1,4599
2.12,4598
2.14,4597
2.14,4596
2.14,4595
2.15,4594
2.18,4593
2.18,4592
2.18,4591
2.21,4590
2.23,4589
2.24,4588
2.26,4587
2.26,4586
2.29,4585
2.35,4584
2.35,4583
2.44,4582
2.44,4581
2.63,4580
2.63,4579
2.63,4578
2.83,4577
2.9,4576
2.9,4575
2.98,4574
3.13,4573
3.36,4572
3.41,4571
3.41,4570
3.67,4569
3.96,4568
4.13,4567
4.27,4566
4.28,4565
4.35,4564
4.43,4563
4.48,4562
4.48,4561
4.62,4560
4.62,4559
4.82,4558
4.91,4557
5.14,4556
5.15,4555
5.48,4554
5.94,4553
6.09,4552
6.78,4551
7.93,4550
8.17,4549
9.09,4548
9.34,4547
14.16,4546
23.67,4545
36.69,4544
201.78,4543
