0.0,5078
0.02,5077
0.02,5076
0.02,5075
0.02,5074
0.03,5073
0.03,5072
0.03,5071
0.04,5070
0.04,5069
0.05,5068
0.05,5067
0.05,5066
0.06,5065
0.06,5064
0.06,5063
0.07,5062
0.07,5061
0.08,5060
0.08,5059
0.08,5058
0.08,5057
0.08,5056
0.08,5055
0.09,5054
0.09,5053
0.09,5052
0.09,5051
0.1,5050
0.1,5049
0.1,5048
0.11,5047
0.11,5046
0.11,5045
0.12,5044
0.12,5043
0.12,5042
0.13,5041
0.13,5040
0.14,5039
0.14,5038
0.14,5037
0.15,5036
0.15,5035
0.15,5034
0.15,5033
0.15,5032
0.16,5031
0.16,5030
0.16,5029
0.17,5028
0.17,5027
0.17,5026
0.18,5025
0.18,5024
0.19,5023
0.19,5022
0.19,5021
0.2,5020
0.2,5019
0.2,5018
0.21,5017
0.21,5016
0.21,5015
0.21,5014
0.22,5013
0.22,5012
0.22,5011
0.22,5010
0.23,5009
0.23,5008
0.23,5007
0.23,5006
0.24,5005
0.24,5004
0.24,5003
0.24,5002
0.25,5001
0.25,5000
0.26,4999
0.26,4998
0.26,4997
0.26,4996
0.27,4995
0.27,4994
0.27,4993
0.27,4992
0.28,4991
0.28,4990
0.28,4989
0.28,4988
0.29,4987
0.29,4986
0.3,4985
0.3,4984
0.3,4983
0.31,4982
0.31,4981
0.31,4980
0.31,4979
0.32,4978
0.32,4977
0.32,4976
0.32,4975
0.33,4974
0.33,4973
0.33,4972
0.33,4971
0.33,4970
0.34,4969
0.34,4968
0.35,4967
0.35,4966
0.35,4965
0.35,4964
0.36,4963
0.36,4962
0.36,4961
0.37,4960
0.37,4959
0.37,4958
0.37,4957
0.37,4956
0.38,4955
0.38,4954
0.38,4953
0.38,4952
0.39,4951
0.39,4950
0.39,4949
0.39,4948
0.4,4947
0.4,4946
0.4,4945
0.4,4944
0.4,4943
0.41,4942
0.41,4941
0.41,4940
0.42,4939
0.42,4938
0.42,4937
0.42,4936
0.43,4935
0.43,4934
0.43,4933
0.43,4932
0.44,4931
0.44,4930
0.44,4929
0.44,4928
0.45,4927
0.45,4926
0.45,4925
0.45,4924
0.45,4923
0.46,4922
0.46,4921
0.46,4920
0.47,4919
0.47,4918
0.47,4917
0.48,4916
0.48,4915
0.48,4914
0.49,4913
0.49,4912
0.5,4911
0.5,4910
0.5,4909
0.51,4908
0.51,4907
0.51,4906
0.52,4905
0.52,4904
0.52,4903
0.52,4902
0.53,4901
0.53,4900
0.53,4899
0.53,4898
0.54,4897
0.54,4896
0.54,4895
0.54,4894
0.55,4893
0.55,4892
0.55,4891
0.55,4890
0.56,4889
0.56,4888
0.56,4887
0.56,4886
0.57,4885
0.57,4884
0.57,4883
0.58,4882
0.58,4881
0.58,4880
0.59,4879
0.59,4878
0.59,4877
0.59,4876
0.59,4875
0.6,4874
0.6,4873
0.6,4872
0.61,4871
0.61,4870
0.61,4869
0.61,4868
0.61,4867
0.62,4866
0.62,4865
0.62,4864
0.62,4863
0.62,4862
0.63,4861
0.63,4860
0.63,4859
0.63,4858
0.63,4857
0.64,4856
0.64,4855
0.64,4854
0.64,4853
0.65,4852
0.65,4851
0.65,4849
0.65,4848
0.65,4847
0.66,4846
0.66,4845
0.67,4844
0.67,4843
0.67,4842
0.67,4841
0.67,4840
0.68,4839
0.68,4838
0.68,4837
0.69,4836
0.69,4835
0.69,4834
0.69,4833
0.69,4832
0.7,4831
0.7,4830
0.7,4829
0.71,4828
0.71,4827
0.71,4826
0.72,4825
0.72,4824
0.72,4823
0.72,4822
0.72,4821
0.73,4820
0.73,4819
0.73,4818
0.73,4817
0.74,4816
0.74,4815
0.74,4814
0.74,4813
0.74,4812
0.75,4811
0.75,4810
0.75,4809
0.75,4808
0.75,4807
0.76,4806
0.76,4805
0.76,4804
0.76,4803
0.77,4802
0.77,4801
0.77,4800
0.77,4799
0.77,4798
0.78,4797
0.78,4796
0.79,4795
0.79,4794
0.79,4793
0.79,4792
0.8,4791
0.8,4790
0.8,4789
0.81,4788
0.81,4787
0.81,4786
0.82,4785
0.82,4784
0.82,4783
0.82,4782
0.83,4781
0.83,4780
0.83,4779
0.84,4778
0.84,4777
0.84,4776
0.85,4775
0.85,4774
0.85,4773
0.86,4772
0.86,4771
0.86,4770
0.87,4769
0.87,4768
0.87,4767
0.87,4766
0.88,4765
0.88,4764
0.88,4763
0.89,4762
0.89,4761
0.89,4760
0.89,4759
0.89,4758
0.9,4757
0.9,4756
0.9,4755
0.9,4754
0.91,4753
0.91,4752
0.91,4751
0.91,4750
0.91,4749
0.92,4748
0.92,4747
0.92,4746
0.92,4745
0.93,4744
0.93,4743
0.93,4742
0.93,4741
0.94,4740
0.94,4739
0.95,4738
0.96,4737
0.96,4735
0.96,4734
0.96,4733
0.97,4732
0.97,4731
0.97,4730
0.97,4729
0.97,4728
0.98,4727
0.98,4726
0.99,4725
0.99,4724
0.99,4723
1.0,4722
1.0,4721
1.01,4720
1.01,4719
1.02,4718
1.03,4717
1.03,4716
1.04,4715
1.05,4714
1.05,4713
1.06,4712
1.06,4711
1.07,4710
1.07,4709
1.08,4708
1.08,4707
1.08,4706
1.09,4705
1.09,4704
1.09,4703
1.09,4702
1.1,4701
1.1,4700
1.11,4699
1.11,4698
1.12,4697
1.12,4696
1.13,4695
1.13,4694
1.13,4693
1.14,4692
1.14,4691
1.16,4690
1.17,4689
1.17,4688
1.17,4687
1.19,4686
1.19,4685
1.2,4684
1.2,4683
1.2,4682
1.21,4681
1.21,4680
1.21,4679
1.22,4678
1.23,4677
1.23,4676
1.25,4675
1.25,4674
1.26,4673
1.26,4672
1.27,4671
1.27,4670
1.28,4669
1.3,4668
1.3,4667
1.31,4666
1.31,4665
1.31,4664
1.32,4663
1.32,4662
1.35,4661
1.35,4660
1.36,4659
1.36,4658
1.36,4657
1.38,4656
1.38,4655
1.39,4654
1.39,4653
1.39,4652
1.39,4651
1.41,4650
1.41,4649
1.41,4648
1.41,4647
1.41,4646
1.42,4645
1.42,4644
1.42,4643
1.42,4642
1.42,4641
1.43,4640
1.43,4639
1.43,4638
1.43,4637
1.43,4636
1.43,4635
1.43,4634
1.44,4633
1.44,4632
1.44,4631
1.44,4630
1.44,4629
1.44,4628
1.45,4627
1.49,4626
1.5,4625
1.5,4624
1.5,4623
1.5,4622
1.5,4621
1.56,4620
1.56,4619
1.58,4618
1.59,4617
1.59,4616
1.59,4615
1.59,4614
1.59,4613
1.6,4612
1.6,4611
1.6,4610
1.6,4609
1.6,4608
1.6,4607
1.61,4606
1.61,4605
1.61,4604
1.64,4603
1.65,4602
1.65,4601
1.65,4600
1.65,4599
1.65,4598
1.66,4597
1.66,4596
1.69,4595
1.75,4594
1.79,4593
1.79,4592
1.79,4591
1.81,4590
1.86,4589
1.87,4588
1.87,4587
1.87,4586
1.88,4585
1.94,4584
1.95,4583
2.02,4582
2.02,4581
2.02,4580
2.04,4579
2.04,4578
2.04,4577
2.27,4576
2.36,4575
2.37,4574
2.4,4573
2.4,4572
2.71,4571
2.84,4570
3.06,4569
3.06,4568
3.07,4567
3.65,4566
3.87,4565
3.87,4564
4.15,4563
4.15,4562
4.23,4561
4.31,4560
4.79,4559
5.0,4558
5.13,4557
5.13,4556
5.9,4555
6.09,4554
6.09,4553
6.25,4552
7.04,4551
7.09,4550
8.09,4549
8.09,4548
10.16,4547
10.74,4546
11.17,4545
18.08,4544
54.65,4543
192.58,4542
