0.0,5078
0.01,5077
0.01,5076
0.04,5075
0.04,5074
0.04,5073
0.04,5072
0.05,5071
0.05,5070
0.05,5069
0.05,5068
0.06,5067
0.06,5066
0.06,5065
0.07,5064
0.07,5063
0.07,5062
0.08,5061
0.08,5060
0.09,5059
0.09,5058
0.1,5057
0.11,5056
0.11,5055
0.11,5054
0.11,5053
0.12,5052
0.13,5051
0.13,5050
0.13,5049
0.13,5048
0.14,5047
0.14,5046
0.15,5045
0.15,5044
0.15,5043
0.15,5042
0.16,5041
0.16,5040
0.16,5039
0.16,5038
0.17,5037
0.17,5036
0.17,5035
0.17,5034
0.18,5033
0.18,5032
0.18,5031
0.19,5030
0.19,5029
0.19,5028
0.19,5027
0.2,5026
0.2,5025
0.2,5024
0.21,5023
0.21,5022
0.21,5021
0.21,5019
0.22,5018
0.22,5017
0.22,5016
0.23,5015
0.23,5014
0.23,5013
0.24,5012
0.24,5011
0.25,5010
0.25,5009
0.25,5008
0.25,5007
0.25,5006
0.26,5005
0.27,5004
0.27,5003
0.27,5002
0.28,5001
0.28,5000
0.28,4999
0.29,4998
0.29,4997
0.29,4996
0.29,4995
0.29,4994
0.3,4993
0.3,4992
0.3,4991
0.3,4990
0.31,4989
0.31,4988
0.32,4987
0.32,4986
0.32,4985
0.32,4984
0.33,4983
0.33,4982
0.33,4981
0.33,4980
0.33,4979
0.34,4978
0.34,4977
0.34,4976
0.35,4975
0.35,4974
0.35,4973
0.35,4972
0.36,4971
0.36,4970
0.36,4969
0.36,4968
0.36,4967
0.37,4966
0.37,4965
0.37,4964
0.37,4963
0.38,4962
0.38,4961
0.38,4960
0.38,4958
0.38,4957
0.39,4956
0.39,4955
0.39,4954
0.4,4953
0.4,4952
0.4,4951
0.4,4950
0.41,4949
0.41,4947
0.41,4946
0.41,4945
0.41,4944
0.42,4943
0.42,4942
0.42,4941
0.42,4940
0.43,4939
0.44,4938
0.44,4937
0.44,4936
0.44,4935
0.45,4934
0.45,4933
0.45,4932
0.46,4931
0.46,4930
0.46,4929
0.46,4928
0.47,4927
0.47,4926
0.47,4925
0.48,4924
0.48,4923
0.48,4922
0.48,4921
0.49,4920
0.49,4919
0.49,4918
0.49,4917
0.49,4916
0.5,4915
0.5,4914
0.5,4913
0.5,4912
0.5,4911
0.5,4910
0.51,4909
0.51,4908
0.52,4907
0.52,4906
0.52,4905
0.52,4904
0.52,4903
0.53,4902
0.53,4901
0.53,4900
0.53,4899
0.53,4898
0.54,4897
0.54,4895
0.54,4894
0.54,4893
0.54,4892
0.55,4891
0.55,4890
0.55,4889
0.55,4888
0.56,4887
0.56,4886
0.56,4885
0.56,4884
0.57,4883
0.57,4882
0.57,4881
0.57,4880
0.58,4879
0.58,4878
0.58,4877
0.59,4876
0.59,4875
0.59,4874
0.6,4873
0.6,4872
0.6,4871
0.61,4870
0.61,4869
0.61,4868
0.61,4867
0.62,4866
0.62,4865
0.62,4864
0.62,4863
0.62,4862
0.63,4861
0.63,4860
0.64,4859
0.64,4858
0.64,4857
0.64,4856
0.65,4855
0.65,4854
0.65,4853
0.65,4852
0.65,4851
0.66,4850
0.66,4849
0.66,4848
0.67,4847
0.67,4846
0.68,4845
0.68,4844
0.68,4843
0.69,4842
0.69,4841
0.69,4840
0.7,4839
0.7,4838
0.7,4837
0.71,4836
0.71,4835
0.71,4834
0.72,4833
0.72,4832
0.72,4831
0.72,4830
0.73,4829
0.73,4828
0.73,4827
0.73,4826
0.73,4825
0.74,4824
0.74,4823
0.74,4822
0.74,4821
0.75,4820
0.75,4819
0.75,4818
0.75,4817
0.76,4816
0.76,4815
0.76,4814
0.76,4813
0.76,4812
0.77,4811
0.77,4810
0.77,4809
0.78,4808
0.78,4807
0.78,4806
0.78,4805
0.79,4804
0.79,4803
0.79,4802
0.8,4801
0.8,4800
0.8,4799
0.8,4798
0.8,4797
0.81,4796
0.81,4795
0.81,4794
0.81,4793
0.82,4792
0.82,4791
0.82,4790
0.82,4789
0.82,4788
0.83,4787
0.83,4786
0.83,4785
0.83,4784
0.84,4783
0.84,4782
0.84,4781
0.84,4780
0.84,4779
0.85,4778
0.86,4777
0.86,4776
0.86,4775
0.86,4774
0.86,4773
0.87,4772
0.87,4771
0.87,4770
0.87,4769
0.88,4768
0.88,4767
0.89,4766
0.89,4765
0.9,4764
0.9,4763
0.9,4762
0.91,4761
0.91,4760
0.91,4759
0.91,4758
0.91,4757
0.92,4756
0.92,4755
0.92,4754
0.92,4753
0.93,4752
0.93,4751
0.93,4750
0.94,4749
0.94,4748
0.94,4747
0.94,4746
0.95,4745
0.95,4744
0.96,4743
0.96,4742
0.96,4741
0.97,4740
0.97,4739
0.97,4737
0.98,4736
0.98,4735
0.99,4734
0.99,4733
1.0,4732
1.0,4731
1.01,4730
1.01,4729
1.02,4728
1.02,4727
1.02,4726
1.02,4725
1.03,4724
1.03,4723
1.03,4722
1.04,4721
1.04,4720
1.04,4719
1.05,4718
1.06,4717
1.06,4716
1.07,4715
1.07,4714
1.07,4713
1.07,4712
1.07,4711
1.08,4710
1.09,4709
1.09,4708
1.1,4707
1.1,4706
1.1,4705
1.1,4704
1.1,4703
1.11,4702
1.11,4701
1.13,4700
1.13,4699
1.13,4698
1.15,4697
1.15,4696
1.15,4695
1.16,4694
1.17,4693
1.17,4692
1.17,4691
1.18,4690
1.19,4689
1.19,4688
1.2,4687
1.2,4686
1.2,4685
1.21,4684
1.22,4683
1.22,4682
1.22,4681
1.23,4680
1.23,4679
1.24,4678
1.24,4677
1.24,4675
1.25,4674
1.25,4673
1.26,4672
1.26,4671
1.26,4670
1.27,4669
1.27,4668
1.29,4667
1.3,4666
1.31,4665
1.31,4664
1.32,4663
1.32,4662
1.32,4661
1.33,4660
1.34,4659
1.34,4658
1.36,4657
1.37,4656
1.37,4655
1.38,4654
1.39,4653
1.39,4652
1.39,4651
1.4,4650
1.4,4649
1.41,4648
1.42,4647
1.42,4646
1.43,4645
1.43,4644
1.44,4643
1.44,4642
1.44,4640
1.44,4639
1.44,4638
1.45,4637
1.45,4636
1.45,4635
1.45,4634
1.45,4633
1.45,4632
1.45,4631
1.46,4630
1.47,4629
1.48,4628
1.5,4627
1.51,4626
1.53,4625
1.55,4624
1.57,4623
1.61,4622
1.62,4621
1.63,4620
1.65,4619
1.68,4618
1.71,4617
1.71,4616
1.71,4615
1.72,4614
1.72,4613
1.72,4612
1.72,4611
1.72,4610
1.72,4609
1.73,4608
1.73,4607
1.74,4606
1.8,4605
1.8,4604
1.8,4603
1.8,4602
1.85,4601
1.88,4600
1.93,4599
1.98,4598
1.98,4597
1.98,4596
2.02,4595
2.02,4594
2.11,4593
2.16,4592
2.16,4591
2.17,4590
2.17,4589
2.18,4588
2.3,4587
2.3,4586
2.63,4585
2.68,4584
2.68,4583
2.75,4582
2.75,4581
2.8,4580
2.98,4579
2.98,4578
2.98,4577
2.98,4576
3.21,4575
3.21,4574
3.21,4573
3.21,4572
3.42,4571
3.51,4570
3.51,4569
3.59,4568
3.59,4567
3.64,4566
3.72,4565
3.72,4564
4.0,4563
4.01,4562
4.22,4561
4.87,4560
4.97,4559
5.82,4558
6.23,4557
7.76,4556
8.19,4555
8.19,4554
8.19,4553
9.8,4552
9.8,4551
9.8,4550
10.13,4549
11.02,4548
11.67,4547
13.78,4546
14.32,4545
25.68,4544
212.96,4543
249.18,4542
