0.0,5078
0.01,5077
0.01,5076
0.02,5075
0.02,5074
0.02,5073
0.03,5072
0.03,5071
0.04,5070
0.04,5069
0.04,5068
0.04,5067
0.05,5066
0.05,5065
0.05,5064
0.06,5063
0.06,5062
0.06,5061
0.07,5060
0.07,5059
0.08,5058
0.08,5057
0.08,5056
0.09,5055
0.09,5054
0.09,5053
0.09,5052
0.1,5051
0.1,5050
0.1,5049
0.1,5048
0.11,5047
0.11,5046
0.11,5045
0.11,5044
0.12,5043
0.12,5042
0.12,5041
0.12,5040
0.13,5039
0.13,5038
0.13,5037
0.13,5036
0.13,5035
0.14,5034
0.14,5033
0.14,5032
0.14,5031
0.15,5030
0.15,5029
0.15,5028
0.16,5027
0.16,5026
0.16,5025
0.17,5024
0.17,5023
0.17,5022
0.18,5021
0.18,5020
0.18,5019
0.18,5018
0.19,5017
0.19,5016
0.19,5015
0.19,5014
0.19,5013
0.2,5012
0.2,5011
0.2,5010
0.2,5009
0.2,5008
0.21,5007
0.21,5006
0.21,5004
0.21,5003
0.22,5002
0.23,5001
0.23,5000
0.23,4999
0.24,4998
0.24,4997
0.24,4996
0.24,4995
0.24,4994
0.24,4993
0.25,4992
0.25,4991
0.25,4990
0.26,4989
0.26,4988
0.26,4987
0.26,4986
0.26,4985
0.27,4984
0.27,4983
0.28,4982
0.28,4981
0.28,4980
0.28,4979
0.28,4978
0.29,4977
0.29,4976
0.29,4975
0.29,4974
0.3,4973
0.3,4972
0.3,4971
0.31,4970
0.31,4969
0.31,4968
0.31,4967
0.32,4966
0.32,4965
0.32,4964
0.32,4963
0.33,4962
0.33,4961
0.33,4960
0.33,4959
0.33,4958
0.33,4957
0.34,4956
0.34,4955
0.34,4954
0.35,4953
0.35,4952
0.36,4951
0.36,4950
0.36,4949
0.37,4948
0.37,4947
0.37,4946
0.37,4945
0.37,4944
0.38,4943
0.38,4942
0.38,4941
0.38,4940
0.39,4939
0.39,4938
0.39,4936
0.39,4935
0.4,4934
0.4,4933
0.4,4932
0.41,4931
0.41,4930
0.41,4929
0.42,4928
0.42,4927
0.42,4926
0.42,4925
0.42,4924
0.43,4923
0.43,4922
0.43,4921
0.43,4920
0.44,4919
0.44,4918
0.44,4917
0.44,4916
0.44,4915
0.45,4914
0.45,4913
0.45,4912
0.45,4911
0.46,4910
0.46,4909
0.46,4908
0.46,4907
0.47,4906
0.47,4905
0.47,4904
0.48,4903
0.48,4902
0.48,4901
0.49,4900
0.49,4899
0.49,4898
0.5,4897
0.5,4896
0.5,4895
0.51,4894
0.51,4893
0.51,4892
0.52,4891
0.52,4890
0.52,4889
0.53,4888
0.53,4887
0.53,4886
0.54,4885
0.54,4884
0.54,4883
0.54,4882
0.54,4881
0.54,4880
0.55,4879
0.55,4878
0.55,4877
0.55,4876
0.56,4875
0.56,4874
0.56,4873
0.56,4872
0.57,4871
0.57,4870
0.57,4869
0.57,4868
0.58,4867
0.58,4866
0.58,4865
0.58,4864
0.59,4863
0.59,4862
0.59,4861
0.59,4860
0.6,4859
0.6,4858
0.61,4857
0.61,4856
0.61,4855
0.61,4854
0.62,4853
0.62,4852
0.62,4851
0.62,4850
0.63,4849
0.63,4848
0.63,4847
0.63,4846
0.64,4845
0.64,4844
0.64,4843
0.64,4842
0.65,4841
0.65,4840
0.65,4839
0.65,4838
0.66,4837
0.66,4836
0.66,4835
0.67,4834
0.67,4833
0.67,4832
0.68,4831
0.68,4830
0.68,4829
0.68,4828
0.69,4827
0.69,4826
0.69,4825
0.69,4824
0.69,4823
0.69,4822
0.7,4821
0.7,4820
0.7,4819
0.7,4818
0.71,4817
0.71,4816
0.71,4815
0.71,4814
0.72,4813
0.72,4812
0.72,4811
0.72,4810
0.73,4809
0.74,4808
0.74,4807
0.74,4806
0.74,4805
0.75,4804
0.75,4803
0.75,4802
0.75,4801
0.76,4800
0.76,4799
0.76,4798
0.76,4797
0.77,4796
0.77,4795
0.77,4794
0.78,4793
0.78,4792
0.78,4791
0.79,4790
0.79,4789
0.79,4788
0.8,4787
0.8,4786
0.8,4785
0.8,4784
0.81,4783
0.81,4782
0.81,4781
0.81,4780
0.81,4779
0.82,4778
0.83,4777
0.83,4776
0.83,4775
0.84,4774
0.84,4773
0.84,4772
0.85,4771
0.85,4770
0.85,4769
0.85,4768
0.86,4767
0.86,4766
0.86,4765
0.87,4764
0.87,4763
0.87,4762
0.88,4761
0.88,4760
0.88,4759
0.89,4758
0.89,4757
0.89,4756
0.89,4755
0.9,4754
0.9,4753
0.9,4752
0.9,4751
0.9,4750
0.9,4749
0.91,4748
0.91,4747
0.92,4746
0.92,4745
0.92,4744
0.92,4743
0.93,4742
0.93,4741
0.93,4740
0.93,4739
0.94,4738
0.94,4737
0.95,4736
0.95,4735
0.96,4734
0.96,4733
0.97,4732
0.97,4731
0.97,4730
0.98,4729
0.98,4728
0.98,4727
0.98,4726
0.99,4725
1.0,4724
1.0,4723
1.0,4722
1.01,4721
1.01,4720
1.02,4719
1.02,4718
1.03,4717
1.03,4716
1.04,4715
1.04,4714
1.04,4713
1.05,4712
1.05,4711
1.05,4710
1.05,4709
1.06,4708
1.07,4707
1.07,4706
1.07,4705
1.08,4704
1.08,4703
1.09,4702
1.1,4701
1.1,4700
1.1,4699
1.1,4698
1.11,4697
1.11,4696
1.12,4695
1.12,4694
1.13,4693
1.13,4692
1.13,4691
1.13,4690
1.14,4689
1.15,4688
1.15,4687
1.15,4686
1.15,4685
1.16,4684
1.16,4683
1.16,4682
1.17,4681
1.19,4680
1.2,4679
1.2,4678
1.2,4677
1.21,4676
1.22,4675
1.22,4674
1.23,4673
1.24,4672
1.24,4671
1.25,4670
1.25,4669
1.25,4668
1.26,4667
1.27,4666
1.27,4665
1.28,4664
1.29,4663
1.29,4662
1.3,4661
1.31,4660
1.32,4659
1.33,4658
1.34,4657
1.35,4656
1.35,4655
1.36,4654
1.38,4653
1.39,4652
1.39,4651
1.39,4650
1.4,4649
1.4,4648
1.41,4647
1.41,4646
1.41,4645
1.41,4644
1.41,4643
1.42,4642
1.42,4641
1.42,4640
1.42,4639
1.42,4638
1.46,4637
1.47,4636
1.5,4635
1.5,4634
1.5,4633
1.5,4632
1.51,4631
1.51,4630
1.51,4629
1.51,4628
1.51,4627
1.51,4626
1.52,4625
1.52,4624
1.54,4623
1.54,4622
1.54,4621
1.55,4620
1.55,4619
1.55,4618
1.55,4617
1.61,4616
1.64,4615
1.7,4614
1.73,4613
1.73,4612
1.73,4611
1.73,4610
1.73,4609
1.73,4608
1.76,4607
1.77,4606
1.77,4605
1.82,4604
1.84,4603
1.89,4602
1.9,4601
1.9,4600
1.9,4599
1.9,4598
1.91,4597
1.97,4596
1.97,4595
1.97,4594
2.03,4593
2.04,4592
2.04,4591
2.07,4590
2.18,4589
2.2,4588
2.2,4587
2.2,4586
2.2,4585
2.25,4584
2.33,4583
2.52,4582
2.55,4581
2.55,4580
2.56,4579
2.56,4578
2.56,4577
2.57,4576
2.89,4575
2.91,4574
2.91,4573
3.29,4572
3.29,4571
3.44,4570
3.46,4569
3.46,4568
3.59,4567
3.69,4566
3.69,4565
3.78,4564
3.96,4563
3.96,4562
4.06,4561
4.26,4560
4.27,4559
4.4,4558
4.47,4557
4.67,4556
4.99,4555
5.9,4554
6.2,4553
6.22,4552
6.68,4551
6.74,4550
6.74,4549
9.59,4548
10.29,4547
12.76,4546
13.65,4545
50.4,4544
118.84,4543
401.5,4542
