0.0,5078
0.01,5077
0.01,5076
0.01,5075
0.02,5074
0.02,5073
0.02,5072
0.03,5071
0.03,5070
0.03,5069
0.04,5068
0.04,5067
0.04,5066
0.05,5065
0.05,5064
0.05,5063
0.06,5062
0.06,5061
0.06,5060
0.06,5059
0.06,5058
0.07,5057
0.07,5056
0.07,5055
0.07,5054
0.08,5053
0.08,5052
0.09,5051
0.09,5050
0.09,5049
0.1,5048
0.1,5047
0.1,5046
0.11,5045
0.11,5044
0.12,5043
0.12,5042
0.12,5041
0.13,5040
0.13,5039
0.14,5038
0.14,5037
0.14,5036
0.15,5035
0.15,5034
0.15,5033
0.16,5032
0.16,5031
0.16,5030
0.17,5029
0.17,5028
0.17,5027
0.17,5026
0.18,5025
0.19,5024
0.19,5023
0.19,5022
0.2,5021
0.2,5020
0.21,5019
0.21,5018
0.21,5017
0.22,5016
0.22,5015
0.22,5014
0.23,5013
0.23,5012
0.23,5011
0.23,5010
0.24,5009
0.24,5008
0.24,5007
0.25,5006
0.25,5005
0.25,5004
0.25,5003
0.25,5002
0.26,5001
0.26,5000
0.26,4999
0.27,4998
0.27,4997
0.27,4996
0.27,4995
0.27,4994
0.28,4993
0.28,4992
0.29,4991
0.29,4990
0.29,4989
0.3,4988
0.3,4987
0.3,4986
0.31,4985
0.31,4984
0.31,4983
0.31,4982
0.32,4981
0.32,4980
0.32,4979
0.33,4978
0.33,4977
0.33,4976
0.33,4975
0.34,4974
0.34,4973
0.34,4972
0.34,4971
0.35,4970
0.35,4969
0.35,4968
0.35,4967
0.36,4966
0.36,4965
0.36,4964
0.37,4963
0.37,4962
0.37,4961
0.37,4960
0.38,4959
0.38,4958
0.38,4957
0.38,4956
0.38,4955
0.39,4954
0.39,4953
0.39,4952
0.39,4951
0.4,4950
0.4,4949
0.4,4948
0.4,4947
0.41,4946
0.41,4945
0.41,4944
0.41,4943
0.42,4942
0.42,4941
0.42,4940
0.43,4939
0.43,4938
0.43,4937
0.44,4936
0.44,4935
0.44,4934
0.44,4932
0.44,4931
0.45,4930
0.45,4929
0.45,4928
0.45,4927
0.46,4926
0.46,4925
0.46,4924
0.46,4923
0.46,4922
0.46,4921
0.47,4920
0.47,4919
0.48,4918
0.48,4917
0.48,4916
0.49,4915
0.49,4914
0.49,4913
0.5,4912
0.5,4911
0.5,4910
0.5,4909
0.51,4908
0.51,4907
0.51,4906
0.51,4905
0.52,4904
0.52,4903
0.52,4902
0.52,4901
0.52,4900
0.52,4899
0.53,4898
0.53,4897
0.53,4896
0.53,4895
0.54,4894
0.54,4893
0.54,4892
0.55,4891
0.55,4890
0.55,4889
0.56,4888
0.56,4887
0.56,4886
0.57,4885
0.57,4884
0.57,4883
0.57,4882
0.58,4881
0.58,4880
0.58,4879
0.59,4878
0.59,4877
0.59,4876
0.59,4875
0.59,4874
0.6,4873
0.6,4872
0.6,4870
0.6,4869
0.61,4868
0.61,4867
0.61,4866
0.61,4865
0.62,4864
0.62,4863
0.62,4861
0.62,4860
0.63,4859
0.63,4858
0.63,4857
0.64,4856
0.64,4855
0.64,4854
0.64,4853
0.65,4852
0.65,4851
0.66,4850
0.66,4849
0.66,4848
0.67,4847
0.67,4846
0.67,4845
0.67,4844
0.67,4843
0.68,4842
0.68,4841
0.68,4840
0.68,4838
0.68,4837
0.69,4836
0.69,4835
0.69,4834
0.69,4833
0.69,4832
0.7,4831
0.7,4830
0.7,4829
0.71,4828
0.71,4827
0.71,4826
0.71,4825
0.71,4824
0.72,4823
0.72,4822
0.72,4821
0.72,4820
0.72,4819
0.73,4818
0.73,4817
0.73,4816
0.73,4815
0.73,4814
0.74,4813
0.74,4812
0.74,4811
0.75,4810
0.75,4809
0.75,4808
0.76,4807
0.76,4806
0.76,4805
0.77,4804
0.77,4803
0.77,4802
0.77,4801
0.78,4800
0.78,4799
0.78,4798
0.78,4797
0.79,4796
0.79,4795
0.79,4794
0.8,4793
0.8,4792
0.8,4791
0.81,4790
0.81,4789
0.81,4788
0.81,4787
0.82,4786
0.82,4785
0.82,4784
0.82,4783
0.83,4782
0.83,4781
0.83,4780
0.83,4779
0.84,4778
0.84,4777
0.84,4776
0.85,4775
0.85,4774
0.86,4773
0.86,4772
0.87,4771
0.87,4770
0.87,4769
0.87,4768
0.88,4767
0.88,4766
0.88,4765
0.89,4764
0.89,4763
0.89,4762
0.9,4761
0.9,4760
0.9,4759
0.9,4758
0.91,4757
0.91,4756
0.91,4755
0.92,4754
0.92,4753
0.92,4752
0.92,4751
0.92,4750
0.93,4749
0.94,4748
0.94,4747
0.94,4746
0.95,4745
0.95,4744
0.95,4743
0.96,4742
0.96,4741
0.96,4740
0.96,4739
0.97,4738
0.98,4737
0.99,4736
0.99,4735
0.99,4734
1.0,4733
1.0,4732
1.0,4731
1.0,4730
1.01,4729
1.02,4728
1.02,4727
1.02,4726
1.03,4725
1.03,4724
1.03,4723
1.04,4722
1.04,4721
1.04,4720
1.05,4719
1.05,4718
1.06,4717
1.06,4716
1.06,4715
1.07,4714
1.07,4713
1.07,4712
1.09,4711
1.09,4710
1.1,4709
1.1,4708
1.1,4707
1.11,4706
1.11,4705
1.11,4704
1.11,4703
1.11,4702
1.12,4701
1.13,4700
1.13,4699
1.13,4698
1.14,4697
1.15,4696
1.15,4695
1.16,4694
1.16,4693
1.16,4692
1.17,4691
1.18,4690
1.19,4689
1.2,4688
1.2,4687
1.2,4686
1.21,4685
1.21,4684
1.22,4683
1.22,4682
1.23,4681
1.23,4680
1.24,4679
1.24,4678
1.24,4677
1.25,4676
1.25,4675
1.26,4674
1.26,4673
1.28,4672
1.28,4671
1.29,4670
1.29,4669
1.29,4668
1.3,4667
1.32,4666
1.32,4665
1.33,4664
1.33,4663
1.34,4662
1.35,4661
1.36,4660
1.36,4659
1.39,4658
1.4,4657
1.4,4656
1.4,4655
1.4,4654
1.41,4653
1.41,4652
1.42,4651
1.42,4650
1.43,4649
1.45,4648
1.45,4647
1.46,4646
1.48,4645
1.48,4644
1.49,4643
1.5,4642
1.51,4641
1.52,4640
1.52,4639
1.53,4638
1.54,4637
1.56,4636
1.56,4635
1.56,4634
1.57,4633
1.57,4632
1.59,4631
1.59,4630
1.59,4629
1.59,4628
1.6,4627
1.6,4626
1.6,4625
1.6,4624
1.6,4623
1.6,4622
1.61,4621
1.61,4620
1.61,4619
1.61,4618
1.61,4617
1.61,4616
1.69,4615
1.69,4614
1.7,4613
1.7,4612
1.71,4611
1.71,4610
1.71,4609
1.71,4608
1.71,4607
1.71,4606
1.79,4605
1.81,4604
1.85,4603
1.85,4602
1.86,4601
1.86,4600
1.86,4599
1.96,4598
1.98,4597
1.98,4596
1.98,4595
1.98,4594
1.99,4593
2.02,4592
2.05,4591
2.05,4590
2.05,4589
2.15,4588
2.15,4587
2.15,4586
2.16,4585
2.16,4584
2.16,4583
2.26,4582
2.27,4581
2.27,4580
2.27,4579
2.38,4578
2.45,4577
2.46,4576
2.46,4575
2.56,4574
2.56,4573
2.71,4572
2.71,4571
2.71,4570
2.88,4569
2.88,4568
2.93,4567
3.08,4566
3.08,4565
3.15,4564
3.21,4563
3.22,4562
3.22,4561
3.49,4560
3.72,4559
3.72,4558
4.42,4557
5.27,4556
5.47,4555
6.93,4554
7.77,4553
7.77,4552
7.9,4551
8.58,4550
9.38,4549
9.59,4548
9.98,4547
10.67,4546
36.21,4545
45.6,4544
339.54,4543
