0.0,5078
0.0,5077
0.0,5076
0.01,5075
0.01,5074
0.02,5073
0.02,5072
0.02,5071
0.03,5070
0.04,5069
0.04,5068
0.05,5067
0.05,5066
0.06,5065
0.06,5064
0.06,5063
0.07,5062
0.08,5061
0.08,5060
0.09,5059
0.09,5058
0.09,5057
0.1,5056
0.1,5055
0.11,5054
0.12,5053
0.12,5052
0.12,5051
0.13,5050
0.14,5049
0.14,5048
0.14,5047
0.15,5046
0.15,5045
0.15,5044
0.16,5043
0.16,5042
0.16,5041
0.17,5040
0.17,5039
0.17,5038
0.18,5037
0.19,5036
0.19,5035
0.2,5034
0.21,5033
0.22,5032
0.22,5031
0.22,5030
0.23,5029
0.23,5028
0.24,5027
0.24,5026
0.24,5025
0.25,5024
0.25,5023
0.26,5022
0.26,5021
0.26,5020
0.27,5019
0.27,5018
0.27,5017
0.28,5016
0.28,5015
0.29,5014
0.29,5013
0.29,5012
0.29,5011
0.3,5010
0.3,5009
0.3,5008
0.31,5007
0.32,5006
0.32,5005
0.32,5004
0.32,5003
0.33,5002
0.33,5001
0.33,5000
0.34,4999
0.34,4998
0.34,4997
0.35,4996
0.36,4995
0.36,4994
0.37,4993
0.37,4992
0.37,4991
0.37,4990
0.38,4989
0.38,4988
0.38,4987
0.38,4986
0.39,4985
0.39,4984
0.4,4983
0.4,4982
0.4,4981
0.4,4980
0.41,4979
0.41,4978
0.41,4977
0.42,4976
0.42,4975
0.43,4974
0.43,4972
0.43,4971
0.43,4970
0.44,4969
0.44,4968
0.44,4967
0.45,4966
0.45,4965
0.45,4964
0.45,4963
0.46,4962
0.46,4961
0.46,4960
0.47,4959
0.47,4958
0.47,4957
0.48,4956
0.48,4955
0.49,4954
0.49,4953
0.49,4952
0.5,4951
0.5,4950
0.5,4949
0.51,4948
0.51,4947
0.51,4946
0.52,4945
0.52,4944
0.52,4943
0.53,4942
0.53,4941
0.54,4940
0.54,4939
0.54,4938
0.55,4937
0.55,4936
0.55,4935
0.56,4934
0.56,4933
0.57,4932
0.57,4931
0.57,4930
0.58,4929
0.58,4928
0.59,4927
0.59,4926
0.59,4925
0.59,4924
0.6,4923
0.61,4922
0.61,4921
0.61,4920
0.62,4919
0.62,4918
0.62,4917
0.62,4916
0.63,4914
0.63,4913
0.63,4912
0.64,4911
0.64,4910
0.65,4909
0.65,4908
0.65,4907
0.65,4906
0.66,4905
0.66,4904
0.66,4903
0.66,4902
0.67,4901
0.67,4900
0.67,4899
0.68,4898
0.68,4897
0.68,4896
0.69,4895
0.69,4894
0.69,4893
0.7,4892
0.7,4891
0.7,4890
0.7,4889
0.71,4888
0.71,4887
0.71,4886
0.72,4885
0.72,4884
0.72,4883
0.73,4882
0.73,4881
0.73,4880
0.74,4879
0.74,4878
0.74,4877
0.74,4876
0.75,4875
0.75,4874
0.75,4873
0.75,4872
0.76,4871
0.77,4870
0.77,4869
0.77,4868
0.78,4867
0.78,4866
0.78,4865
0.78,4864
0.79,4863
0.79,4862
0.79,4861
0.79,4860
0.8,4859
0.8,4858
0.8,4857
0.81,4856
0.82,4855
0.82,4854
0.82,4853
0.83,4852
0.83,4851
0.83,4850
0.84,4849
0.84,4848
0.84,4847
0.84,4846
0.85,4845
0.85,4844
0.85,4843
0.86,4841
0.86,4840
0.86,4839
0.87,4838
0.87,4837
0.87,4836
0.88,4835
0.88,4834
0.88,4833
0.89,4832
0.89,4831
0.89,4830
0.9,4829
0.9,4828
0.91,4827
0.91,4826
0.92,4825
0.92,4824
0.92,4823
0.93,4822
0.93,4821
0.93,4820
0.94,4819
0.94,4818
0.94,4817
0.94,4816
0.95,4815
0.95,4814
0.95,4813
0.96,4812
0.96,4811
0.96,4810
0.97,4809
0.97,4808
0.97,4807
0.98,4806
0.98,4805
0.98,4804
0.98,4803
0.99,4802
0.99,4801
0.99,4800
1.0,4799
1.0,4798
1.0,4797
1.01,4796
1.01,4795
1.02,4794
1.02,4793
1.02,4792
1.03,4791
1.03,4790
1.04,4789
1.04,4788
1.04,4787
1.05,4786
1.05,4785
1.05,4784
1.05,4783
1.06,4782
1.06,4781
1.07,4780
1.07,4779
1.08,4778
1.08,4777
1.09,4776
1.09,4775
1.1,4774
1.1,4773
1.1,4772
1.11,4771
1.11,4770
1.12,4769
1.12,4768
1.13,4767
1.13,4766
1.13,4765
1.13,4764
1.14,4763
1.14,4762
1.15,4761
1.15,4760
1.15,4759
1.15,4758
1.16,4757
1.17,4756
1.18,4755
1.18,4754
1.18,4753
1.19,4752
1.19,4751
1.2,4750
1.21,4749
1.21,4748
1.22,4747
1.22,4746
1.22,4745
1.24,4744
1.24,4743
1.25,4742
1.25,4741
1.25,4740
1.25,4739
1.25,4738
1.25,4737
1.26,4736
1.26,4735
1.27,4734
1.27,4733
1.28,4732
1.28,4731
1.28,4730
1.29,4729
1.29,4728
1.3,4727
1.3,4726
1.31,4725
1.31,4724
1.32,4723
1.34,4722
1.35,4721
1.35,4720
1.36,4719
1.37,4718
1.37,4717
1.37,4716
1.38,4715
1.39,4714
1.39,4713
1.4,4712
1.4,4711
1.43,4710
1.43,4709
1.44,4708
1.44,4707
1.45,4706
1.45,4705
1.46,4704
1.46,4703
1.47,4702
1.47,4701
1.47,4700
1.48,4699
1.48,4698
1.49,4697
1.49,4696
1.5,4695
1.5,4694
1.5,4693
1.51,4692
1.52,4691
1.52,4690
1.53,4689
1.54,4688
1.55,4687
1.55,4686
1.56,4685
1.59,4684
1.6,4683
1.6,4682
1.6,4681
1.61,4680
1.63,4679
1.63,4678
1.64,4677
1.65,4676
1.66,4675
1.66,4674
1.68,4673
1.68,4672
1.69,4671
1.69,4670
1.7,4669
1.7,4668
1.71,4667
1.73,4666
1.73,4665
1.75,4664
1.76,4663
1.76,4662
1.77,4661
1.77,4660
1.78,4659
1.79,4658
1.79,4657
1.8,4656
1.81,4655
1.83,4654
1.84,4653
1.85,4652
1.86,4651
1.88,4650
1.89,4649
1.9,4648
1.91,4647
1.92,4646
1.92,4645
1.93,4644
1.93,4643
1.93,4642
1.94,4641
1.94,4640
1.94,4639
1.95,4638
1.95,4637
1.96,4636
1.96,4635
1.96,4634
1.96,4633
1.97,4632
1.97,4631
1.97,4630
1.98,4629
1.99,4628
1.99,4627
2.0,4626
2.0,4625
2.01,4624
2.04,4623
2.04,4622
2.04,4621
2.04,4620
2.05,4619
2.05,4618
2.05,4617
2.05,4616
2.09,4615
2.09,4614
2.09,4613
2.1,4612
2.1,4611
2.1,4610
2.1,4609
2.1,4608
2.11,4607
2.16,4606
2.16,4605
2.17,4604
2.17,4603
2.17,4602
2.17,4601
2.19,4600
2.19,4599
2.25,4598
2.28,4597
2.29,4596
2.29,4595
2.39,4594
2.39,4593
2.4,4592
2.4,4591
2.51,4590
2.56,4589
2.56,4588
2.65,4587
2.66,4586
2.9,4585
2.9,4584
2.91,4583
2.96,4582
3.09,4581
3.09,4580
3.09,4579
3.09,4578
3.1,4577
3.1,4576
3.18,4575
3.18,4574
3.42,4573
3.42,4572
3.55,4571
3.55,4570
3.76,4569
3.82,4568
3.83,4567
4.08,4566
4.22,4565
4.51,4564
4.51,4563
4.52,4562
4.52,4561
4.64,4560
4.64,4559
4.84,4558
4.85,4557
5.28,4556
6.67,4555
6.93,4554
6.93,4553
6.99,4552
11.57,4551
11.98,4550
12.72,4549
13.43,4548
13.44,4547
15.71,4546
17.07,4545
62.44,4544
69.02,4543
189.11,4542
