0.0,5078
0.0,5077
0.0,5076
0.01,5075
0.01,5074
0.01,5073
0.02,5072
0.02,5071
0.03,5070
0.04,5069
0.04,5068
0.05,5067
0.05,5066
0.05,5065
0.06,5064
0.06,5063
0.06,5062
0.08,5061
0.08,5060
0.08,5059
0.08,5058
0.09,5057
0.09,5056
0.09,5055
0.1,5054
0.1,5053
0.11,5052
0.11,5051
0.12,5050
0.12,5049
0.13,5048
0.13,5047
0.13,5046
0.14,5045
0.14,5044
0.14,5043
0.14,5042
0.15,5041
0.15,5040
0.15,5039
0.15,5038
0.16,5037
0.16,5036
0.16,5035
0.17,5034
0.17,5033
0.17,5032
0.18,5031
0.18,5030
0.18,5029
0.18,5028
0.18,5027
0.19,5026
0.19,5025
0.2,5024
0.2,5023
0.2,5022
0.2,5021
0.21,5020
0.21,5019
0.21,5018
0.21,5017
0.21,5016
0.21,5015
0.22,5014
0.22,5013
0.23,5012
0.23,5011
0.23,5010
0.23,5009
0.24,5008
0.24,5007
0.24,5006
0.24,5005
0.25,5004
0.25,5003
0.25,5002
0.25,5001
0.26,5000
0.26,4999
0.26,4998
0.26,4997
0.27,4996
0.27,4995
0.27,4994
0.27,4993
0.28,4992
0.28,4991
0.28,4990
0.29,4989
0.29,4988
0.29,4987
0.29,4986
0.3,4985
0.3,4984
0.3,4983
0.31,4982
0.31,4981
0.31,4980
0.31,4979
0.32,4978
0.32,4977
0.32,4976
0.32,4975
0.33,4974
0.33,4973
0.33,4972
0.34,4971
0.34,4970
0.34,4969
0.35,4968
0.35,4967
0.35,4966
0.35,4965
0.36,4964
0.36,4963
0.36,4962
0.37,4961
0.37,4960
0.37,4959
0.38,4958
0.38,4957
0.38,4956
0.38,4955
0.39,4954
0.39,4953
0.39,4952
0.39,4951
0.39,4950
0.4,4949
0.4,4948
0.4,4947
0.4,4946
0.4,4945
0.41,4944
0.41,4943
0.41,4942
0.41,4941
0.41,4940
0.42,4939
0.42,4938
0.42,4937
0.42,4936
0.43,4935
0.43,4934
0.43,4933
0.43,4932
0.44,4931
0.44,4930
0.44,4929
0.44,4928
0.45,4927
0.45,4926
0.45,4925
0.45,4924
0.46,4923
0.46,4922
0.46,4921
0.46,4920
0.47,4919
0.47,4918
0.47,4917
0.47,4916
0.48,4915
0.48,4914
0.48,4913
0.49,4912
0.49,4911
0.49,4910
0.49,4909
0.5,4908
0.5,4907
0.5,4906
0.5,4905
0.51,4904
0.51,4903
0.51,4902
0.51,4901
0.52,4900
0.52,4899
0.52,4898
0.52,4897
0.53,4896
0.53,4895
0.53,4894
0.54,4893
0.54,4892
0.54,4891
0.54,4890
0.54,4889
0.55,4888
0.55,4887
0.55,4886
0.56,4885
0.56,4884
0.56,4883
0.56,4882
0.57,4881
0.57,4880
0.57,4879
0.57,4878
0.58,4877
0.58,4876
0.58,4875
0.58,4874
0.59,4873
0.59,4872
0.59,4871
0.59,4870
0.6,4869
0.6,4868
0.6,4867
0.6,4866
0.61,4865
0.61,4864
0.61,4863
0.61,4862
0.61,4861
0.62,4860
0.62,4859
0.62,4858
0.62,4857
0.63,4856
0.63,4855
0.63,4854
0.63,4853
0.64,4852
0.64,4851
0.64,4850
0.64,4849
0.65,4848
0.65,4847
0.65,4846
0.65,4845
0.65,4844
0.66,4843
0.66,4842
0.66,4841
0.66,4840
0.67,4839
0.67,4838
0.67,4837
0.68,4836
0.68,4835
0.68,4834
0.68,4833
0.69,4832
0.69,4831
0.69,4830
0.69,4829
0.7,4828
0.7,4827
0.7,4826
0.71,4825
0.71,4824
0.71,4823
0.71,4822
0.71,4821
0.72,4820
0.72,4819
0.72,4818
0.73,4817
0.73,4816
0.73,4815
0.73,4814
0.73,4813
0.74,4812
0.74,4811
0.75,4810
0.75,4809
0.76,4808
0.76,4807
0.76,4806
0.76,4805
0.77,4804
0.77,4803
0.77,4802
0.78,4801
0.78,4800
0.78,4799
0.79,4798
0.79,4797
0.79,4796
0.79,4795
0.8,4794
0.8,4793
0.8,4792
0.81,4791
0.81,4790
0.81,4789
0.81,4788
0.82,4787
0.82,4786
0.82,4785
0.82,4784
0.83,4783
0.83,4782
0.83,4781
0.84,4780
0.84,4779
0.84,4778
0.85,4777
0.85,4776
0.85,4775
0.85,4774
0.85,4773
0.86,4772
0.86,4771
0.86,4770
0.86,4769
0.87,4768
0.87,4767
0.87,4766
0.88,4765
0.88,4764
0.88,4763
0.89,4762
0.89,4761
0.89,4760
0.89,4759
0.89,4758
0.89,4757
0.9,4756
0.9,4755
0.9,4754
0.9,4753
0.9,4752
0.91,4751
0.91,4750
0.92,4749
0.92,4748
0.92,4747
0.93,4746
0.93,4745
0.94,4744
0.94,4743
0.94,4742
0.94,4741
0.94,4740
0.95,4739
0.95,4738
0.95,4737
0.96,4736
0.96,4735
0.97,4734
0.97,4733
0.97,4732
0.97,4731
0.97,4730
0.98,4729
0.98,4728
0.98,4727
0.99,4726
0.99,4725
1.0,4724
1.0,4723
1.0,4722
1.0,4721
1.02,4720
1.03,4719
1.03,4718
1.03,4717
1.04,4716
1.04,4715
1.04,4714
1.05,4713
1.05,4712
1.05,4711
1.06,4710
1.06,4709
1.07,4708
1.07,4707
1.08,4706
1.09,4705
1.11,4704
1.12,4703
1.12,4702
1.12,4701
1.13,4700
1.13,4699
1.13,4698
1.13,4697
1.14,4696
1.16,4695
1.16,4694
1.17,4693
1.17,4692
1.18,4691
1.2,4690
1.2,4689
1.2,4688
1.2,4687
1.21,4686
1.21,4685
1.22,4684
1.22,4683
1.22,4682
1.24,4681
1.25,4680
1.26,4679
1.26,4678
1.26,4677
1.27,4676
1.28,4675
1.29,4674
1.3,4673
1.3,4672
1.3,4671
1.31,4670
1.31,4669
1.31,4668
1.32,4667
1.32,4666
1.32,4665
1.33,4664
1.33,4663
1.35,4662
1.36,4661
1.36,4660
1.36,4659
1.37,4658
1.39,4657
1.4,4656
1.41,4655
1.42,4654
1.43,4653
1.43,4652
1.44,4651
1.44,4650
1.44,4649
1.44,4648
1.44,4647
1.44,4646
1.45,4645
1.45,4644
1.45,4643
1.45,4642
1.45,4641
1.45,4640
1.45,4639
1.46,4638
1.48,4637
1.48,4636
1.49,4635
1.5,4634
1.5,4633
1.5,4632
1.5,4631
1.5,4630
1.51,4629
1.51,4628
1.51,4627
1.51,4626
1.56,4625
1.57,4624
1.62,4623
1.65,4622
1.66,4621
1.67,4620
1.67,4619
1.67,4618
1.67,4617
1.67,4616
1.68,4614
1.68,4613
1.68,4612
1.68,4611
1.68,4610
1.68,4609
1.69,4608
1.69,4607
1.76,4606
1.77,4605
1.81,4604
1.86,4603
1.89,4602
1.9,4601
1.9,4600
1.9,4599
1.9,4598
1.9,4597
1.9,4596
1.91,4595
1.95,4594
1.95,4593
1.95,4592
1.95,4591
1.99,4590
1.99,4589
2.02,4588
2.03,4587
2.03,4586
2.03,4585
2.08,4584
2.09,4583
2.09,4582
2.14,4581
2.25,4580
2.25,4579
2.26,4578
2.5,4577
2.5,4576
2.5,4575
2.59,4574
2.73,4573
2.74,4572
2.74,4571
2.82,4570
2.94,4569
3.12,4568
3.13,4567
3.13,4566
3.32,4565
3.32,4564
3.33,4563
3.44,4562
3.54,4561
3.54,4560
3.54,4559
3.54,4558
3.67,4557
3.72,4556
4.3,4555
4.31,4554
4.31,4553
4.77,4552
6.3,4551
6.3,4550
6.3,4549
6.66,4548
7.83,4547
20.84,4546
26.91,4545
36.26,4544
84.75,4543
