0.0,5078
0.0,5077
0.0,5076
0.01,5075
0.01,5074
0.02,5073
0.02,5072
0.03,5071
0.03,5070
0.03,5069
0.04,5068
0.04,5067
0.04,5066
0.05,5065
0.05,5064
0.05,5063
0.05,5062
0.06,5061
0.06,5060
0.06,5059
0.06,5058
0.07,5057
0.07,5056
0.08,5055
0.08,5054
0.08,5053
0.09,5052
0.09,5051
0.1,5050
0.1,5049
0.1,5048
0.1,5047
0.11,5046
0.11,5045
0.11,5044
0.12,5043
0.12,5042
0.12,5041
0.12,5040
0.12,5039
0.13,5038
0.13,5037
0.13,5036
0.14,5035
0.14,5034
0.15,5033
0.15,5032
0.15,5031
0.16,5030
0.16,5029
0.16,5028
0.17,5027
0.17,5026
0.18,5025
0.18,5024
0.18,5023
0.18,5022
0.18,5021
0.19,5020
0.19,5019
0.19,5018
0.2,5017
0.2,5016
0.21,5015
0.21,5014
0.21,5013
0.21,5012
0.22,5011
0.22,5010
0.23,5009
0.23,5008
0.23,5007
0.23,5006
0.23,5005
0.24,5004
0.24,5003
0.24,5002
0.25,5001
0.25,5000
0.26,4999
0.26,4998
0.26,4997
0.26,4996
0.27,4995
0.28,4994
0.28,4993
0.28,4992
0.28,4991
0.29,4990
0.29,4989
0.29,4988
0.29,4987
0.3,4986
0.3,4985
0.3,4984
0.3,4983
0.3,4982
0.31,4981
0.31,4980
0.31,4979
0.31,4978
0.32,4977
0.32,4976
0.32,4975
0.33,4974
0.33,4973
0.33,4972
0.33,4971
0.33,4970
0.34,4969
0.34,4968
0.35,4967
0.35,4966
0.36,4965
0.36,4964
0.37,4963
0.37,4962
0.37,4961
0.37,4960
0.37,4959
0.38,4958
0.38,4957
0.38,4956
0.39,4955
0.39,4954
0.4,4953
0.4,4952
0.4,4951
0.4,4950
0.41,4949
0.41,4948
0.41,4947
0.41,4946
0.41,4945
0.42,4944
0.42,4943
0.42,4942
0.43,4941
0.43,4940
0.43,4939
0.43,4938
0.44,4937
0.44,4936
0.44,4935
0.45,4934
0.45,4933
0.46,4932
0.46,4931
0.46,4930
0.46,4929
0.47,4928
0.47,4927
0.47,4926
0.47,4925
0.48,4924
0.48,4923
0.48,4922
0.48,4921
0.49,4920
0.49,4919
0.49,4918
0.5,4917
0.5,4916
0.5,4915
0.5,4914
0.5,4913
0.5,4912
0.51,4911
0.51,4910
0.52,4909
0.52,4908
0.52,4907
0.53,4906
0.53,4905
0.53,4904
0.54,4903
0.54,4902
0.54,4901
0.54,4900
0.54,4899
0.55,4898
0.55,4897
0.55,4896
0.56,4895
0.56,4894
0.56,4893
0.57,4892
0.57,4891
0.57,4890
0.57,4889
0.57,4888
0.57,4887
0.58,4886
0.58,4885
0.58,4884
0.58,4883
0.58,4882
0.59,4881
0.59,4880
0.59,4879
0.59,4878
0.6,4877
0.6,4876
0.6,4875
0.6,4874
0.61,4873
0.61,4872
0.61,4871
0.61,4870
0.62,4869
0.62,4868
0.62,4867
0.63,4866
0.63,4865
0.63,4864
0.64,4863
0.64,4862
0.64,4861
0.64,4860
0.64,4859
0.64,4858
0.65,4857
0.65,4856
0.66,4855
0.66,4854
0.66,4853
0.66,4851
0.66,4850
0.67,4849
0.67,4848
0.67,4847
0.67,4846
0.67,4845
0.68,4844
0.68,4843
0.68,4842
0.68,4841
0.69,4840
0.69,4839
0.69,4838
0.69,4837
0.7,4836
0.7,4835
0.7,4834
0.71,4833
0.71,4832
0.71,4831
0.71,4830
0.72,4829
0.72,4828
0.72,4826
0.72,4825
0.72,4824
0.73,4823
0.73,4822
0.73,4821
0.74,4820
0.74,4819
0.74,4818
0.74,4817
0.74,4816
0.75,4815
0.75,4814
0.75,4813
0.76,4812
0.76,4811
0.76,4810
0.77,4809
0.77,4808
0.77,4807
0.77,4806
0.78,4805
0.78,4804
0.78,4803
0.78,4802
0.78,4801
0.79,4800
0.79,4799
0.79,4798
0.8,4797
0.8,4796
0.8,4795
0.8,4794
0.8,4793
0.81,4792
0.81,4791
0.81,4790
0.82,4789
0.82,4788
0.82,4787
0.83,4786
0.83,4785
0.83,4784
0.83,4783
0.84,4782
0.84,4781
0.84,4780
0.84,4779
0.84,4778
0.85,4777
0.85,4776
0.85,4775
0.85,4774
0.86,4773
0.86,4772
0.86,4771
0.86,4770
0.87,4769
0.87,4768
0.88,4767
0.88,4766
0.88,4765
0.89,4764
0.89,4763
0.89,4762
0.89,4761
0.9,4760
0.9,4759
0.9,4758
0.91,4757
0.91,4756
0.91,4755
0.91,4754
0.92,4753
0.92,4752
0.92,4751
0.92,4750
0.93,4749
0.93,4748
0.94,4747
0.94,4746
0.94,4745
0.95,4744
0.96,4743
0.96,4742
0.96,4741
0.96,4740
0.97,4739
0.97,4738
0.97,4737
0.97,4736
0.97,4735
0.99,4734
0.99,4733
0.99,4732
0.99,4731
1.0,4730
1.0,4729
1.01,4728
1.01,4727
1.02,4726
1.03,4725
1.03,4724
1.04,4723
1.04,4722
1.05,4721
1.05,4720
1.05,4719
1.05,4718
1.06,4717
1.06,4716
1.07,4715
1.07,4714
1.08,4713
1.09,4712
1.1,4711
1.1,4710
1.1,4709
1.11,4708
1.11,4707
1.12,4706
1.12,4705
1.13,4704
1.13,4703
1.13,4702
1.13,4701
1.13,4700
1.14,4699
1.14,4698
1.15,4697
1.15,4696
1.15,4695
1.16,4694
1.17,4693
1.19,4692
1.19,4691
1.2,4690
1.2,4689
1.21,4688
1.21,4687
1.21,4686
1.21,4685
1.22,4684
1.23,4683
1.24,4682
1.25,4681
1.25,4680
1.25,4679
1.26,4678
1.26,4677
1.26,4676
1.27,4675
1.28,4674
1.28,4673
1.29,4672
1.29,4671
1.3,4670
1.31,4669
1.32,4668
1.32,4667
1.32,4666
1.32,4665
1.33,4664
1.33,4663
1.33,4662
1.34,4661
1.34,4660
1.36,4659
1.37,4658
1.37,4657
1.38,4656
1.4,4655
1.4,4654
1.4,4653
1.41,4652
1.42,4651
1.43,4650
1.43,4649
1.44,4648
1.44,4647
1.46,4646
1.48,4645
1.49,4644
1.5,4643
1.5,4642
1.5,4641
1.51,4640
1.52,4639
1.52,4638
1.52,4637
1.52,4636
1.52,4635
1.52,4634
1.53,4633
1.53,4632
1.53,4631
1.53,4630
1.53,4629
1.53,4628
1.54,4627
1.6,4626
1.6,4625
1.6,4624
1.61,4623
1.61,4622
1.61,4621
1.61,4620
1.61,4619
1.64,4618
1.64,4617
1.64,4616
1.64,4615
1.64,4614
1.65,4613
1.65,4612
1.67,4611
1.73,4610
1.74,4609
1.77,4608
1.78,4607
1.82,4606
1.87,4605
1.87,4604
1.93,4603
1.94,4602
1.94,4601
1.98,4600
1.99,4599
1.99,4598
1.99,4597
2.08,4596
2.08,4595
2.08,4594
2.09,4593
2.2,4592
2.29,4591
2.29,4590
2.29,4589
2.3,4588
2.3,4587
2.3,4586
2.58,4585
2.58,4584
2.58,4583
2.58,4582
2.59,4581
2.6,4580
2.69,4579
2.69,4578
2.69,4577
2.76,4576
2.77,4575
2.77,4574
2.88,4573
2.88,4572
2.89,4571
2.94,4570
3.07,4569
3.1,4568
3.1,4567
3.25,4566
3.53,4565
3.77,4564
3.77,4563
3.77,4562
3.86,4561
3.86,4560
3.96,4559
4.13,4558
4.32,4557
4.32,4556
4.53,4555
5.08,4554
5.34,4553
5.64,4552
6.51,4551
7.38,4550
8.26,4549
8.67,4548
15.73,4547
18.17,4546
21.11,4545
47.56,4544
261.65,4543
