0.0,5078
0.01,5077
0.02,5076
0.02,5075
0.03,5074
0.03,5073
0.04,5072
0.04,5071
0.04,5070
0.04,5069
0.05,5068
0.05,5067
0.05,5066
0.06,5065
0.06,5064
0.07,5063
0.07,5062
0.08,5061
0.08,5060
0.08,5059
0.08,5058
0.09,5057
0.09,5056
0.1,5055
0.1,5054
0.1,5053
0.11,5052
0.11,5051
0.11,5050
0.11,5049
0.12,5048
0.12,5046
0.12,5045
0.12,5044
0.13,5043
0.13,5042
0.13,5041
0.13,5040
0.13,5039
0.14,5037
0.14,5036
0.14,5035
0.14,5034
0.15,5033
0.15,5032
0.15,5031
0.15,5030
0.15,5029
0.16,5028
0.16,5027
0.17,5026
0.17,5025
0.18,5024
0.18,5023
0.18,5022
0.19,5021
0.19,5020
0.19,5019
0.19,5018
0.2,5017
0.2,5016
0.21,5015
0.21,5014
0.21,5013
0.22,5012
0.22,5011
0.22,5010
0.23,5009
0.23,5008
0.23,5007
0.23,5006
0.24,5005
0.24,5004
0.24,5003
0.24,5002
0.25,5001
0.25,5000
0.26,4999
0.26,4998
0.26,4997
0.26,4996
0.26,4995
0.27,4994
0.27,4993
0.27,4992
0.28,4991
0.28,4990
0.28,4989
0.28,4988
0.29,4987
0.29,4986
0.3,4985
0.3,4984
0.3,4983
0.3,4982
0.3,4981
0.31,4980
0.31,4979
0.31,4978
0.31,4977
0.31,4976
0.32,4975
0.33,4974
0.33,4973
0.33,4972
0.33,4971
0.34,4970
0.34,4969
0.34,4967
0.35,4966
0.35,4965
0.35,4964
0.35,4963
0.35,4962
0.36,4961
0.36,4960
0.36,4959
0.36,4958
0.37,4957
0.37,4956
0.37,4955
0.38,4954
0.38,4953
0.38,4952
0.38,4951
0.39,4950
0.39,4949
0.39,4948
0.39,4947
0.4,4946
0.4,4945
0.4,4944
0.4,4943
0.4,4942
0.41,4941
0.41,4940
0.42,4939
0.42,4938
0.42,4937
0.42,4936
0.43,4935
0.43,4934
0.43,4933
0.43,4932
0.43,4931
0.44,4930
0.44,4929
0.44,4928
0.45,4927
0.45,4926
0.45,4925
0.45,4924
0.45,4923
0.45,4922
0.46,4921
0.46,4920
0.46,4919
0.46,4918
0.47,4917
0.47,4916
0.47,4915
0.48,4914
0.48,4913
0.48,4912
0.48,4911
0.49,4910
0.49,4909
0.49,4908
0.49,4907
0.49,4906
0.5,4905
0.5,4904
0.5,4903
0.5,4902
0.51,4901
0.51,4900
0.51,4899
0.51,4898
0.52,4897
0.52,4896
0.53,4895
0.53,4894
0.53,4893
0.53,4892
0.53,4890
0.54,4889
0.54,4888
0.54,4886
0.55,4885
0.55,4884
0.56,4883
0.56,4882
0.56,4881
0.56,4880
0.56,4879
0.57,4878
0.57,4877
0.57,4876
0.57,4875
0.57,4874
0.57,4873
0.58,4872
0.58,4871
0.59,4870
0.59,4869
0.59,4868
0.59,4867
0.59,4866
0.59,4865
0.6,4864
0.6,4863
0.6,4862
0.6,4861
0.61,4860
0.61,4859
0.62,4858
0.62,4857
0.62,4856
0.63,4855
0.63,4854
0.63,4853
0.64,4852
0.64,4851
0.64,4850
0.64,4849
0.65,4848
0.65,4847
0.65,4846
0.65,4845
0.66,4844
0.66,4843
0.66,4842
0.67,4841
0.67,4840
0.67,4839
0.67,4838
0.67,4837
0.68,4836
0.68,4835
0.68,4834
0.69,4833
0.69,4832
0.69,4831
0.69,4830
0.7,4829
0.7,4828
0.7,4827
0.7,4826
0.7,4825
0.71,4824
0.71,4823
0.71,4822
0.72,4821
0.72,4820
0.72,4819
0.72,4818
0.72,4817
0.73,4816
0.73,4815
0.73,4814
0.73,4813
0.73,4812
0.74,4811
0.74,4810
0.74,4809
0.74,4808
0.75,4807
0.75,4806
0.75,4805
0.75,4804
0.76,4803
0.76,4802
0.76,4801
0.76,4800
0.77,4799
0.77,4798
0.77,4797
0.77,4796
0.78,4795
0.78,4794
0.78,4793
0.78,4792
0.78,4791
0.79,4790
0.79,4789
0.8,4788
0.8,4787
0.8,4786
0.8,4785
0.8,4784
0.8,4783
0.81,4782
0.81,4781
0.81,4780
0.82,4779
0.82,4778
0.82,4777
0.82,4776
0.83,4775
0.83,4774
0.83,4773
0.84,4772
0.84,4771
0.85,4770
0.85,4769
0.85,4768
0.85,4767
0.86,4766
0.86,4765
0.86,4764
0.87,4763
0.87,4762
0.87,4761
0.87,4760
0.88,4759
0.88,4758
0.88,4757
0.89,4756
0.89,4755
0.9,4754
0.9,4753
0.91,4752
0.92,4751
0.92,4750
0.92,4749
0.92,4748
0.93,4747
0.93,4746
0.93,4745
0.94,4744
0.94,4743
0.94,4742
0.95,4741
0.95,4740
0.95,4739
0.95,4738
0.95,4737
0.96,4736
0.97,4735
0.98,4734
0.98,4733
0.98,4732
0.99,4731
0.99,4730
0.99,4729
0.99,4728
0.99,4727
1.0,4726
1.0,4725
1.01,4724
1.02,4723
1.03,4722
1.03,4721
1.04,4720
1.04,4719
1.05,4718
1.05,4717
1.06,4716
1.06,4715
1.07,4714
1.07,4713
1.07,4712
1.08,4711
1.08,4710
1.08,4709
1.08,4708
1.09,4707
1.09,4706
1.09,4705
1.1,4704
1.1,4703
1.1,4702
1.1,4701
1.11,4700
1.11,4699
1.12,4698
1.12,4697
1.12,4696
1.12,4695
1.13,4694
1.13,4693
1.14,4692
1.14,4691
1.15,4690
1.15,4689
1.15,4688
1.16,4687
1.16,4686
1.16,4685
1.18,4684
1.18,4683
1.18,4682
1.19,4681
1.19,4680
1.2,4679
1.2,4678
1.21,4677
1.21,4676
1.22,4675
1.23,4674
1.23,4673
1.24,4672
1.24,4671
1.25,4670
1.25,4669
1.25,4668
1.27,4667
1.27,4666
1.28,4665
1.28,4664
1.28,4663
1.29,4662
1.3,4661
1.3,4660
1.31,4659
1.32,4658
1.32,4657
1.32,4656
1.34,4655
1.34,4654
1.34,4653
1.35,4652
1.35,4651
1.37,4650
1.38,4649
1.4,4648
1.4,4647
1.41,4646
1.41,4645
1.41,4644
1.43,4643
1.44,4642
1.45,4641
1.46,4640
1.48,4639
1.48,4638
1.49,4637
1.5,4636
1.5,4635
1.51,4634
1.51,4633
1.53,4632
1.53,4631
1.53,4630
1.53,4629
1.54,4628
1.54,4627
1.54,4626
1.54,4625
1.54,4624
1.54,4623
1.54,4622
1.55,4621
1.55,4620
1.6,4619
1.6,4618
1.6,4617
1.6,4616
1.61,4615
1.65,4614
1.66,4613
1.66,4612
1.66,4611
1.7,4610
1.74,4609
1.75,4608
1.75,4607
1.76,4606
1.76,4605
1.77,4604
1.79,4603
1.79,4602
1.88,4601
1.88,4600
1.92,4599
1.93,4598
1.93,4597
1.93,4596
1.93,4594
1.93,4593
1.95,4592
1.98,4591
2.01,4590
2.01,4589
2.13,4588
2.14,4587
2.14,4586
2.14,4585
2.14,4584
2.14,4583
2.2,4582
2.2,4581
2.2,4580
2.3,4579
2.3,4578
2.41,4577
2.54,4576
2.54,4575
2.54,4574
2.55,4573
2.55,4572
2.75,4571
2.9,4570
2.91,4569
2.97,4568
2.97,4567
2.98,4566
3.29,4565
3.29,4564
3.36,4563
3.6,4562
3.6,4561
3.81,4560
3.91,4559
4.14,4558
4.15,4557
4.64,4556
5.29,4555
5.82,4554
5.92,4553
6.15,4552
6.15,4551
7.04,4550
7.83,4549
9.51,4548
10.07,4547
10.92,4546
26.29,4545
56.3,4544
69.79,4543
338.77,4542
