0.0,5078
0.01,5077
0.01,5076
0.01,5075
0.02,5074
0.03,5073
0.03,5072
0.03,5071
0.04,5070
0.04,5069
0.04,5068
0.04,5067
0.05,5066
0.05,5065
0.06,5064
0.06,5063
0.07,5062
0.07,5061
0.07,5060
0.07,5059
0.08,5058
0.08,5057
0.08,5056
0.08,5055
0.08,5054
0.09,5053
0.09,5052
0.1,5051
0.1,5050
0.1,5049
0.11,5048
0.11,5047
0.12,5046
0.12,5045
0.12,5044
0.13,5043
0.13,5042
0.13,5041
0.14,5040
0.14,5039
0.14,5038
0.15,5037
0.15,5036
0.15,5035
0.15,5034
0.16,5033
0.16,5032
0.16,5031
0.17,5030
0.17,5029
0.17,5028
0.18,5027
0.18,5026
0.18,5025
0.19,5024
0.2,5023
0.2,5022
0.2,5021
0.2,5020
0.21,5019
0.21,5018
0.21,5017
0.21,5016
0.22,5015
0.22,5014
0.22,5013
0.22,5012
0.23,5011
0.23,5010
0.23,5009
0.24,5008
0.24,5007
0.24,5006
0.24,5005
0.25,5004
0.25,5003
0.26,5002
0.26,5001
0.26,4999
0.26,4998
0.27,4997
0.27,4996
0.27,4995
0.27,4994
0.27,4993
0.28,4992
0.28,4991
0.28,4990
0.28,4989
0.29,4988
0.29,4987
0.29,4986
0.29,4985
0.29,4984
0.3,4983
0.3,4982
0.3,4981
0.31,4980
0.31,4979
0.31,4978
0.32,4977
0.32,4976
0.33,4975
0.33,4974
0.33,4973
0.33,4972
0.34,4971
0.34,4969
0.34,4968
0.35,4967
0.35,4966
0.35,4965
0.36,4964
0.36,4963
0.36,4962
0.36,4961
0.37,4960
0.37,4959
0.37,4958
0.37,4957
0.38,4956
0.38,4955
0.38,4954
0.39,4953
0.39,4952
0.39,4951
0.39,4950
0.39,4949
0.4,4948
0.4,4947
0.4,4946
0.4,4945
0.41,4944
0.41,4943
0.41,4942
0.42,4941
0.42,4940
0.42,4939
0.42,4938
0.43,4937
0.43,4936
0.43,4935
0.43,4934
0.44,4933
0.44,4932
0.45,4931
0.45,4930
0.45,4928
0.45,4927
0.46,4926
0.46,4925
0.46,4924
0.47,4923
0.47,4922
0.47,4921
0.47,4920
0.47,4919
0.48,4918
0.48,4917
0.48,4916
0.49,4915
0.49,4914
0.5,4913
0.5,4912
0.5,4911
0.5,4910
0.51,4909
0.51,4908
0.51,4907
0.52,4906
0.52,4905
0.52,4903
0.52,4902
0.53,4901
0.53,4900
0.53,4899
0.53,4898
0.54,4897
0.54,4896
0.54,4895
0.55,4894
0.55,4893
0.55,4892
0.55,4891
0.56,4890
0.56,4889
0.56,4888
0.56,4887
0.57,4886
0.57,4885
0.57,4884
0.57,4883
0.57,4882
0.58,4881
0.58,4880
0.58,4879
0.59,4878
0.59,4877
0.59,4876
0.59,4875
0.6,4874
0.6,4873
0.6,4872
0.6,4871
0.6,4870
0.61,4869
0.61,4868
0.61,4867
0.61,4866
0.62,4865
0.62,4864
0.62,4863
0.62,4862
0.63,4861
0.63,4860
0.63,4859
0.63,4858
0.63,4857
0.64,4856
0.64,4855
0.64,4854
0.64,4853
0.65,4852
0.65,4851
0.65,4850
0.65,4849
0.66,4848
0.66,4847
0.66,4846
0.66,4844
0.66,4843
0.67,4842
0.67,4841
0.67,4840
0.68,4839
0.68,4838
0.68,4837
0.68,4836
0.69,4835
0.69,4834
0.69,4833
0.69,4832
0.69,4831
0.7,4830
0.7,4829
0.7,4828
0.7,4827
0.71,4826
0.71,4825
0.71,4824
0.72,4823
0.72,4822
0.73,4821
0.73,4820
0.73,4819
0.73,4818
0.73,4817
0.74,4816
0.74,4815
0.74,4814
0.74,4813
0.75,4812
0.75,4811
0.75,4810
0.75,4809
0.76,4808
0.76,4807
0.76,4806
0.76,4805
0.76,4804
0.77,4803
0.77,4802
0.77,4801
0.78,4800
0.78,4799
0.78,4798
0.79,4797
0.79,4796
0.79,4795
0.79,4794
0.8,4793
0.8,4792
0.81,4791
0.81,4790
0.81,4789
0.81,4788
0.82,4787
0.82,4786
0.82,4785
0.82,4784
0.82,4783
0.83,4782
0.83,4781
0.83,4780
0.83,4779
0.84,4778
0.84,4777
0.84,4776
0.84,4775
0.85,4774
0.85,4773
0.85,4772
0.85,4771
0.86,4770
0.86,4769
0.86,4768
0.87,4767
0.87,4766
0.87,4765
0.88,4764
0.88,4763
0.88,4762
0.89,4761
0.89,4760
0.89,4759
0.89,4757
0.89,4756
0.9,4755
0.9,4754
0.9,4753
0.9,4752
0.91,4751
0.91,4750
0.91,4749
0.91,4748
0.91,4747
0.92,4746
0.92,4745
0.93,4744
0.93,4743
0.93,4742
0.94,4741
0.94,4740
0.94,4739
0.94,4738
0.95,4737
0.95,4736
0.96,4735
0.96,4734
0.97,4733
0.97,4732
0.97,4731
0.97,4730
0.98,4729
0.98,4728
0.98,4727
0.99,4726
0.99,4725
0.99,4724
1.0,4723
1.0,4722
1.0,4721
1.01,4720
1.01,4719
1.01,4718
1.02,4717
1.02,4716
1.03,4715
1.03,4714
1.03,4713
1.04,4712
1.04,4711
1.05,4710
1.05,4709
1.05,4708
1.05,4707
1.06,4706
1.06,4705
1.07,4704
1.08,4703
1.08,4702
1.09,4701
1.09,4700
1.1,4699
1.1,4698
1.1,4697
1.11,4696
1.12,4695
1.13,4694
1.14,4693
1.14,4692
1.15,4691
1.15,4690
1.15,4689
1.16,4688
1.17,4687
1.17,4686
1.18,4685
1.19,4684
1.19,4683
1.19,4682
1.2,4681
1.2,4680
1.21,4679
1.21,4678
1.21,4677
1.21,4676
1.22,4675
1.23,4674
1.25,4673
1.25,4672
1.25,4671
1.25,4670
1.26,4669
1.27,4668
1.27,4667
1.28,4666
1.28,4665
1.28,4664
1.29,4663
1.29,4662
1.31,4661
1.31,4660
1.32,4659
1.32,4658
1.32,4657
1.33,4656
1.33,4655
1.34,4654
1.34,4653
1.35,4652
1.36,4651
1.36,4650
1.36,4649
1.38,4648
1.39,4647
1.39,4646
1.4,4645
1.41,4644
1.42,4643
1.42,4642
1.43,4641
1.45,4640
1.45,4639
1.45,4638
1.46,4637
1.46,4636
1.46,4635
1.47,4634
1.48,4633
1.49,4632
1.49,4631
1.49,4630
1.49,4629
1.49,4628
1.49,4627
1.5,4626
1.5,4625
1.5,4624
1.5,4623
1.5,4622
1.5,4621
1.51,4620
1.51,4619
1.51,4618
1.51,4617
1.51,4616
1.51,4615
1.52,4614
1.52,4613
1.57,4612
1.62,4611
1.63,4610
1.65,4609
1.66,4608
1.66,4607
1.66,4606
1.66,4605
1.69,4604
1.69,4603
1.74,4602
1.75,4601
1.82,4600
1.82,4599
1.84,4598
1.84,4596
1.84,4595
1.85,4594
1.91,4593
2.04,4592
2.04,4591
2.05,4590
2.05,4589
2.05,4588
2.05,4587
2.05,4586
2.05,4585
2.1,4584
2.13,4583
2.14,4582
2.14,4581
2.23,4580
2.33,4579
2.33,4578
2.53,4577
2.59,4576
2.59,4575
2.77,4574
2.77,4573
2.77,4572
2.77,4571
3.08,4570
3.08,4569
3.08,4568
3.08,4567
3.16,4566
3.17,4565
3.17,4564
3.17,4563
3.17,4562
3.29,4561
3.29,4560
3.49,4559
3.49,4558
3.67,4557
3.67,4556
3.81,4555
4.72,4554
4.93,4553
5.02,4552
6.15,4551
6.15,4550
6.16,4549
6.51,4548
7.2,4547
8.2,4546
16.9,4545
17.47,4544
95.57,4543
162.21,4542
