0.0,5078
0.01,5077
0.01,5076
0.02,5075
0.02,5074
0.03,5073
0.03,5072
0.03,5071
0.04,5070
0.04,5069
0.04,5068
0.05,5067
0.05,5066
0.05,5065
0.05,5064
0.06,5063
0.06,5062
0.06,5061
0.07,5060
0.08,5059
0.08,5058
0.08,5057
0.08,5056
0.08,5055
0.09,5054
0.09,5053
0.09,5052
0.09,5051
0.1,5050
0.1,5049
0.1,5048
0.1,5047
0.11,5046
0.11,5045
0.11,5044
0.12,5043
0.12,5042
0.12,5041
0.12,5040
0.13,5039
0.13,5038
0.13,5037
0.13,5036
0.14,5035
0.14,5034
0.14,5033
0.15,5032
0.15,5031
0.15,5030
0.15,5029
0.16,5028
0.16,5027
0.16,5026
0.16,5025
0.16,5024
0.17,5023
0.17,5022
0.17,5021
0.18,5020
0.18,5019
0.18,5018
0.18,5017
0.19,5016
0.19,5015
0.19,5014
0.2,5013
0.2,5012
0.2,5011
0.21,5010
0.22,5009
0.22,5008
0.22,5007
0.23,5006
0.23,5005
0.23,5004
0.23,5003
0.24,5002
0.24,5001
0.24,5000
0.25,4999
0.25,4998
0.25,4997
0.25,4996
0.26,4995
0.26,4994
0.26,4993
0.27,4992
0.27,4991
0.27,4990
0.28,4989
0.28,4988
0.29,4987
0.29,4986
0.29,4985
0.29,4984
0.3,4983
0.3,4982
0.3,4981
0.3,4980
0.3,4979
0.31,4978
0.31,4977
0.31,4976
0.32,4975
0.32,4974
0.32,4973
0.32,4972
0.33,4971
0.33,4970
0.33,4969
0.33,4968
0.34,4967
0.34,4966
0.34,4965
0.35,4964
0.35,4963
0.35,4962
0.36,4961
0.36,4960
0.36,4959
0.36,4958
0.37,4957
0.37,4956
0.37,4955
0.37,4954
0.38,4953
0.38,4952
0.38,4951
0.38,4950
0.38,4949
0.39,4948
0.39,4947
0.39,4946
0.39,4945
0.4,4944
0.4,4943
0.41,4942
0.41,4941
0.41,4940
0.41,4939
0.42,4938
0.42,4936
0.42,4935
0.42,4934
0.42,4933
0.43,4932
0.43,4931
0.43,4930
0.43,4929
0.44,4928
0.44,4927
0.44,4926
0.44,4925
0.45,4924
0.45,4923
0.45,4922
0.45,4921
0.45,4920
0.46,4919
0.46,4918
0.46,4917
0.47,4916
0.47,4915
0.48,4914
0.48,4913
0.49,4912
0.49,4911
0.49,4910
0.49,4909
0.5,4908
0.5,4906
0.5,4905
0.5,4904
0.5,4903
0.5,4902
0.51,4901
0.51,4900
0.51,4899
0.52,4898
0.52,4897
0.52,4896
0.53,4895
0.53,4894
0.53,4893
0.53,4892
0.53,4891
0.54,4890
0.54,4889
0.54,4888
0.55,4887
0.55,4886
0.55,4885
0.55,4884
0.56,4883
0.56,4882
0.56,4881
0.56,4880
0.57,4879
0.57,4878
0.57,4877
0.58,4876
0.58,4875
0.58,4874
0.58,4873
0.59,4872
0.59,4871
0.59,4870
0.59,4869
0.59,4868
0.6,4867
0.6,4866
0.6,4865
0.6,4864
0.61,4863
0.61,4862
0.61,4861
0.61,4860
0.62,4859
0.62,4858
0.62,4857
0.62,4856
0.63,4855
0.63,4854
0.63,4853
0.63,4852
0.64,4851
0.64,4850
0.64,4849
0.64,4848
0.64,4847
0.65,4846
0.65,4845
0.65,4844
0.65,4843
0.65,4842
0.66,4841
0.66,4840
0.66,4839
0.66,4838
0.66,4837
0.67,4836
0.67,4835
0.67,4834
0.68,4833
0.69,4832
0.69,4831
0.69,4830
0.69,4829
0.69,4828
0.69,4827
0.7,4826
0.7,4825
0.7,4824
0.7,4823
0.7,4822
0.71,4821
0.71,4820
0.71,4819
0.71,4818
0.72,4817
0.72,4816
0.72,4815
0.72,4814
0.72,4813
0.73,4812
0.73,4811
0.73,4810
0.74,4809
0.74,4808
0.75,4807
0.75,4806
0.75,4805
0.76,4804
0.76,4803
0.76,4802
0.77,4801
0.77,4800
0.77,4799
0.78,4798
0.78,4797
0.79,4796
0.79,4795
0.79,4794
0.79,4793
0.8,4792
0.8,4791
0.8,4790
0.8,4789
0.8,4788
0.81,4787
0.81,4786
0.81,4785
0.81,4784
0.82,4783
0.82,4782
0.82,4781
0.83,4780
0.84,4779
0.84,4778
0.85,4777
0.85,4776
0.85,4775
0.86,4774
0.86,4773
0.86,4772
0.87,4771
0.88,4770
0.88,4769
0.88,4768
0.89,4767
0.89,4766
0.89,4765
0.89,4764
0.89,4763
0.9,4762
0.9,4761
0.9,4760
0.9,4759
0.9,4758
0.91,4757
0.91,4756
0.91,4755
0.91,4754
0.91,4753
0.92,4752
0.92,4751
0.93,4750
0.93,4749
0.93,4748
0.94,4747
0.94,4746
0.95,4745
0.95,4744
0.95,4743
0.95,4742
0.96,4741
0.96,4740
0.96,4739
0.97,4738
0.97,4737
0.97,4736
0.98,4735
0.98,4734
0.99,4733
0.99,4732
0.99,4731
1.0,4730
1.0,4729
1.0,4728
1.0,4727
1.0,4726
1.02,4725
1.02,4724
1.02,4723
1.03,4722
1.03,4721
1.03,4720
1.03,4719
1.04,4718
1.04,4717
1.04,4716
1.04,4715
1.05,4714
1.06,4713
1.06,4712
1.06,4711
1.06,4710
1.07,4709
1.07,4708
1.08,4707
1.08,4706
1.09,4705
1.09,4704
1.09,4703
1.1,4702
1.11,4701
1.11,4700
1.12,4699
1.12,4698
1.12,4697
1.13,4696
1.13,4695
1.13,4694
1.14,4693
1.14,4692
1.15,4691
1.15,4690
1.16,4689
1.16,4688
1.17,4687
1.17,4686
1.17,4685
1.18,4684
1.18,4683
1.19,4682
1.2,4681
1.2,4680
1.21,4679
1.21,4678
1.21,4677
1.22,4676
1.23,4675
1.23,4674
1.24,4673
1.25,4672
1.25,4671
1.26,4670
1.26,4669
1.27,4668
1.27,4667
1.28,4666
1.29,4665
1.29,4664
1.3,4663
1.3,4662
1.3,4661
1.31,4660
1.31,4659
1.31,4658
1.32,4657
1.32,4656
1.32,4655
1.33,4654
1.34,4653
1.34,4652
1.36,4651
1.38,4650
1.39,4649
1.39,4648
1.4,4647
1.41,4646
1.41,4645
1.42,4644
1.43,4643
1.43,4642
1.45,4641
1.45,4640
1.45,4639
1.45,4638
1.45,4637
1.45,4636
1.45,4635
1.46,4634
1.46,4633
1.46,4632
1.46,4631
1.46,4630
1.46,4629
1.47,4628
1.47,4627
1.5,4626
1.53,4625
1.54,4624
1.54,4623
1.55,4622
1.55,4621
1.55,4620
1.55,4619
1.55,4618
1.56,4617
1.59,4616
1.65,4615
1.68,4614
1.69,4613
1.7,4612
1.72,4611
1.73,4610
1.76,4609
1.78,4608
1.79,4607
1.79,4606
1.8,4605
1.81,4604
1.81,4603
1.82,4602
1.82,4601
1.82,4600
1.82,4599
1.82,4598
1.92,4597
1.96,4596
1.98,4595
1.99,4594
2.0,4593
2.01,4592
2.01,4591
2.01,4590
2.01,4589
2.01,4588
2.15,4587
2.15,4586
2.15,4585
2.15,4584
2.24,4583
2.24,4582
2.25,4581
2.27,4580
2.32,4579
2.32,4578
2.33,4577
2.33,4576
2.33,4575
2.44,4574
2.44,4573
2.44,4572
2.44,4571
2.51,4570
2.52,4569
2.74,4568
2.88,4567
2.88,4566
2.89,4565
2.9,4564
2.9,4563
2.97,4562
3.11,4561
3.11,4560
3.71,4559
3.72,4558
4.11,4557
5.11,4556
5.58,4555
5.79,4554
5.87,4553
5.91,4552
7.67,4551
10.86,4550
11.03,4549
11.78,4548
15.16,4547
20.56,4546
25.29,4545
54.47,4544
162.13,4543
383.67,4542
